ARM GAS  C:\Users\RodrigWi\AppData\Local\Temp\ccPB2mPh.s 			page 1


   1              		.cpu cortex-m4
   2              		.eabi_attribute 27, 1
   3              		.eabi_attribute 28, 1
   4              		.eabi_attribute 20, 1
   5              		.eabi_attribute 21, 1
   6              		.eabi_attribute 23, 3
   7              		.eabi_attribute 24, 1
   8              		.eabi_attribute 25, 1
   9              		.eabi_attribute 26, 1
  10              		.eabi_attribute 30, 1
  11              		.eabi_attribute 34, 1
  12              		.eabi_attribute 18, 4
  13              		.file	"glcdfont.c"
  14              		.text
  15              	.Ltext0:
  16              		.cfi_sections	.debug_frame
  17              		.global	font
  18              		.section	.data.font,"aw",%progbits
  19              		.align	2
  22              	font:
  23 0000 00       		.byte	0
  24 0001 00       		.byte	0
  25 0002 00       		.byte	0
  26 0003 00       		.byte	0
  27 0004 00       		.byte	0
  28 0005 3E       		.byte	62
  29 0006 5B       		.byte	91
  30 0007 4F       		.byte	79
  31 0008 5B       		.byte	91
  32 0009 3E       		.byte	62
  33 000a 3E       		.byte	62
  34 000b 6B       		.byte	107
  35 000c 4F       		.byte	79
  36 000d 6B       		.byte	107
  37 000e 3E       		.byte	62
  38 000f 1C       		.byte	28
  39 0010 3E       		.byte	62
  40 0011 7C       		.byte	124
  41 0012 3E       		.byte	62
  42 0013 1C       		.byte	28
  43 0014 18       		.byte	24
  44 0015 3C       		.byte	60
  45 0016 7E       		.byte	126
  46 0017 3C       		.byte	60
  47 0018 18       		.byte	24
  48 0019 1C       		.byte	28
  49 001a 57       		.byte	87
  50 001b 7D       		.byte	125
  51 001c 57       		.byte	87
  52 001d 1C       		.byte	28
  53 001e 1C       		.byte	28
  54 001f 5E       		.byte	94
  55 0020 7F       		.byte	127
  56 0021 5E       		.byte	94
  57 0022 1C       		.byte	28
  58 0023 00       		.byte	0
  59 0024 18       		.byte	24
ARM GAS  C:\Users\RodrigWi\AppData\Local\Temp\ccPB2mPh.s 			page 2


  60 0025 3C       		.byte	60
  61 0026 18       		.byte	24
  62 0027 00       		.byte	0
  63 0028 FF       		.byte	-1
  64 0029 E7       		.byte	-25
  65 002a C3       		.byte	-61
  66 002b E7       		.byte	-25
  67 002c FF       		.byte	-1
  68 002d 00       		.byte	0
  69 002e 18       		.byte	24
  70 002f 24       		.byte	36
  71 0030 18       		.byte	24
  72 0031 00       		.byte	0
  73 0032 FF       		.byte	-1
  74 0033 E7       		.byte	-25
  75 0034 DB       		.byte	-37
  76 0035 E7       		.byte	-25
  77 0036 FF       		.byte	-1
  78 0037 30       		.byte	48
  79 0038 48       		.byte	72
  80 0039 3A       		.byte	58
  81 003a 06       		.byte	6
  82 003b 0E       		.byte	14
  83 003c 26       		.byte	38
  84 003d 29       		.byte	41
  85 003e 79       		.byte	121
  86 003f 29       		.byte	41
  87 0040 26       		.byte	38
  88 0041 40       		.byte	64
  89 0042 7F       		.byte	127
  90 0043 05       		.byte	5
  91 0044 05       		.byte	5
  92 0045 07       		.byte	7
  93 0046 40       		.byte	64
  94 0047 7F       		.byte	127
  95 0048 05       		.byte	5
  96 0049 25       		.byte	37
  97 004a 3F       		.byte	63
  98 004b 5A       		.byte	90
  99 004c 3C       		.byte	60
 100 004d E7       		.byte	-25
 101 004e 3C       		.byte	60
 102 004f 5A       		.byte	90
 103 0050 7F       		.byte	127
 104 0051 3E       		.byte	62
 105 0052 1C       		.byte	28
 106 0053 1C       		.byte	28
 107 0054 08       		.byte	8
 108 0055 08       		.byte	8
 109 0056 1C       		.byte	28
 110 0057 1C       		.byte	28
 111 0058 3E       		.byte	62
 112 0059 7F       		.byte	127
 113 005a 14       		.byte	20
 114 005b 22       		.byte	34
 115 005c 7F       		.byte	127
 116 005d 22       		.byte	34
ARM GAS  C:\Users\RodrigWi\AppData\Local\Temp\ccPB2mPh.s 			page 3


 117 005e 14       		.byte	20
 118 005f 5F       		.byte	95
 119 0060 5F       		.byte	95
 120 0061 00       		.byte	0
 121 0062 5F       		.byte	95
 122 0063 5F       		.byte	95
 123 0064 06       		.byte	6
 124 0065 09       		.byte	9
 125 0066 7F       		.byte	127
 126 0067 01       		.byte	1
 127 0068 7F       		.byte	127
 128 0069 00       		.byte	0
 129 006a 66       		.byte	102
 130 006b 89       		.byte	-119
 131 006c 95       		.byte	-107
 132 006d 6A       		.byte	106
 133 006e 60       		.byte	96
 134 006f 60       		.byte	96
 135 0070 60       		.byte	96
 136 0071 60       		.byte	96
 137 0072 60       		.byte	96
 138 0073 94       		.byte	-108
 139 0074 A2       		.byte	-94
 140 0075 FF       		.byte	-1
 141 0076 A2       		.byte	-94
 142 0077 94       		.byte	-108
 143 0078 08       		.byte	8
 144 0079 04       		.byte	4
 145 007a 7E       		.byte	126
 146 007b 04       		.byte	4
 147 007c 08       		.byte	8
 148 007d 10       		.byte	16
 149 007e 20       		.byte	32
 150 007f 7E       		.byte	126
 151 0080 20       		.byte	32
 152 0081 10       		.byte	16
 153 0082 08       		.byte	8
 154 0083 08       		.byte	8
 155 0084 2A       		.byte	42
 156 0085 1C       		.byte	28
 157 0086 08       		.byte	8
 158 0087 08       		.byte	8
 159 0088 1C       		.byte	28
 160 0089 2A       		.byte	42
 161 008a 08       		.byte	8
 162 008b 08       		.byte	8
 163 008c 1E       		.byte	30
 164 008d 10       		.byte	16
 165 008e 10       		.byte	16
 166 008f 10       		.byte	16
 167 0090 10       		.byte	16
 168 0091 0C       		.byte	12
 169 0092 1E       		.byte	30
 170 0093 0C       		.byte	12
 171 0094 1E       		.byte	30
 172 0095 0C       		.byte	12
 173 0096 30       		.byte	48
ARM GAS  C:\Users\RodrigWi\AppData\Local\Temp\ccPB2mPh.s 			page 4


 174 0097 38       		.byte	56
 175 0098 3E       		.byte	62
 176 0099 38       		.byte	56
 177 009a 30       		.byte	48
 178 009b 06       		.byte	6
 179 009c 0E       		.byte	14
 180 009d 3E       		.byte	62
 181 009e 0E       		.byte	14
 182 009f 06       		.byte	6
 183 00a0 00       		.byte	0
 184 00a1 00       		.byte	0
 185 00a2 00       		.byte	0
 186 00a3 00       		.byte	0
 187 00a4 00       		.byte	0
 188 00a5 00       		.byte	0
 189 00a6 00       		.byte	0
 190 00a7 5F       		.byte	95
 191 00a8 00       		.byte	0
 192 00a9 00       		.byte	0
 193 00aa 00       		.byte	0
 194 00ab 07       		.byte	7
 195 00ac 00       		.byte	0
 196 00ad 07       		.byte	7
 197 00ae 00       		.byte	0
 198 00af 14       		.byte	20
 199 00b0 7F       		.byte	127
 200 00b1 14       		.byte	20
 201 00b2 7F       		.byte	127
 202 00b3 14       		.byte	20
 203 00b4 24       		.byte	36
 204 00b5 2A       		.byte	42
 205 00b6 7F       		.byte	127
 206 00b7 2A       		.byte	42
 207 00b8 12       		.byte	18
 208 00b9 23       		.byte	35
 209 00ba 13       		.byte	19
 210 00bb 08       		.byte	8
 211 00bc 64       		.byte	100
 212 00bd 62       		.byte	98
 213 00be 36       		.byte	54
 214 00bf 49       		.byte	73
 215 00c0 56       		.byte	86
 216 00c1 20       		.byte	32
 217 00c2 50       		.byte	80
 218 00c3 00       		.byte	0
 219 00c4 08       		.byte	8
 220 00c5 07       		.byte	7
 221 00c6 03       		.byte	3
 222 00c7 00       		.byte	0
 223 00c8 00       		.byte	0
 224 00c9 1C       		.byte	28
 225 00ca 22       		.byte	34
 226 00cb 41       		.byte	65
 227 00cc 00       		.byte	0
 228 00cd 00       		.byte	0
 229 00ce 41       		.byte	65
 230 00cf 22       		.byte	34
ARM GAS  C:\Users\RodrigWi\AppData\Local\Temp\ccPB2mPh.s 			page 5


 231 00d0 1C       		.byte	28
 232 00d1 00       		.byte	0
 233 00d2 2A       		.byte	42
 234 00d3 1C       		.byte	28
 235 00d4 7F       		.byte	127
 236 00d5 1C       		.byte	28
 237 00d6 2A       		.byte	42
 238 00d7 08       		.byte	8
 239 00d8 08       		.byte	8
 240 00d9 3E       		.byte	62
 241 00da 08       		.byte	8
 242 00db 08       		.byte	8
 243 00dc 00       		.byte	0
 244 00dd 80       		.byte	-128
 245 00de 70       		.byte	112
 246 00df 30       		.byte	48
 247 00e0 00       		.byte	0
 248 00e1 08       		.byte	8
 249 00e2 08       		.byte	8
 250 00e3 08       		.byte	8
 251 00e4 08       		.byte	8
 252 00e5 08       		.byte	8
 253 00e6 00       		.byte	0
 254 00e7 00       		.byte	0
 255 00e8 60       		.byte	96
 256 00e9 60       		.byte	96
 257 00ea 00       		.byte	0
 258 00eb 20       		.byte	32
 259 00ec 10       		.byte	16
 260 00ed 08       		.byte	8
 261 00ee 04       		.byte	4
 262 00ef 02       		.byte	2
 263 00f0 3E       		.byte	62
 264 00f1 51       		.byte	81
 265 00f2 49       		.byte	73
 266 00f3 45       		.byte	69
 267 00f4 3E       		.byte	62
 268 00f5 00       		.byte	0
 269 00f6 42       		.byte	66
 270 00f7 7F       		.byte	127
 271 00f8 40       		.byte	64
 272 00f9 00       		.byte	0
 273 00fa 72       		.byte	114
 274 00fb 49       		.byte	73
 275 00fc 49       		.byte	73
 276 00fd 49       		.byte	73
 277 00fe 46       		.byte	70
 278 00ff 21       		.byte	33
 279 0100 41       		.byte	65
 280 0101 49       		.byte	73
 281 0102 4D       		.byte	77
 282 0103 33       		.byte	51
 283 0104 18       		.byte	24
 284 0105 14       		.byte	20
 285 0106 12       		.byte	18
 286 0107 7F       		.byte	127
 287 0108 10       		.byte	16
ARM GAS  C:\Users\RodrigWi\AppData\Local\Temp\ccPB2mPh.s 			page 6


 288 0109 27       		.byte	39
 289 010a 45       		.byte	69
 290 010b 45       		.byte	69
 291 010c 45       		.byte	69
 292 010d 39       		.byte	57
 293 010e 3C       		.byte	60
 294 010f 4A       		.byte	74
 295 0110 49       		.byte	73
 296 0111 49       		.byte	73
 297 0112 31       		.byte	49
 298 0113 41       		.byte	65
 299 0114 21       		.byte	33
 300 0115 11       		.byte	17
 301 0116 09       		.byte	9
 302 0117 07       		.byte	7
 303 0118 36       		.byte	54
 304 0119 49       		.byte	73
 305 011a 49       		.byte	73
 306 011b 49       		.byte	73
 307 011c 36       		.byte	54
 308 011d 46       		.byte	70
 309 011e 49       		.byte	73
 310 011f 49       		.byte	73
 311 0120 29       		.byte	41
 312 0121 1E       		.byte	30
 313 0122 00       		.byte	0
 314 0123 00       		.byte	0
 315 0124 14       		.byte	20
 316 0125 00       		.byte	0
 317 0126 00       		.byte	0
 318 0127 00       		.byte	0
 319 0128 40       		.byte	64
 320 0129 34       		.byte	52
 321 012a 00       		.byte	0
 322 012b 00       		.byte	0
 323 012c 00       		.byte	0
 324 012d 08       		.byte	8
 325 012e 14       		.byte	20
 326 012f 22       		.byte	34
 327 0130 41       		.byte	65
 328 0131 14       		.byte	20
 329 0132 14       		.byte	20
 330 0133 14       		.byte	20
 331 0134 14       		.byte	20
 332 0135 14       		.byte	20
 333 0136 00       		.byte	0
 334 0137 41       		.byte	65
 335 0138 22       		.byte	34
 336 0139 14       		.byte	20
 337 013a 08       		.byte	8
 338 013b 02       		.byte	2
 339 013c 01       		.byte	1
 340 013d 59       		.byte	89
 341 013e 09       		.byte	9
 342 013f 06       		.byte	6
 343 0140 3E       		.byte	62
 344 0141 41       		.byte	65
ARM GAS  C:\Users\RodrigWi\AppData\Local\Temp\ccPB2mPh.s 			page 7


 345 0142 5D       		.byte	93
 346 0143 59       		.byte	89
 347 0144 4E       		.byte	78
 348 0145 7C       		.byte	124
 349 0146 12       		.byte	18
 350 0147 11       		.byte	17
 351 0148 12       		.byte	18
 352 0149 7C       		.byte	124
 353 014a 7F       		.byte	127
 354 014b 49       		.byte	73
 355 014c 49       		.byte	73
 356 014d 49       		.byte	73
 357 014e 36       		.byte	54
 358 014f 3E       		.byte	62
 359 0150 41       		.byte	65
 360 0151 41       		.byte	65
 361 0152 41       		.byte	65
 362 0153 22       		.byte	34
 363 0154 7F       		.byte	127
 364 0155 41       		.byte	65
 365 0156 41       		.byte	65
 366 0157 41       		.byte	65
 367 0158 3E       		.byte	62
 368 0159 7F       		.byte	127
 369 015a 49       		.byte	73
 370 015b 49       		.byte	73
 371 015c 49       		.byte	73
 372 015d 41       		.byte	65
 373 015e 7F       		.byte	127
 374 015f 09       		.byte	9
 375 0160 09       		.byte	9
 376 0161 09       		.byte	9
 377 0162 01       		.byte	1
 378 0163 3E       		.byte	62
 379 0164 41       		.byte	65
 380 0165 41       		.byte	65
 381 0166 51       		.byte	81
 382 0167 73       		.byte	115
 383 0168 7F       		.byte	127
 384 0169 08       		.byte	8
 385 016a 08       		.byte	8
 386 016b 08       		.byte	8
 387 016c 7F       		.byte	127
 388 016d 00       		.byte	0
 389 016e 41       		.byte	65
 390 016f 7F       		.byte	127
 391 0170 41       		.byte	65
 392 0171 00       		.byte	0
 393 0172 20       		.byte	32
 394 0173 40       		.byte	64
 395 0174 41       		.byte	65
 396 0175 3F       		.byte	63
 397 0176 01       		.byte	1
 398 0177 7F       		.byte	127
 399 0178 08       		.byte	8
 400 0179 14       		.byte	20
 401 017a 22       		.byte	34
ARM GAS  C:\Users\RodrigWi\AppData\Local\Temp\ccPB2mPh.s 			page 8


 402 017b 41       		.byte	65
 403 017c 7F       		.byte	127
 404 017d 40       		.byte	64
 405 017e 40       		.byte	64
 406 017f 40       		.byte	64
 407 0180 40       		.byte	64
 408 0181 7F       		.byte	127
 409 0182 02       		.byte	2
 410 0183 1C       		.byte	28
 411 0184 02       		.byte	2
 412 0185 7F       		.byte	127
 413 0186 7F       		.byte	127
 414 0187 04       		.byte	4
 415 0188 08       		.byte	8
 416 0189 10       		.byte	16
 417 018a 7F       		.byte	127
 418 018b 3E       		.byte	62
 419 018c 41       		.byte	65
 420 018d 41       		.byte	65
 421 018e 41       		.byte	65
 422 018f 3E       		.byte	62
 423 0190 7F       		.byte	127
 424 0191 09       		.byte	9
 425 0192 09       		.byte	9
 426 0193 09       		.byte	9
 427 0194 06       		.byte	6
 428 0195 3E       		.byte	62
 429 0196 41       		.byte	65
 430 0197 51       		.byte	81
 431 0198 21       		.byte	33
 432 0199 5E       		.byte	94
 433 019a 7F       		.byte	127
 434 019b 09       		.byte	9
 435 019c 19       		.byte	25
 436 019d 29       		.byte	41
 437 019e 46       		.byte	70
 438 019f 26       		.byte	38
 439 01a0 49       		.byte	73
 440 01a1 49       		.byte	73
 441 01a2 49       		.byte	73
 442 01a3 32       		.byte	50
 443 01a4 03       		.byte	3
 444 01a5 01       		.byte	1
 445 01a6 7F       		.byte	127
 446 01a7 01       		.byte	1
 447 01a8 03       		.byte	3
 448 01a9 3F       		.byte	63
 449 01aa 40       		.byte	64
 450 01ab 40       		.byte	64
 451 01ac 40       		.byte	64
 452 01ad 3F       		.byte	63
 453 01ae 1F       		.byte	31
 454 01af 20       		.byte	32
 455 01b0 40       		.byte	64
 456 01b1 20       		.byte	32
 457 01b2 1F       		.byte	31
 458 01b3 3F       		.byte	63
ARM GAS  C:\Users\RodrigWi\AppData\Local\Temp\ccPB2mPh.s 			page 9


 459 01b4 40       		.byte	64
 460 01b5 38       		.byte	56
 461 01b6 40       		.byte	64
 462 01b7 3F       		.byte	63
 463 01b8 63       		.byte	99
 464 01b9 14       		.byte	20
 465 01ba 08       		.byte	8
 466 01bb 14       		.byte	20
 467 01bc 63       		.byte	99
 468 01bd 03       		.byte	3
 469 01be 04       		.byte	4
 470 01bf 78       		.byte	120
 471 01c0 04       		.byte	4
 472 01c1 03       		.byte	3
 473 01c2 61       		.byte	97
 474 01c3 59       		.byte	89
 475 01c4 49       		.byte	73
 476 01c5 4D       		.byte	77
 477 01c6 43       		.byte	67
 478 01c7 00       		.byte	0
 479 01c8 7F       		.byte	127
 480 01c9 41       		.byte	65
 481 01ca 41       		.byte	65
 482 01cb 41       		.byte	65
 483 01cc 02       		.byte	2
 484 01cd 04       		.byte	4
 485 01ce 08       		.byte	8
 486 01cf 10       		.byte	16
 487 01d0 20       		.byte	32
 488 01d1 00       		.byte	0
 489 01d2 41       		.byte	65
 490 01d3 41       		.byte	65
 491 01d4 41       		.byte	65
 492 01d5 7F       		.byte	127
 493 01d6 04       		.byte	4
 494 01d7 02       		.byte	2
 495 01d8 01       		.byte	1
 496 01d9 02       		.byte	2
 497 01da 04       		.byte	4
 498 01db 40       		.byte	64
 499 01dc 40       		.byte	64
 500 01dd 40       		.byte	64
 501 01de 40       		.byte	64
 502 01df 40       		.byte	64
 503 01e0 00       		.byte	0
 504 01e1 03       		.byte	3
 505 01e2 07       		.byte	7
 506 01e3 08       		.byte	8
 507 01e4 00       		.byte	0
 508 01e5 20       		.byte	32
 509 01e6 54       		.byte	84
 510 01e7 54       		.byte	84
 511 01e8 78       		.byte	120
 512 01e9 40       		.byte	64
 513 01ea 7F       		.byte	127
 514 01eb 28       		.byte	40
 515 01ec 44       		.byte	68
ARM GAS  C:\Users\RodrigWi\AppData\Local\Temp\ccPB2mPh.s 			page 10


 516 01ed 44       		.byte	68
 517 01ee 38       		.byte	56
 518 01ef 38       		.byte	56
 519 01f0 44       		.byte	68
 520 01f1 44       		.byte	68
 521 01f2 44       		.byte	68
 522 01f3 28       		.byte	40
 523 01f4 38       		.byte	56
 524 01f5 44       		.byte	68
 525 01f6 44       		.byte	68
 526 01f7 28       		.byte	40
 527 01f8 7F       		.byte	127
 528 01f9 38       		.byte	56
 529 01fa 54       		.byte	84
 530 01fb 54       		.byte	84
 531 01fc 54       		.byte	84
 532 01fd 18       		.byte	24
 533 01fe 00       		.byte	0
 534 01ff 08       		.byte	8
 535 0200 7E       		.byte	126
 536 0201 09       		.byte	9
 537 0202 02       		.byte	2
 538 0203 18       		.byte	24
 539 0204 A4       		.byte	-92
 540 0205 A4       		.byte	-92
 541 0206 9C       		.byte	-100
 542 0207 78       		.byte	120
 543 0208 7F       		.byte	127
 544 0209 08       		.byte	8
 545 020a 04       		.byte	4
 546 020b 04       		.byte	4
 547 020c 78       		.byte	120
 548 020d 00       		.byte	0
 549 020e 44       		.byte	68
 550 020f 7D       		.byte	125
 551 0210 40       		.byte	64
 552 0211 00       		.byte	0
 553 0212 20       		.byte	32
 554 0213 40       		.byte	64
 555 0214 40       		.byte	64
 556 0215 3D       		.byte	61
 557 0216 00       		.byte	0
 558 0217 7F       		.byte	127
 559 0218 10       		.byte	16
 560 0219 28       		.byte	40
 561 021a 44       		.byte	68
 562 021b 00       		.byte	0
 563 021c 00       		.byte	0
 564 021d 41       		.byte	65
 565 021e 7F       		.byte	127
 566 021f 40       		.byte	64
 567 0220 00       		.byte	0
 568 0221 7C       		.byte	124
 569 0222 04       		.byte	4
 570 0223 78       		.byte	120
 571 0224 04       		.byte	4
 572 0225 78       		.byte	120
ARM GAS  C:\Users\RodrigWi\AppData\Local\Temp\ccPB2mPh.s 			page 11


 573 0226 7C       		.byte	124
 574 0227 08       		.byte	8
 575 0228 04       		.byte	4
 576 0229 04       		.byte	4
 577 022a 78       		.byte	120
 578 022b 38       		.byte	56
 579 022c 44       		.byte	68
 580 022d 44       		.byte	68
 581 022e 44       		.byte	68
 582 022f 38       		.byte	56
 583 0230 FC       		.byte	-4
 584 0231 18       		.byte	24
 585 0232 24       		.byte	36
 586 0233 24       		.byte	36
 587 0234 18       		.byte	24
 588 0235 18       		.byte	24
 589 0236 24       		.byte	36
 590 0237 24       		.byte	36
 591 0238 18       		.byte	24
 592 0239 FC       		.byte	-4
 593 023a 7C       		.byte	124
 594 023b 08       		.byte	8
 595 023c 04       		.byte	4
 596 023d 04       		.byte	4
 597 023e 08       		.byte	8
 598 023f 48       		.byte	72
 599 0240 54       		.byte	84
 600 0241 54       		.byte	84
 601 0242 54       		.byte	84
 602 0243 24       		.byte	36
 603 0244 04       		.byte	4
 604 0245 04       		.byte	4
 605 0246 3F       		.byte	63
 606 0247 44       		.byte	68
 607 0248 24       		.byte	36
 608 0249 3C       		.byte	60
 609 024a 40       		.byte	64
 610 024b 40       		.byte	64
 611 024c 20       		.byte	32
 612 024d 7C       		.byte	124
 613 024e 1C       		.byte	28
 614 024f 20       		.byte	32
 615 0250 40       		.byte	64
 616 0251 20       		.byte	32
 617 0252 1C       		.byte	28
 618 0253 3C       		.byte	60
 619 0254 40       		.byte	64
 620 0255 30       		.byte	48
 621 0256 40       		.byte	64
 622 0257 3C       		.byte	60
 623 0258 44       		.byte	68
 624 0259 28       		.byte	40
 625 025a 10       		.byte	16
 626 025b 28       		.byte	40
 627 025c 44       		.byte	68
 628 025d 4C       		.byte	76
 629 025e 90       		.byte	-112
ARM GAS  C:\Users\RodrigWi\AppData\Local\Temp\ccPB2mPh.s 			page 12


 630 025f 90       		.byte	-112
 631 0260 90       		.byte	-112
 632 0261 7C       		.byte	124
 633 0262 44       		.byte	68
 634 0263 64       		.byte	100
 635 0264 54       		.byte	84
 636 0265 4C       		.byte	76
 637 0266 44       		.byte	68
 638 0267 00       		.byte	0
 639 0268 08       		.byte	8
 640 0269 36       		.byte	54
 641 026a 41       		.byte	65
 642 026b 00       		.byte	0
 643 026c 00       		.byte	0
 644 026d 00       		.byte	0
 645 026e 77       		.byte	119
 646 026f 00       		.byte	0
 647 0270 00       		.byte	0
 648 0271 00       		.byte	0
 649 0272 41       		.byte	65
 650 0273 36       		.byte	54
 651 0274 08       		.byte	8
 652 0275 00       		.byte	0
 653 0276 02       		.byte	2
 654 0277 01       		.byte	1
 655 0278 02       		.byte	2
 656 0279 04       		.byte	4
 657 027a 02       		.byte	2
 658 027b 3C       		.byte	60
 659 027c 26       		.byte	38
 660 027d 23       		.byte	35
 661 027e 26       		.byte	38
 662 027f 3C       		.byte	60
 663 0280 1E       		.byte	30
 664 0281 A1       		.byte	-95
 665 0282 A1       		.byte	-95
 666 0283 61       		.byte	97
 667 0284 12       		.byte	18
 668 0285 3A       		.byte	58
 669 0286 40       		.byte	64
 670 0287 40       		.byte	64
 671 0288 20       		.byte	32
 672 0289 7A       		.byte	122
 673 028a 38       		.byte	56
 674 028b 54       		.byte	84
 675 028c 54       		.byte	84
 676 028d 55       		.byte	85
 677 028e 59       		.byte	89
 678 028f 21       		.byte	33
 679 0290 55       		.byte	85
 680 0291 55       		.byte	85
 681 0292 79       		.byte	121
 682 0293 41       		.byte	65
 683 0294 22       		.byte	34
 684 0295 54       		.byte	84
 685 0296 54       		.byte	84
 686 0297 78       		.byte	120
ARM GAS  C:\Users\RodrigWi\AppData\Local\Temp\ccPB2mPh.s 			page 13


 687 0298 42       		.byte	66
 688 0299 21       		.byte	33
 689 029a 55       		.byte	85
 690 029b 54       		.byte	84
 691 029c 78       		.byte	120
 692 029d 40       		.byte	64
 693 029e 20       		.byte	32
 694 029f 54       		.byte	84
 695 02a0 55       		.byte	85
 696 02a1 79       		.byte	121
 697 02a2 40       		.byte	64
 698 02a3 0C       		.byte	12
 699 02a4 1E       		.byte	30
 700 02a5 52       		.byte	82
 701 02a6 72       		.byte	114
 702 02a7 12       		.byte	18
 703 02a8 39       		.byte	57
 704 02a9 55       		.byte	85
 705 02aa 55       		.byte	85
 706 02ab 55       		.byte	85
 707 02ac 59       		.byte	89
 708 02ad 39       		.byte	57
 709 02ae 54       		.byte	84
 710 02af 54       		.byte	84
 711 02b0 54       		.byte	84
 712 02b1 59       		.byte	89
 713 02b2 39       		.byte	57
 714 02b3 55       		.byte	85
 715 02b4 54       		.byte	84
 716 02b5 54       		.byte	84
 717 02b6 58       		.byte	88
 718 02b7 00       		.byte	0
 719 02b8 00       		.byte	0
 720 02b9 45       		.byte	69
 721 02ba 7C       		.byte	124
 722 02bb 41       		.byte	65
 723 02bc 00       		.byte	0
 724 02bd 02       		.byte	2
 725 02be 45       		.byte	69
 726 02bf 7D       		.byte	125
 727 02c0 42       		.byte	66
 728 02c1 00       		.byte	0
 729 02c2 01       		.byte	1
 730 02c3 45       		.byte	69
 731 02c4 7C       		.byte	124
 732 02c5 40       		.byte	64
 733 02c6 7D       		.byte	125
 734 02c7 12       		.byte	18
 735 02c8 11       		.byte	17
 736 02c9 12       		.byte	18
 737 02ca 7D       		.byte	125
 738 02cb F0       		.byte	-16
 739 02cc 28       		.byte	40
 740 02cd 25       		.byte	37
 741 02ce 28       		.byte	40
 742 02cf F0       		.byte	-16
 743 02d0 7C       		.byte	124
ARM GAS  C:\Users\RodrigWi\AppData\Local\Temp\ccPB2mPh.s 			page 14


 744 02d1 54       		.byte	84
 745 02d2 55       		.byte	85
 746 02d3 45       		.byte	69
 747 02d4 00       		.byte	0
 748 02d5 20       		.byte	32
 749 02d6 54       		.byte	84
 750 02d7 54       		.byte	84
 751 02d8 7C       		.byte	124
 752 02d9 54       		.byte	84
 753 02da 7C       		.byte	124
 754 02db 0A       		.byte	10
 755 02dc 09       		.byte	9
 756 02dd 7F       		.byte	127
 757 02de 49       		.byte	73
 758 02df 32       		.byte	50
 759 02e0 49       		.byte	73
 760 02e1 49       		.byte	73
 761 02e2 49       		.byte	73
 762 02e3 32       		.byte	50
 763 02e4 3A       		.byte	58
 764 02e5 44       		.byte	68
 765 02e6 44       		.byte	68
 766 02e7 44       		.byte	68
 767 02e8 3A       		.byte	58
 768 02e9 32       		.byte	50
 769 02ea 4A       		.byte	74
 770 02eb 48       		.byte	72
 771 02ec 48       		.byte	72
 772 02ed 30       		.byte	48
 773 02ee 3A       		.byte	58
 774 02ef 41       		.byte	65
 775 02f0 41       		.byte	65
 776 02f1 21       		.byte	33
 777 02f2 7A       		.byte	122
 778 02f3 3A       		.byte	58
 779 02f4 42       		.byte	66
 780 02f5 40       		.byte	64
 781 02f6 20       		.byte	32
 782 02f7 78       		.byte	120
 783 02f8 00       		.byte	0
 784 02f9 9D       		.byte	-99
 785 02fa A0       		.byte	-96
 786 02fb A0       		.byte	-96
 787 02fc 7D       		.byte	125
 788 02fd 3D       		.byte	61
 789 02fe 42       		.byte	66
 790 02ff 42       		.byte	66
 791 0300 42       		.byte	66
 792 0301 3D       		.byte	61
 793 0302 3D       		.byte	61
 794 0303 40       		.byte	64
 795 0304 40       		.byte	64
 796 0305 40       		.byte	64
 797 0306 3D       		.byte	61
 798 0307 3C       		.byte	60
 799 0308 24       		.byte	36
 800 0309 FF       		.byte	-1
ARM GAS  C:\Users\RodrigWi\AppData\Local\Temp\ccPB2mPh.s 			page 15


 801 030a 24       		.byte	36
 802 030b 24       		.byte	36
 803 030c 48       		.byte	72
 804 030d 7E       		.byte	126
 805 030e 49       		.byte	73
 806 030f 43       		.byte	67
 807 0310 66       		.byte	102
 808 0311 2B       		.byte	43
 809 0312 2F       		.byte	47
 810 0313 FC       		.byte	-4
 811 0314 2F       		.byte	47
 812 0315 2B       		.byte	43
 813 0316 FF       		.byte	-1
 814 0317 09       		.byte	9
 815 0318 29       		.byte	41
 816 0319 F6       		.byte	-10
 817 031a 20       		.byte	32
 818 031b C0       		.byte	-64
 819 031c 88       		.byte	-120
 820 031d 7E       		.byte	126
 821 031e 09       		.byte	9
 822 031f 03       		.byte	3
 823 0320 20       		.byte	32
 824 0321 54       		.byte	84
 825 0322 54       		.byte	84
 826 0323 79       		.byte	121
 827 0324 41       		.byte	65
 828 0325 00       		.byte	0
 829 0326 00       		.byte	0
 830 0327 44       		.byte	68
 831 0328 7D       		.byte	125
 832 0329 41       		.byte	65
 833 032a 30       		.byte	48
 834 032b 48       		.byte	72
 835 032c 48       		.byte	72
 836 032d 4A       		.byte	74
 837 032e 32       		.byte	50
 838 032f 38       		.byte	56
 839 0330 40       		.byte	64
 840 0331 40       		.byte	64
 841 0332 22       		.byte	34
 842 0333 7A       		.byte	122
 843 0334 00       		.byte	0
 844 0335 7A       		.byte	122
 845 0336 0A       		.byte	10
 846 0337 0A       		.byte	10
 847 0338 72       		.byte	114
 848 0339 7D       		.byte	125
 849 033a 0D       		.byte	13
 850 033b 19       		.byte	25
 851 033c 31       		.byte	49
 852 033d 7D       		.byte	125
 853 033e 26       		.byte	38
 854 033f 29       		.byte	41
 855 0340 29       		.byte	41
 856 0341 2F       		.byte	47
 857 0342 28       		.byte	40
ARM GAS  C:\Users\RodrigWi\AppData\Local\Temp\ccPB2mPh.s 			page 16


 858 0343 26       		.byte	38
 859 0344 29       		.byte	41
 860 0345 29       		.byte	41
 861 0346 29       		.byte	41
 862 0347 26       		.byte	38
 863 0348 30       		.byte	48
 864 0349 48       		.byte	72
 865 034a 4D       		.byte	77
 866 034b 40       		.byte	64
 867 034c 20       		.byte	32
 868 034d 38       		.byte	56
 869 034e 08       		.byte	8
 870 034f 08       		.byte	8
 871 0350 08       		.byte	8
 872 0351 08       		.byte	8
 873 0352 08       		.byte	8
 874 0353 08       		.byte	8
 875 0354 08       		.byte	8
 876 0355 08       		.byte	8
 877 0356 38       		.byte	56
 878 0357 2F       		.byte	47
 879 0358 10       		.byte	16
 880 0359 C8       		.byte	-56
 881 035a AC       		.byte	-84
 882 035b BA       		.byte	-70
 883 035c 2F       		.byte	47
 884 035d 10       		.byte	16
 885 035e 28       		.byte	40
 886 035f 34       		.byte	52
 887 0360 FA       		.byte	-6
 888 0361 00       		.byte	0
 889 0362 00       		.byte	0
 890 0363 7B       		.byte	123
 891 0364 00       		.byte	0
 892 0365 00       		.byte	0
 893 0366 08       		.byte	8
 894 0367 14       		.byte	20
 895 0368 2A       		.byte	42
 896 0369 14       		.byte	20
 897 036a 22       		.byte	34
 898 036b 22       		.byte	34
 899 036c 14       		.byte	20
 900 036d 2A       		.byte	42
 901 036e 14       		.byte	20
 902 036f 08       		.byte	8
 903 0370 55       		.byte	85
 904 0371 00       		.byte	0
 905 0372 55       		.byte	85
 906 0373 00       		.byte	0
 907 0374 55       		.byte	85
 908 0375 AA       		.byte	-86
 909 0376 55       		.byte	85
 910 0377 AA       		.byte	-86
 911 0378 55       		.byte	85
 912 0379 AA       		.byte	-86
 913 037a FF       		.byte	-1
 914 037b 55       		.byte	85
ARM GAS  C:\Users\RodrigWi\AppData\Local\Temp\ccPB2mPh.s 			page 17


 915 037c FF       		.byte	-1
 916 037d 55       		.byte	85
 917 037e FF       		.byte	-1
 918 037f 00       		.byte	0
 919 0380 00       		.byte	0
 920 0381 00       		.byte	0
 921 0382 FF       		.byte	-1
 922 0383 00       		.byte	0
 923 0384 10       		.byte	16
 924 0385 10       		.byte	16
 925 0386 10       		.byte	16
 926 0387 FF       		.byte	-1
 927 0388 00       		.byte	0
 928 0389 14       		.byte	20
 929 038a 14       		.byte	20
 930 038b 14       		.byte	20
 931 038c FF       		.byte	-1
 932 038d 00       		.byte	0
 933 038e 10       		.byte	16
 934 038f 10       		.byte	16
 935 0390 FF       		.byte	-1
 936 0391 00       		.byte	0
 937 0392 FF       		.byte	-1
 938 0393 10       		.byte	16
 939 0394 10       		.byte	16
 940 0395 F0       		.byte	-16
 941 0396 10       		.byte	16
 942 0397 F0       		.byte	-16
 943 0398 14       		.byte	20
 944 0399 14       		.byte	20
 945 039a 14       		.byte	20
 946 039b FC       		.byte	-4
 947 039c 00       		.byte	0
 948 039d 14       		.byte	20
 949 039e 14       		.byte	20
 950 039f F7       		.byte	-9
 951 03a0 00       		.byte	0
 952 03a1 FF       		.byte	-1
 953 03a2 00       		.byte	0
 954 03a3 00       		.byte	0
 955 03a4 FF       		.byte	-1
 956 03a5 00       		.byte	0
 957 03a6 FF       		.byte	-1
 958 03a7 14       		.byte	20
 959 03a8 14       		.byte	20
 960 03a9 F4       		.byte	-12
 961 03aa 04       		.byte	4
 962 03ab FC       		.byte	-4
 963 03ac 14       		.byte	20
 964 03ad 14       		.byte	20
 965 03ae 17       		.byte	23
 966 03af 10       		.byte	16
 967 03b0 1F       		.byte	31
 968 03b1 10       		.byte	16
 969 03b2 10       		.byte	16
 970 03b3 1F       		.byte	31
 971 03b4 10       		.byte	16
ARM GAS  C:\Users\RodrigWi\AppData\Local\Temp\ccPB2mPh.s 			page 18


 972 03b5 1F       		.byte	31
 973 03b6 14       		.byte	20
 974 03b7 14       		.byte	20
 975 03b8 14       		.byte	20
 976 03b9 1F       		.byte	31
 977 03ba 00       		.byte	0
 978 03bb 10       		.byte	16
 979 03bc 10       		.byte	16
 980 03bd 10       		.byte	16
 981 03be F0       		.byte	-16
 982 03bf 00       		.byte	0
 983 03c0 00       		.byte	0
 984 03c1 00       		.byte	0
 985 03c2 00       		.byte	0
 986 03c3 1F       		.byte	31
 987 03c4 10       		.byte	16
 988 03c5 10       		.byte	16
 989 03c6 10       		.byte	16
 990 03c7 10       		.byte	16
 991 03c8 1F       		.byte	31
 992 03c9 10       		.byte	16
 993 03ca 10       		.byte	16
 994 03cb 10       		.byte	16
 995 03cc 10       		.byte	16
 996 03cd F0       		.byte	-16
 997 03ce 10       		.byte	16
 998 03cf 00       		.byte	0
 999 03d0 00       		.byte	0
 1000 03d1 00       		.byte	0
 1001 03d2 FF       		.byte	-1
 1002 03d3 10       		.byte	16
 1003 03d4 10       		.byte	16
 1004 03d5 10       		.byte	16
 1005 03d6 10       		.byte	16
 1006 03d7 10       		.byte	16
 1007 03d8 10       		.byte	16
 1008 03d9 10       		.byte	16
 1009 03da 10       		.byte	16
 1010 03db 10       		.byte	16
 1011 03dc FF       		.byte	-1
 1012 03dd 10       		.byte	16
 1013 03de 00       		.byte	0
 1014 03df 00       		.byte	0
 1015 03e0 00       		.byte	0
 1016 03e1 FF       		.byte	-1
 1017 03e2 14       		.byte	20
 1018 03e3 00       		.byte	0
 1019 03e4 00       		.byte	0
 1020 03e5 FF       		.byte	-1
 1021 03e6 00       		.byte	0
 1022 03e7 FF       		.byte	-1
 1023 03e8 00       		.byte	0
 1024 03e9 00       		.byte	0
 1025 03ea 1F       		.byte	31
 1026 03eb 10       		.byte	16
 1027 03ec 17       		.byte	23
 1028 03ed 00       		.byte	0
ARM GAS  C:\Users\RodrigWi\AppData\Local\Temp\ccPB2mPh.s 			page 19


 1029 03ee 00       		.byte	0
 1030 03ef FC       		.byte	-4
 1031 03f0 04       		.byte	4
 1032 03f1 F4       		.byte	-12
 1033 03f2 14       		.byte	20
 1034 03f3 14       		.byte	20
 1035 03f4 17       		.byte	23
 1036 03f5 10       		.byte	16
 1037 03f6 17       		.byte	23
 1038 03f7 14       		.byte	20
 1039 03f8 14       		.byte	20
 1040 03f9 F4       		.byte	-12
 1041 03fa 04       		.byte	4
 1042 03fb F4       		.byte	-12
 1043 03fc 00       		.byte	0
 1044 03fd 00       		.byte	0
 1045 03fe FF       		.byte	-1
 1046 03ff 00       		.byte	0
 1047 0400 F7       		.byte	-9
 1048 0401 14       		.byte	20
 1049 0402 14       		.byte	20
 1050 0403 14       		.byte	20
 1051 0404 14       		.byte	20
 1052 0405 14       		.byte	20
 1053 0406 14       		.byte	20
 1054 0407 14       		.byte	20
 1055 0408 F7       		.byte	-9
 1056 0409 00       		.byte	0
 1057 040a F7       		.byte	-9
 1058 040b 14       		.byte	20
 1059 040c 14       		.byte	20
 1060 040d 14       		.byte	20
 1061 040e 17       		.byte	23
 1062 040f 14       		.byte	20
 1063 0410 10       		.byte	16
 1064 0411 10       		.byte	16
 1065 0412 1F       		.byte	31
 1066 0413 10       		.byte	16
 1067 0414 1F       		.byte	31
 1068 0415 14       		.byte	20
 1069 0416 14       		.byte	20
 1070 0417 14       		.byte	20
 1071 0418 F4       		.byte	-12
 1072 0419 14       		.byte	20
 1073 041a 10       		.byte	16
 1074 041b 10       		.byte	16
 1075 041c F0       		.byte	-16
 1076 041d 10       		.byte	16
 1077 041e F0       		.byte	-16
 1078 041f 00       		.byte	0
 1079 0420 00       		.byte	0
 1080 0421 1F       		.byte	31
 1081 0422 10       		.byte	16
 1082 0423 1F       		.byte	31
 1083 0424 00       		.byte	0
 1084 0425 00       		.byte	0
 1085 0426 00       		.byte	0
ARM GAS  C:\Users\RodrigWi\AppData\Local\Temp\ccPB2mPh.s 			page 20


 1086 0427 1F       		.byte	31
 1087 0428 14       		.byte	20
 1088 0429 00       		.byte	0
 1089 042a 00       		.byte	0
 1090 042b 00       		.byte	0
 1091 042c FC       		.byte	-4
 1092 042d 14       		.byte	20
 1093 042e 00       		.byte	0
 1094 042f 00       		.byte	0
 1095 0430 F0       		.byte	-16
 1096 0431 10       		.byte	16
 1097 0432 F0       		.byte	-16
 1098 0433 10       		.byte	16
 1099 0434 10       		.byte	16
 1100 0435 FF       		.byte	-1
 1101 0436 10       		.byte	16
 1102 0437 FF       		.byte	-1
 1103 0438 14       		.byte	20
 1104 0439 14       		.byte	20
 1105 043a 14       		.byte	20
 1106 043b FF       		.byte	-1
 1107 043c 14       		.byte	20
 1108 043d 10       		.byte	16
 1109 043e 10       		.byte	16
 1110 043f 10       		.byte	16
 1111 0440 1F       		.byte	31
 1112 0441 00       		.byte	0
 1113 0442 00       		.byte	0
 1114 0443 00       		.byte	0
 1115 0444 00       		.byte	0
 1116 0445 F0       		.byte	-16
 1117 0446 10       		.byte	16
 1118 0447 FF       		.byte	-1
 1119 0448 FF       		.byte	-1
 1120 0449 FF       		.byte	-1
 1121 044a FF       		.byte	-1
 1122 044b FF       		.byte	-1
 1123 044c F0       		.byte	-16
 1124 044d F0       		.byte	-16
 1125 044e F0       		.byte	-16
 1126 044f F0       		.byte	-16
 1127 0450 F0       		.byte	-16
 1128 0451 FF       		.byte	-1
 1129 0452 FF       		.byte	-1
 1130 0453 FF       		.byte	-1
 1131 0454 00       		.byte	0
 1132 0455 00       		.byte	0
 1133 0456 00       		.byte	0
 1134 0457 00       		.byte	0
 1135 0458 00       		.byte	0
 1136 0459 FF       		.byte	-1
 1137 045a FF       		.byte	-1
 1138 045b 0F       		.byte	15
 1139 045c 0F       		.byte	15
 1140 045d 0F       		.byte	15
 1141 045e 0F       		.byte	15
 1142 045f 0F       		.byte	15
ARM GAS  C:\Users\RodrigWi\AppData\Local\Temp\ccPB2mPh.s 			page 21


 1143 0460 38       		.byte	56
 1144 0461 44       		.byte	68
 1145 0462 44       		.byte	68
 1146 0463 38       		.byte	56
 1147 0464 44       		.byte	68
 1148 0465 FC       		.byte	-4
 1149 0466 4A       		.byte	74
 1150 0467 4A       		.byte	74
 1151 0468 4A       		.byte	74
 1152 0469 34       		.byte	52
 1153 046a 7E       		.byte	126
 1154 046b 02       		.byte	2
 1155 046c 02       		.byte	2
 1156 046d 06       		.byte	6
 1157 046e 06       		.byte	6
 1158 046f 02       		.byte	2
 1159 0470 7E       		.byte	126
 1160 0471 02       		.byte	2
 1161 0472 7E       		.byte	126
 1162 0473 02       		.byte	2
 1163 0474 63       		.byte	99
 1164 0475 55       		.byte	85
 1165 0476 49       		.byte	73
 1166 0477 41       		.byte	65
 1167 0478 63       		.byte	99
 1168 0479 38       		.byte	56
 1169 047a 44       		.byte	68
 1170 047b 44       		.byte	68
 1171 047c 3C       		.byte	60
 1172 047d 04       		.byte	4
 1173 047e 40       		.byte	64
 1174 047f 7E       		.byte	126
 1175 0480 20       		.byte	32
 1176 0481 1E       		.byte	30
 1177 0482 20       		.byte	32
 1178 0483 06       		.byte	6
 1179 0484 02       		.byte	2
 1180 0485 7E       		.byte	126
 1181 0486 02       		.byte	2
 1182 0487 02       		.byte	2
 1183 0488 99       		.byte	-103
 1184 0489 A5       		.byte	-91
 1185 048a E7       		.byte	-25
 1186 048b A5       		.byte	-91
 1187 048c 99       		.byte	-103
 1188 048d 1C       		.byte	28
 1189 048e 2A       		.byte	42
 1190 048f 49       		.byte	73
 1191 0490 2A       		.byte	42
 1192 0491 1C       		.byte	28
 1193 0492 4C       		.byte	76
 1194 0493 72       		.byte	114
 1195 0494 01       		.byte	1
 1196 0495 72       		.byte	114
 1197 0496 4C       		.byte	76
 1198 0497 30       		.byte	48
 1199 0498 4A       		.byte	74
ARM GAS  C:\Users\RodrigWi\AppData\Local\Temp\ccPB2mPh.s 			page 22


 1200 0499 4D       		.byte	77
 1201 049a 4D       		.byte	77
 1202 049b 30       		.byte	48
 1203 049c 30       		.byte	48
 1204 049d 48       		.byte	72
 1205 049e 78       		.byte	120
 1206 049f 48       		.byte	72
 1207 04a0 30       		.byte	48
 1208 04a1 BC       		.byte	-68
 1209 04a2 62       		.byte	98
 1210 04a3 5A       		.byte	90
 1211 04a4 46       		.byte	70
 1212 04a5 3D       		.byte	61
 1213 04a6 3E       		.byte	62
 1214 04a7 49       		.byte	73
 1215 04a8 49       		.byte	73
 1216 04a9 49       		.byte	73
 1217 04aa 00       		.byte	0
 1218 04ab 7E       		.byte	126
 1219 04ac 01       		.byte	1
 1220 04ad 01       		.byte	1
 1221 04ae 01       		.byte	1
 1222 04af 7E       		.byte	126
 1223 04b0 2A       		.byte	42
 1224 04b1 2A       		.byte	42
 1225 04b2 2A       		.byte	42
 1226 04b3 2A       		.byte	42
 1227 04b4 2A       		.byte	42
 1228 04b5 44       		.byte	68
 1229 04b6 44       		.byte	68
 1230 04b7 5F       		.byte	95
 1231 04b8 44       		.byte	68
 1232 04b9 44       		.byte	68
 1233 04ba 40       		.byte	64
 1234 04bb 51       		.byte	81
 1235 04bc 4A       		.byte	74
 1236 04bd 44       		.byte	68
 1237 04be 40       		.byte	64
 1238 04bf 40       		.byte	64
 1239 04c0 44       		.byte	68
 1240 04c1 4A       		.byte	74
 1241 04c2 51       		.byte	81
 1242 04c3 40       		.byte	64
 1243 04c4 00       		.byte	0
 1244 04c5 00       		.byte	0
 1245 04c6 FF       		.byte	-1
 1246 04c7 01       		.byte	1
 1247 04c8 03       		.byte	3
 1248 04c9 E0       		.byte	-32
 1249 04ca 80       		.byte	-128
 1250 04cb FF       		.byte	-1
 1251 04cc 00       		.byte	0
 1252 04cd 00       		.byte	0
 1253 04ce 08       		.byte	8
 1254 04cf 08       		.byte	8
 1255 04d0 6B       		.byte	107
 1256 04d1 6B       		.byte	107
ARM GAS  C:\Users\RodrigWi\AppData\Local\Temp\ccPB2mPh.s 			page 23


 1257 04d2 08       		.byte	8
 1258 04d3 36       		.byte	54
 1259 04d4 12       		.byte	18
 1260 04d5 36       		.byte	54
 1261 04d6 24       		.byte	36
 1262 04d7 36       		.byte	54
 1263 04d8 06       		.byte	6
 1264 04d9 0F       		.byte	15
 1265 04da 09       		.byte	9
 1266 04db 0F       		.byte	15
 1267 04dc 06       		.byte	6
 1268 04dd 00       		.byte	0
 1269 04de 00       		.byte	0
 1270 04df 18       		.byte	24
 1271 04e0 18       		.byte	24
 1272 04e1 00       		.byte	0
 1273 04e2 00       		.byte	0
 1274 04e3 00       		.byte	0
 1275 04e4 10       		.byte	16
 1276 04e5 10       		.byte	16
 1277 04e6 00       		.byte	0
 1278 04e7 30       		.byte	48
 1279 04e8 40       		.byte	64
 1280 04e9 FF       		.byte	-1
 1281 04ea 01       		.byte	1
 1282 04eb 01       		.byte	1
 1283 04ec 00       		.byte	0
 1284 04ed 1F       		.byte	31
 1285 04ee 01       		.byte	1
 1286 04ef 01       		.byte	1
 1287 04f0 1E       		.byte	30
 1288 04f1 00       		.byte	0
 1289 04f2 19       		.byte	25
 1290 04f3 1D       		.byte	29
 1291 04f4 17       		.byte	23
 1292 04f5 12       		.byte	18
 1293 04f6 00       		.byte	0
 1294 04f7 3C       		.byte	60
 1295 04f8 3C       		.byte	60
 1296 04f9 3C       		.byte	60
 1297 04fa 3C       		.byte	60
 1298 04fb 00       		.byte	0
 1299 04fc 00       		.byte	0
 1300 04fd 00       		.byte	0
 1301 04fe 00       		.byte	0
 1302 04ff 00       		.byte	0
 1303              		.text
 1304              	.Letext0:
 1305              		.file 1 "Src/Drivers/LCD/glcdfont.h"
 1306              		.file 2 "Src/Drivers/LCD/glcdfont.c"
ARM GAS  C:\Users\RodrigWi\AppData\Local\Temp\ccPB2mPh.s 			page 24


DEFINED SYMBOLS
                            *ABS*:00000000 glcdfont.c
C:\Users\RodrigWi\AppData\Local\Temp\ccPB2mPh.s:22     .data.font:00000000 font
C:\Users\RodrigWi\AppData\Local\Temp\ccPB2mPh.s:19     .data.font:00000000 $d

NO UNDEFINED SYMBOLS
