ARM GAS  C:\Users\RodrigWi\AppData\Local\Temp\ccwyVWDW.s 			page 1


   1              		.cpu cortex-m4
   2              		.eabi_attribute 27, 1
   3              		.eabi_attribute 28, 1
   4              		.eabi_attribute 20, 1
   5              		.eabi_attribute 21, 1
   6              		.eabi_attribute 23, 3
   7              		.eabi_attribute 24, 1
   8              		.eabi_attribute 25, 1
   9              		.eabi_attribute 26, 1
  10              		.eabi_attribute 30, 1
  11              		.eabi_attribute 34, 1
  12              		.eabi_attribute 18, 4
  13              		.file	"heap_1.c"
  14              		.text
  15              	.Ltext0:
  16              		.cfi_sections	.debug_frame
  17              		.section	.text.pvPortMalloc,"ax",%progbits
  18              		.align	1
  19              		.global	pvPortMalloc
  20              		.syntax unified
  21              		.thumb
  22              		.thumb_func
  23              		.fpu fpv4-sp-d16
  25              	pvPortMalloc:
  26              	.LFB5:
  27              		.file 1 "Src/RTOS/heap_1.c"
   1:Src/RTOS/heap_1.c **** /*
   2:Src/RTOS/heap_1.c ****  * FreeRTOS Kernel V10.0.1
   3:Src/RTOS/heap_1.c ****  * Copyright (C) 2017 Amazon.com, Inc. or its affiliates.  All Rights Reserved.
   4:Src/RTOS/heap_1.c ****  *
   5:Src/RTOS/heap_1.c ****  * Permission is hereby granted, free of charge, to any person obtaining a copy of
   6:Src/RTOS/heap_1.c ****  * this software and associated documentation files (the "Software"), to deal in
   7:Src/RTOS/heap_1.c ****  * the Software without restriction, including without limitation the rights to
   8:Src/RTOS/heap_1.c ****  * use, copy, modify, merge, publish, distribute, sublicense, and/or sell copies of
   9:Src/RTOS/heap_1.c ****  * the Software, and to permit persons to whom the Software is furnished to do so,
  10:Src/RTOS/heap_1.c ****  * subject to the following conditions:
  11:Src/RTOS/heap_1.c ****  *
  12:Src/RTOS/heap_1.c ****  * The above copyright notice and this permission notice shall be included in all
  13:Src/RTOS/heap_1.c ****  * copies or substantial portions of the Software.
  14:Src/RTOS/heap_1.c ****  *
  15:Src/RTOS/heap_1.c ****  * THE SOFTWARE IS PROVIDED "AS IS", WITHOUT WARRANTY OF ANY KIND, EXPRESS OR
  16:Src/RTOS/heap_1.c ****  * IMPLIED, INCLUDING BUT NOT LIMITED TO THE WARRANTIES OF MERCHANTABILITY, FITNESS
  17:Src/RTOS/heap_1.c ****  * FOR A PARTICULAR PURPOSE AND NONINFRINGEMENT. IN NO EVENT SHALL THE AUTHORS OR
  18:Src/RTOS/heap_1.c ****  * COPYRIGHT HOLDERS BE LIABLE FOR ANY CLAIM, DAMAGES OR OTHER LIABILITY, WHETHER
  19:Src/RTOS/heap_1.c ****  * IN AN ACTION OF CONTRACT, TORT OR OTHERWISE, ARISING FROM, OUT OF OR IN
  20:Src/RTOS/heap_1.c ****  * CONNECTION WITH THE SOFTWARE OR THE USE OR OTHER DEALINGS IN THE SOFTWARE.
  21:Src/RTOS/heap_1.c ****  *
  22:Src/RTOS/heap_1.c ****  * http://www.FreeRTOS.org
  23:Src/RTOS/heap_1.c ****  * http://aws.amazon.com/freertos
  24:Src/RTOS/heap_1.c ****  *
  25:Src/RTOS/heap_1.c ****  * 1 tab == 4 spaces!
  26:Src/RTOS/heap_1.c ****  */
  27:Src/RTOS/heap_1.c **** 
  28:Src/RTOS/heap_1.c **** 
  29:Src/RTOS/heap_1.c **** /*
  30:Src/RTOS/heap_1.c ****  * The simplest possible implementation of pvPortMalloc().  Note that this
  31:Src/RTOS/heap_1.c ****  * implementation does NOT allow allocated memory to be freed again.
ARM GAS  C:\Users\RodrigWi\AppData\Local\Temp\ccwyVWDW.s 			page 2


  32:Src/RTOS/heap_1.c ****  *
  33:Src/RTOS/heap_1.c ****  * See heap_2.c, heap_3.c and heap_4.c for alternative implementations, and the
  34:Src/RTOS/heap_1.c ****  * memory management pages of http://www.FreeRTOS.org for more information.
  35:Src/RTOS/heap_1.c ****  */
  36:Src/RTOS/heap_1.c **** #include <stdlib.h>
  37:Src/RTOS/heap_1.c **** 
  38:Src/RTOS/heap_1.c **** /* Defining MPU_WRAPPERS_INCLUDED_FROM_API_FILE prevents task.h from redefining
  39:Src/RTOS/heap_1.c **** all the API functions to use the MPU wrappers.  That should only be done when
  40:Src/RTOS/heap_1.c **** task.h is included from an application file. */
  41:Src/RTOS/heap_1.c **** #define MPU_WRAPPERS_INCLUDED_FROM_API_FILE
  42:Src/RTOS/heap_1.c **** 
  43:Src/RTOS/heap_1.c **** #include "FreeRTOS.h"
  44:Src/RTOS/heap_1.c **** #include "task.h"
  45:Src/RTOS/heap_1.c **** 
  46:Src/RTOS/heap_1.c **** #undef MPU_WRAPPERS_INCLUDED_FROM_API_FILE
  47:Src/RTOS/heap_1.c **** 
  48:Src/RTOS/heap_1.c **** #if( configSUPPORT_DYNAMIC_ALLOCATION == 0 )
  49:Src/RTOS/heap_1.c **** 	#error This file must not be used if configSUPPORT_DYNAMIC_ALLOCATION is 0
  50:Src/RTOS/heap_1.c **** #endif
  51:Src/RTOS/heap_1.c **** 
  52:Src/RTOS/heap_1.c **** /* A few bytes might be lost to byte aligning the heap start address. */
  53:Src/RTOS/heap_1.c **** #define configADJUSTED_HEAP_SIZE	( configTOTAL_HEAP_SIZE - portBYTE_ALIGNMENT )
  54:Src/RTOS/heap_1.c **** 
  55:Src/RTOS/heap_1.c **** /* Allocate the memory for the heap. */
  56:Src/RTOS/heap_1.c **** /* Allocate the memory for the heap. */
  57:Src/RTOS/heap_1.c **** #if( configAPPLICATION_ALLOCATED_HEAP == 1 )
  58:Src/RTOS/heap_1.c **** 	/* The application writer has already defined the array used for the RTOS
  59:Src/RTOS/heap_1.c **** 	heap - probably so it can be placed in a special segment or address. */
  60:Src/RTOS/heap_1.c **** 	extern uint8_t ucHeap[ configTOTAL_HEAP_SIZE ];
  61:Src/RTOS/heap_1.c **** #else
  62:Src/RTOS/heap_1.c **** 	static uint8_t ucHeap[ configTOTAL_HEAP_SIZE ];
  63:Src/RTOS/heap_1.c **** #endif /* configAPPLICATION_ALLOCATED_HEAP */
  64:Src/RTOS/heap_1.c **** 
  65:Src/RTOS/heap_1.c **** /* Index into the ucHeap array. */
  66:Src/RTOS/heap_1.c **** static size_t xNextFreeByte = ( size_t ) 0;
  67:Src/RTOS/heap_1.c **** 
  68:Src/RTOS/heap_1.c **** /*-----------------------------------------------------------*/
  69:Src/RTOS/heap_1.c **** 
  70:Src/RTOS/heap_1.c **** void *pvPortMalloc( size_t xWantedSize )
  71:Src/RTOS/heap_1.c **** {
  28              		.loc 1 71 0
  29              		.cfi_startproc
  30              		@ args = 0, pretend = 0, frame = 0
  31              		@ frame_needed = 0, uses_anonymous_args = 0
  32              	.LVL0:
  33 0000 38B5     		push	{r3, r4, r5, lr}
  34              	.LCFI0:
  35              		.cfi_def_cfa_offset 16
  36              		.cfi_offset 3, -16
  37              		.cfi_offset 4, -12
  38              		.cfi_offset 5, -8
  39              		.cfi_offset 14, -4
  40 0002 0446     		mov	r4, r0
  41              	.LVL1:
  72:Src/RTOS/heap_1.c **** void *pvReturn = NULL;
  73:Src/RTOS/heap_1.c **** static uint8_t *pucAlignedHeap = NULL;
  74:Src/RTOS/heap_1.c **** 
ARM GAS  C:\Users\RodrigWi\AppData\Local\Temp\ccwyVWDW.s 			page 3


  75:Src/RTOS/heap_1.c **** 	/* Ensure that blocks are always aligned to the required number of bytes. */
  76:Src/RTOS/heap_1.c **** 	#if( portBYTE_ALIGNMENT != 1 )
  77:Src/RTOS/heap_1.c **** 	{
  78:Src/RTOS/heap_1.c **** 		if( xWantedSize & portBYTE_ALIGNMENT_MASK )
  42              		.loc 1 78 0
  43 0004 10F0070F 		tst	r0, #7
  44 0008 02D0     		beq	.L2
  79:Src/RTOS/heap_1.c **** 		{
  80:Src/RTOS/heap_1.c **** 			/* Byte alignment required. */
  81:Src/RTOS/heap_1.c **** 			xWantedSize += ( portBYTE_ALIGNMENT - ( xWantedSize & portBYTE_ALIGNMENT_MASK ) );
  45              		.loc 1 81 0
  46 000a 20F00704 		bic	r4, r0, #7
  47 000e 0834     		adds	r4, r4, #8
  48              	.LVL2:
  49              	.L2:
  82:Src/RTOS/heap_1.c **** 		}
  83:Src/RTOS/heap_1.c **** 	}
  84:Src/RTOS/heap_1.c **** 	#endif
  85:Src/RTOS/heap_1.c **** 
  86:Src/RTOS/heap_1.c **** 	vTaskSuspendAll();
  50              		.loc 1 86 0
  51 0010 FFF7FEFF 		bl	vTaskSuspendAll
  52              	.LVL3:
  87:Src/RTOS/heap_1.c **** 	{
  88:Src/RTOS/heap_1.c **** 		if( pucAlignedHeap == NULL )
  53              		.loc 1 88 0
  54 0014 0E4B     		ldr	r3, .L9
  55 0016 1B68     		ldr	r3, [r3]
  56 0018 83B1     		cbz	r3, .L8
  57              	.L3:
  89:Src/RTOS/heap_1.c **** 		{
  90:Src/RTOS/heap_1.c **** 			/* Ensure the heap starts on a correctly aligned boundary. */
  91:Src/RTOS/heap_1.c **** 			pucAlignedHeap = ( uint8_t * ) ( ( ( portPOINTER_SIZE_TYPE ) &ucHeap[ portBYTE_ALIGNMENT ] ) & (
  92:Src/RTOS/heap_1.c **** 		}
  93:Src/RTOS/heap_1.c **** 
  94:Src/RTOS/heap_1.c **** 		/* Check there is enough room left for the allocation. */
  95:Src/RTOS/heap_1.c **** 		if( ( ( xNextFreeByte + xWantedSize ) < configADJUSTED_HEAP_SIZE ) &&
  58              		.loc 1 95 0
  59 001a 0E4B     		ldr	r3, .L9+4
  60 001c 1B68     		ldr	r3, [r3]
  61 001e 1C44     		add	r4, r4, r3
  62              	.LVL4:
  63 0020 0D4A     		ldr	r2, .L9+8
  64 0022 9442     		cmp	r4, r2
  65 0024 10D8     		bhi	.L5
  66              		.loc 1 95 0 is_stmt 0 discriminator 1
  67 0026 A342     		cmp	r3, r4
  68 0028 10D2     		bcs	.L6
  96:Src/RTOS/heap_1.c **** 			( ( xNextFreeByte + xWantedSize ) > xNextFreeByte )	)/* Check for overflow. */
  97:Src/RTOS/heap_1.c **** 		{
  98:Src/RTOS/heap_1.c **** 			/* Return the next free byte then increment the index past this
  99:Src/RTOS/heap_1.c **** 			block. */
 100:Src/RTOS/heap_1.c **** 			pvReturn = pucAlignedHeap + xNextFreeByte;
  69              		.loc 1 100 0 is_stmt 1
  70 002a 094A     		ldr	r2, .L9
  71 002c 1568     		ldr	r5, [r2]
  72 002e 1D44     		add	r5, r5, r3
ARM GAS  C:\Users\RodrigWi\AppData\Local\Temp\ccwyVWDW.s 			page 4


  73              	.LVL5:
 101:Src/RTOS/heap_1.c **** 			xNextFreeByte += xWantedSize;
  74              		.loc 1 101 0
  75 0030 084B     		ldr	r3, .L9+4
  76 0032 1C60     		str	r4, [r3]
  77              	.LVL6:
  78              	.L4:
 102:Src/RTOS/heap_1.c **** 		}
 103:Src/RTOS/heap_1.c **** 
 104:Src/RTOS/heap_1.c **** 		traceMALLOC( pvReturn, xWantedSize );
 105:Src/RTOS/heap_1.c **** 	}
 106:Src/RTOS/heap_1.c **** 	( void ) xTaskResumeAll();
  79              		.loc 1 106 0
  80 0034 FFF7FEFF 		bl	xTaskResumeAll
  81              	.LVL7:
 107:Src/RTOS/heap_1.c **** 
 108:Src/RTOS/heap_1.c **** 	#if( configUSE_MALLOC_FAILED_HOOK == 1 )
 109:Src/RTOS/heap_1.c **** 	{
 110:Src/RTOS/heap_1.c **** 		if( pvReturn == NULL )
 111:Src/RTOS/heap_1.c **** 		{
 112:Src/RTOS/heap_1.c **** 			extern void vApplicationMallocFailedHook( void );
 113:Src/RTOS/heap_1.c **** 			vApplicationMallocFailedHook();
 114:Src/RTOS/heap_1.c **** 		}
 115:Src/RTOS/heap_1.c **** 	}
 116:Src/RTOS/heap_1.c **** 	#endif
 117:Src/RTOS/heap_1.c **** 
 118:Src/RTOS/heap_1.c **** 	return pvReturn;
 119:Src/RTOS/heap_1.c **** }
  82              		.loc 1 119 0
  83 0038 2846     		mov	r0, r5
  84 003a 38BD     		pop	{r3, r4, r5, pc}
  85              	.LVL8:
  86              	.L8:
  91:Src/RTOS/heap_1.c **** 		}
  87              		.loc 1 91 0
  88 003c 074B     		ldr	r3, .L9+12
  89 003e 23F00703 		bic	r3, r3, #7
  90 0042 034A     		ldr	r2, .L9
  91 0044 1360     		str	r3, [r2]
  92 0046 E8E7     		b	.L3
  93              	.LVL9:
  94              	.L5:
  72:Src/RTOS/heap_1.c **** static uint8_t *pucAlignedHeap = NULL;
  95              		.loc 1 72 0
  96 0048 0025     		movs	r5, #0
  97 004a F3E7     		b	.L4
  98              	.L6:
  99 004c 0025     		movs	r5, #0
 100 004e F1E7     		b	.L4
 101              	.L10:
 102              		.align	2
 103              	.L9:
 104 0050 00000000 		.word	.LANCHOR0
 105 0054 00000000 		.word	.LANCHOR1
 106 0058 F72B0100 		.word	76791
 107 005c 08000000 		.word	ucHeap+8
 108              		.cfi_endproc
ARM GAS  C:\Users\RodrigWi\AppData\Local\Temp\ccwyVWDW.s 			page 5


 109              	.LFE5:
 111              		.section	.text.vPortFree,"ax",%progbits
 112              		.align	1
 113              		.global	vPortFree
 114              		.syntax unified
 115              		.thumb
 116              		.thumb_func
 117              		.fpu fpv4-sp-d16
 119              	vPortFree:
 120              	.LFB6:
 120:Src/RTOS/heap_1.c **** /*-----------------------------------------------------------*/
 121:Src/RTOS/heap_1.c **** 
 122:Src/RTOS/heap_1.c **** void vPortFree( void *pv )
 123:Src/RTOS/heap_1.c **** {
 121              		.loc 1 123 0
 122              		.cfi_startproc
 123              		@ args = 0, pretend = 0, frame = 0
 124              		@ frame_needed = 0, uses_anonymous_args = 0
 125              		@ link register save eliminated.
 126              	.LVL10:
 124:Src/RTOS/heap_1.c **** 	/* Memory cannot be freed using this scheme.  See heap_2.c, heap_3.c and
 125:Src/RTOS/heap_1.c **** 	heap_4.c for alternative implementations, and the memory management pages of
 126:Src/RTOS/heap_1.c **** 	http://www.FreeRTOS.org for more information. */
 127:Src/RTOS/heap_1.c **** 	( void ) pv;
 128:Src/RTOS/heap_1.c **** 
 129:Src/RTOS/heap_1.c **** 	/* Force an assert as it is invalid to call this function. */
 130:Src/RTOS/heap_1.c **** 	configASSERT( pv == NULL );
 127              		.loc 1 130 0
 128 0000 40B1     		cbz	r0, .L11
 129              	.LBB4:
 130              	.LBB5:
 131              		.file 2 "Src/RTOS/Inc/portmacro.h"
   1:Src/RTOS/Inc/portmacro.h **** /*
   2:Src/RTOS/Inc/portmacro.h ****  * FreeRTOS Kernel V10.0.1
   3:Src/RTOS/Inc/portmacro.h ****  * Copyright (C) 2017 Amazon.com, Inc. or its affiliates.  All Rights Reserved.
   4:Src/RTOS/Inc/portmacro.h ****  *
   5:Src/RTOS/Inc/portmacro.h ****  * Permission is hereby granted, free of charge, to any person obtaining a copy of
   6:Src/RTOS/Inc/portmacro.h ****  * this software and associated documentation files (the "Software"), to deal in
   7:Src/RTOS/Inc/portmacro.h ****  * the Software without restriction, including without limitation the rights to
   8:Src/RTOS/Inc/portmacro.h ****  * use, copy, modify, merge, publish, distribute, sublicense, and/or sell copies of
   9:Src/RTOS/Inc/portmacro.h ****  * the Software, and to permit persons to whom the Software is furnished to do so,
  10:Src/RTOS/Inc/portmacro.h ****  * subject to the following conditions:
  11:Src/RTOS/Inc/portmacro.h ****  *
  12:Src/RTOS/Inc/portmacro.h ****  * The above copyright notice and this permission notice shall be included in all
  13:Src/RTOS/Inc/portmacro.h ****  * copies or substantial portions of the Software.
  14:Src/RTOS/Inc/portmacro.h ****  *
  15:Src/RTOS/Inc/portmacro.h ****  * THE SOFTWARE IS PROVIDED "AS IS", WITHOUT WARRANTY OF ANY KIND, EXPRESS OR
  16:Src/RTOS/Inc/portmacro.h ****  * IMPLIED, INCLUDING BUT NOT LIMITED TO THE WARRANTIES OF MERCHANTABILITY, FITNESS
  17:Src/RTOS/Inc/portmacro.h ****  * FOR A PARTICULAR PURPOSE AND NONINFRINGEMENT. IN NO EVENT SHALL THE AUTHORS OR
  18:Src/RTOS/Inc/portmacro.h ****  * COPYRIGHT HOLDERS BE LIABLE FOR ANY CLAIM, DAMAGES OR OTHER LIABILITY, WHETHER
  19:Src/RTOS/Inc/portmacro.h ****  * IN AN ACTION OF CONTRACT, TORT OR OTHERWISE, ARISING FROM, OUT OF OR IN
  20:Src/RTOS/Inc/portmacro.h ****  * CONNECTION WITH THE SOFTWARE OR THE USE OR OTHER DEALINGS IN THE SOFTWARE.
  21:Src/RTOS/Inc/portmacro.h ****  *
  22:Src/RTOS/Inc/portmacro.h ****  * http://www.FreeRTOS.org
  23:Src/RTOS/Inc/portmacro.h ****  * http://aws.amazon.com/freertos
  24:Src/RTOS/Inc/portmacro.h ****  *
  25:Src/RTOS/Inc/portmacro.h ****  * 1 tab == 4 spaces!
ARM GAS  C:\Users\RodrigWi\AppData\Local\Temp\ccwyVWDW.s 			page 6


  26:Src/RTOS/Inc/portmacro.h ****  */
  27:Src/RTOS/Inc/portmacro.h **** 
  28:Src/RTOS/Inc/portmacro.h **** 
  29:Src/RTOS/Inc/portmacro.h **** #ifndef PORTMACRO_H
  30:Src/RTOS/Inc/portmacro.h **** #define PORTMACRO_H
  31:Src/RTOS/Inc/portmacro.h **** 
  32:Src/RTOS/Inc/portmacro.h **** #ifdef __cplusplus
  33:Src/RTOS/Inc/portmacro.h **** extern "C" {
  34:Src/RTOS/Inc/portmacro.h **** #endif
  35:Src/RTOS/Inc/portmacro.h **** 
  36:Src/RTOS/Inc/portmacro.h **** /*-----------------------------------------------------------
  37:Src/RTOS/Inc/portmacro.h ****  * Port specific definitions.
  38:Src/RTOS/Inc/portmacro.h ****  *
  39:Src/RTOS/Inc/portmacro.h ****  * The settings in this file configure FreeRTOS correctly for the
  40:Src/RTOS/Inc/portmacro.h ****  * given hardware and compiler.
  41:Src/RTOS/Inc/portmacro.h ****  *
  42:Src/RTOS/Inc/portmacro.h ****  * These settings should not be altered.
  43:Src/RTOS/Inc/portmacro.h ****  *-----------------------------------------------------------
  44:Src/RTOS/Inc/portmacro.h ****  */
  45:Src/RTOS/Inc/portmacro.h **** 
  46:Src/RTOS/Inc/portmacro.h **** /* Type definitions. */
  47:Src/RTOS/Inc/portmacro.h **** #define portCHAR		char
  48:Src/RTOS/Inc/portmacro.h **** #define portFLOAT		float
  49:Src/RTOS/Inc/portmacro.h **** #define portDOUBLE		double
  50:Src/RTOS/Inc/portmacro.h **** #define portLONG		long
  51:Src/RTOS/Inc/portmacro.h **** #define portSHORT		short
  52:Src/RTOS/Inc/portmacro.h **** #define portSTACK_TYPE	uint32_t
  53:Src/RTOS/Inc/portmacro.h **** #define portBASE_TYPE	long
  54:Src/RTOS/Inc/portmacro.h **** 
  55:Src/RTOS/Inc/portmacro.h **** typedef portSTACK_TYPE StackType_t;
  56:Src/RTOS/Inc/portmacro.h **** typedef long BaseType_t;
  57:Src/RTOS/Inc/portmacro.h **** typedef unsigned long UBaseType_t;
  58:Src/RTOS/Inc/portmacro.h **** 
  59:Src/RTOS/Inc/portmacro.h **** #if( configUSE_16_BIT_TICKS == 1 )
  60:Src/RTOS/Inc/portmacro.h **** 	typedef uint16_t TickType_t;
  61:Src/RTOS/Inc/portmacro.h **** 	#define portMAX_DELAY ( TickType_t ) 0xffff
  62:Src/RTOS/Inc/portmacro.h **** #else
  63:Src/RTOS/Inc/portmacro.h **** 	typedef uint32_t TickType_t;
  64:Src/RTOS/Inc/portmacro.h **** 	#define portMAX_DELAY ( TickType_t ) 0xffffffffUL
  65:Src/RTOS/Inc/portmacro.h **** 
  66:Src/RTOS/Inc/portmacro.h **** 	/* 32-bit tick type on a 32-bit architecture, so reads of the tick count do
  67:Src/RTOS/Inc/portmacro.h **** 	not need to be guarded with a critical section. */
  68:Src/RTOS/Inc/portmacro.h **** 	#define portTICK_TYPE_IS_ATOMIC 1
  69:Src/RTOS/Inc/portmacro.h **** #endif
  70:Src/RTOS/Inc/portmacro.h **** /*-----------------------------------------------------------*/
  71:Src/RTOS/Inc/portmacro.h **** 
  72:Src/RTOS/Inc/portmacro.h **** /* Architecture specifics. */
  73:Src/RTOS/Inc/portmacro.h **** #define portSTACK_GROWTH			( -1 )
  74:Src/RTOS/Inc/portmacro.h **** #define portTICK_PERIOD_MS			( ( TickType_t ) 1000 / configTICK_RATE_HZ )
  75:Src/RTOS/Inc/portmacro.h **** #define portBYTE_ALIGNMENT			8
  76:Src/RTOS/Inc/portmacro.h **** /*-----------------------------------------------------------*/
  77:Src/RTOS/Inc/portmacro.h **** 
  78:Src/RTOS/Inc/portmacro.h **** /* Scheduler utilities. */
  79:Src/RTOS/Inc/portmacro.h **** #define portYIELD() 															\
  80:Src/RTOS/Inc/portmacro.h **** {																				\
  81:Src/RTOS/Inc/portmacro.h **** 	/* Set a PendSV to request a context switch. */								\
  82:Src/RTOS/Inc/portmacro.h **** 	portNVIC_INT_CTRL_REG = portNVIC_PENDSVSET_BIT;								\
ARM GAS  C:\Users\RodrigWi\AppData\Local\Temp\ccwyVWDW.s 			page 7


  83:Src/RTOS/Inc/portmacro.h **** 																				\
  84:Src/RTOS/Inc/portmacro.h **** 	/* Barriers are normally not required but do ensure the code is completely	\
  85:Src/RTOS/Inc/portmacro.h **** 	within the specified behaviour for the architecture. */						\
  86:Src/RTOS/Inc/portmacro.h **** 	__asm volatile( "dsb" ::: "memory" );										\
  87:Src/RTOS/Inc/portmacro.h **** 	__asm volatile( "isb" );													\
  88:Src/RTOS/Inc/portmacro.h **** }
  89:Src/RTOS/Inc/portmacro.h **** 
  90:Src/RTOS/Inc/portmacro.h **** #define portNVIC_INT_CTRL_REG		( * ( ( volatile uint32_t * ) 0xe000ed04 ) )
  91:Src/RTOS/Inc/portmacro.h **** #define portNVIC_PENDSVSET_BIT		( 1UL << 28UL )
  92:Src/RTOS/Inc/portmacro.h **** #define portEND_SWITCHING_ISR( xSwitchRequired ) if( xSwitchRequired != pdFALSE ) portYIELD()
  93:Src/RTOS/Inc/portmacro.h **** #define portYIELD_FROM_ISR( x ) portEND_SWITCHING_ISR( x )
  94:Src/RTOS/Inc/portmacro.h **** /*-----------------------------------------------------------*/
  95:Src/RTOS/Inc/portmacro.h **** 
  96:Src/RTOS/Inc/portmacro.h **** /* Critical section management. */
  97:Src/RTOS/Inc/portmacro.h **** extern void vPortEnterCritical( void );
  98:Src/RTOS/Inc/portmacro.h **** extern void vPortExitCritical( void );
  99:Src/RTOS/Inc/portmacro.h **** #define portSET_INTERRUPT_MASK_FROM_ISR()		ulPortRaiseBASEPRI()
 100:Src/RTOS/Inc/portmacro.h **** #define portCLEAR_INTERRUPT_MASK_FROM_ISR(x)	vPortSetBASEPRI(x)
 101:Src/RTOS/Inc/portmacro.h **** #define portDISABLE_INTERRUPTS()				vPortRaiseBASEPRI()
 102:Src/RTOS/Inc/portmacro.h **** #define portENABLE_INTERRUPTS()					vPortSetBASEPRI(0)
 103:Src/RTOS/Inc/portmacro.h **** #define portENTER_CRITICAL()					vPortEnterCritical()
 104:Src/RTOS/Inc/portmacro.h **** #define portEXIT_CRITICAL()						vPortExitCritical()
 105:Src/RTOS/Inc/portmacro.h **** 
 106:Src/RTOS/Inc/portmacro.h **** /*-----------------------------------------------------------*/
 107:Src/RTOS/Inc/portmacro.h **** 
 108:Src/RTOS/Inc/portmacro.h **** /* Task function macros as described on the FreeRTOS.org WEB site.  These are
 109:Src/RTOS/Inc/portmacro.h **** not necessary for to use this port.  They are defined so the common demo files
 110:Src/RTOS/Inc/portmacro.h **** (which build with all the ports) will build. */
 111:Src/RTOS/Inc/portmacro.h **** #define portTASK_FUNCTION_PROTO( vFunction, pvParameters ) void vFunction( void *pvParameters )
 112:Src/RTOS/Inc/portmacro.h **** #define portTASK_FUNCTION( vFunction, pvParameters ) void vFunction( void *pvParameters )
 113:Src/RTOS/Inc/portmacro.h **** /*-----------------------------------------------------------*/
 114:Src/RTOS/Inc/portmacro.h **** 
 115:Src/RTOS/Inc/portmacro.h **** /* Tickless idle/low power functionality. */
 116:Src/RTOS/Inc/portmacro.h **** #ifndef portSUPPRESS_TICKS_AND_SLEEP
 117:Src/RTOS/Inc/portmacro.h **** 	extern void vPortSuppressTicksAndSleep( TickType_t xExpectedIdleTime );
 118:Src/RTOS/Inc/portmacro.h **** 	#define portSUPPRESS_TICKS_AND_SLEEP( xExpectedIdleTime ) vPortSuppressTicksAndSleep( xExpectedIdl
 119:Src/RTOS/Inc/portmacro.h **** #endif
 120:Src/RTOS/Inc/portmacro.h **** /*-----------------------------------------------------------*/
 121:Src/RTOS/Inc/portmacro.h **** 
 122:Src/RTOS/Inc/portmacro.h **** /* Architecture specific optimisations. */
 123:Src/RTOS/Inc/portmacro.h **** #ifndef configUSE_PORT_OPTIMISED_TASK_SELECTION
 124:Src/RTOS/Inc/portmacro.h **** 	#define configUSE_PORT_OPTIMISED_TASK_SELECTION 1
 125:Src/RTOS/Inc/portmacro.h **** #endif
 126:Src/RTOS/Inc/portmacro.h **** 
 127:Src/RTOS/Inc/portmacro.h **** #if configUSE_PORT_OPTIMISED_TASK_SELECTION == 1
 128:Src/RTOS/Inc/portmacro.h **** 
 129:Src/RTOS/Inc/portmacro.h **** 	/* Generic helper function. */
 130:Src/RTOS/Inc/portmacro.h **** 	__attribute__( ( always_inline ) ) static inline uint8_t ucPortCountLeadingZeros( uint32_t ulBitma
 131:Src/RTOS/Inc/portmacro.h **** 	{
 132:Src/RTOS/Inc/portmacro.h **** 	uint8_t ucReturn;
 133:Src/RTOS/Inc/portmacro.h **** 
 134:Src/RTOS/Inc/portmacro.h **** 		__asm volatile ( "clz %0, %1" : "=r" ( ucReturn ) : "r" ( ulBitmap ) : "memory" );
 135:Src/RTOS/Inc/portmacro.h **** 		return ucReturn;
 136:Src/RTOS/Inc/portmacro.h **** 	}
 137:Src/RTOS/Inc/portmacro.h **** 
 138:Src/RTOS/Inc/portmacro.h **** 	/* Check the configuration. */
 139:Src/RTOS/Inc/portmacro.h **** 	#if( configMAX_PRIORITIES > 32 )
ARM GAS  C:\Users\RodrigWi\AppData\Local\Temp\ccwyVWDW.s 			page 8


 140:Src/RTOS/Inc/portmacro.h **** 		#error configUSE_PORT_OPTIMISED_TASK_SELECTION can only be set to 1 when configMAX_PRIORITIES is 
 141:Src/RTOS/Inc/portmacro.h **** 	#endif
 142:Src/RTOS/Inc/portmacro.h **** 
 143:Src/RTOS/Inc/portmacro.h **** 	/* Store/clear the ready priorities in a bit map. */
 144:Src/RTOS/Inc/portmacro.h **** 	#define portRECORD_READY_PRIORITY( uxPriority, uxReadyPriorities ) ( uxReadyPriorities ) |= ( 1UL 
 145:Src/RTOS/Inc/portmacro.h **** 	#define portRESET_READY_PRIORITY( uxPriority, uxReadyPriorities ) ( uxReadyPriorities ) &= ~( 1UL 
 146:Src/RTOS/Inc/portmacro.h **** 
 147:Src/RTOS/Inc/portmacro.h **** 	/*-----------------------------------------------------------*/
 148:Src/RTOS/Inc/portmacro.h **** 
 149:Src/RTOS/Inc/portmacro.h **** 	#define portGET_HIGHEST_PRIORITY( uxTopPriority, uxReadyPriorities ) uxTopPriority = ( 31UL - ( ui
 150:Src/RTOS/Inc/portmacro.h **** 
 151:Src/RTOS/Inc/portmacro.h **** #endif /* configUSE_PORT_OPTIMISED_TASK_SELECTION */
 152:Src/RTOS/Inc/portmacro.h **** 
 153:Src/RTOS/Inc/portmacro.h **** /*-----------------------------------------------------------*/
 154:Src/RTOS/Inc/portmacro.h **** 
 155:Src/RTOS/Inc/portmacro.h **** #ifdef configASSERT
 156:Src/RTOS/Inc/portmacro.h **** 	void vPortValidateInterruptPriority( void );
 157:Src/RTOS/Inc/portmacro.h **** 	#define portASSERT_IF_INTERRUPT_PRIORITY_INVALID() 	vPortValidateInterruptPriority()
 158:Src/RTOS/Inc/portmacro.h **** #endif
 159:Src/RTOS/Inc/portmacro.h **** 
 160:Src/RTOS/Inc/portmacro.h **** /* portNOP() is not required by this port. */
 161:Src/RTOS/Inc/portmacro.h **** #define portNOP()
 162:Src/RTOS/Inc/portmacro.h **** 
 163:Src/RTOS/Inc/portmacro.h **** #define portINLINE	__inline
 164:Src/RTOS/Inc/portmacro.h **** 
 165:Src/RTOS/Inc/portmacro.h **** #ifndef portFORCE_INLINE
 166:Src/RTOS/Inc/portmacro.h **** 	#define portFORCE_INLINE inline __attribute__(( always_inline))
 167:Src/RTOS/Inc/portmacro.h **** #endif
 168:Src/RTOS/Inc/portmacro.h **** 
 169:Src/RTOS/Inc/portmacro.h **** portFORCE_INLINE static BaseType_t xPortIsInsideInterrupt( void )
 170:Src/RTOS/Inc/portmacro.h **** {
 171:Src/RTOS/Inc/portmacro.h **** uint32_t ulCurrentInterrupt;
 172:Src/RTOS/Inc/portmacro.h **** BaseType_t xReturn;
 173:Src/RTOS/Inc/portmacro.h **** 
 174:Src/RTOS/Inc/portmacro.h **** 	/* Obtain the number of the currently executing interrupt. */
 175:Src/RTOS/Inc/portmacro.h **** 	__asm volatile( "mrs %0, ipsr" : "=r"( ulCurrentInterrupt ) :: "memory" );
 176:Src/RTOS/Inc/portmacro.h **** 
 177:Src/RTOS/Inc/portmacro.h **** 	if( ulCurrentInterrupt == 0 )
 178:Src/RTOS/Inc/portmacro.h **** 	{
 179:Src/RTOS/Inc/portmacro.h **** 		xReturn = pdFALSE;
 180:Src/RTOS/Inc/portmacro.h **** 	}
 181:Src/RTOS/Inc/portmacro.h **** 	else
 182:Src/RTOS/Inc/portmacro.h **** 	{
 183:Src/RTOS/Inc/portmacro.h **** 		xReturn = pdTRUE;
 184:Src/RTOS/Inc/portmacro.h **** 	}
 185:Src/RTOS/Inc/portmacro.h **** 
 186:Src/RTOS/Inc/portmacro.h **** 	return xReturn;
 187:Src/RTOS/Inc/portmacro.h **** }
 188:Src/RTOS/Inc/portmacro.h **** 
 189:Src/RTOS/Inc/portmacro.h **** /*-----------------------------------------------------------*/
 190:Src/RTOS/Inc/portmacro.h **** 
 191:Src/RTOS/Inc/portmacro.h **** portFORCE_INLINE static void vPortRaiseBASEPRI( void )
 192:Src/RTOS/Inc/portmacro.h **** {
 193:Src/RTOS/Inc/portmacro.h **** uint32_t ulNewBASEPRI;
 194:Src/RTOS/Inc/portmacro.h **** 
 195:Src/RTOS/Inc/portmacro.h **** 	__asm volatile
 132              		.loc 2 195 0
ARM GAS  C:\Users\RodrigWi\AppData\Local\Temp\ccwyVWDW.s 			page 9


 133              		.syntax unified
 134              	@ 195 "Src/RTOS/Inc/portmacro.h" 1
 135 0002 4FF05003 			mov r3, #80												
 136 0006 83F31188 		msr basepri, r3											
 137 000a BFF36F8F 		isb														
 138 000e BFF34F8F 		dsb														
 139              	
 140              	@ 0 "" 2
 141              	.LVL11:
 142              		.thumb
 143              		.syntax unified
 144              	.L13:
 145 0012 FEE7     		b	.L13
 146              	.L11:
 147              	.LBE5:
 148              	.LBE4:
 131:Src/RTOS/heap_1.c **** }
 149              		.loc 1 131 0
 150 0014 7047     		bx	lr
 151              		.cfi_endproc
 152              	.LFE6:
 154              		.section	.text.vPortInitialiseBlocks,"ax",%progbits
 155              		.align	1
 156              		.global	vPortInitialiseBlocks
 157              		.syntax unified
 158              		.thumb
 159              		.thumb_func
 160              		.fpu fpv4-sp-d16
 162              	vPortInitialiseBlocks:
 163              	.LFB7:
 132:Src/RTOS/heap_1.c **** /*-----------------------------------------------------------*/
 133:Src/RTOS/heap_1.c **** 
 134:Src/RTOS/heap_1.c **** void vPortInitialiseBlocks( void )
 135:Src/RTOS/heap_1.c **** {
 164              		.loc 1 135 0
 165              		.cfi_startproc
 166              		@ args = 0, pretend = 0, frame = 0
 167              		@ frame_needed = 0, uses_anonymous_args = 0
 168              		@ link register save eliminated.
 136:Src/RTOS/heap_1.c **** 	/* Only required when static memory is not cleared. */
 137:Src/RTOS/heap_1.c **** 	xNextFreeByte = ( size_t ) 0;
 169              		.loc 1 137 0
 170 0000 014B     		ldr	r3, .L15
 171 0002 0022     		movs	r2, #0
 172 0004 1A60     		str	r2, [r3]
 138:Src/RTOS/heap_1.c **** }
 173              		.loc 1 138 0
 174 0006 7047     		bx	lr
 175              	.L16:
 176              		.align	2
 177              	.L15:
 178 0008 00000000 		.word	.LANCHOR1
 179              		.cfi_endproc
 180              	.LFE7:
 182              		.section	.text.xPortGetFreeHeapSize,"ax",%progbits
 183              		.align	1
 184              		.global	xPortGetFreeHeapSize
ARM GAS  C:\Users\RodrigWi\AppData\Local\Temp\ccwyVWDW.s 			page 10


 185              		.syntax unified
 186              		.thumb
 187              		.thumb_func
 188              		.fpu fpv4-sp-d16
 190              	xPortGetFreeHeapSize:
 191              	.LFB8:
 139:Src/RTOS/heap_1.c **** /*-----------------------------------------------------------*/
 140:Src/RTOS/heap_1.c **** 
 141:Src/RTOS/heap_1.c **** size_t xPortGetFreeHeapSize( void )
 142:Src/RTOS/heap_1.c **** {
 192              		.loc 1 142 0
 193              		.cfi_startproc
 194              		@ args = 0, pretend = 0, frame = 0
 195              		@ frame_needed = 0, uses_anonymous_args = 0
 196              		@ link register save eliminated.
 143:Src/RTOS/heap_1.c **** 	return ( configADJUSTED_HEAP_SIZE - xNextFreeByte );
 197              		.loc 1 143 0
 198 0000 034B     		ldr	r3, .L18
 199 0002 1868     		ldr	r0, [r3]
 144:Src/RTOS/heap_1.c **** }
 200              		.loc 1 144 0
 201 0004 C0F59530 		rsb	r0, r0, #76288
 202 0008 00F5FC70 		add	r0, r0, #504
 203 000c 7047     		bx	lr
 204              	.L19:
 205 000e 00BF     		.align	2
 206              	.L18:
 207 0010 00000000 		.word	.LANCHOR1
 208              		.cfi_endproc
 209              	.LFE8:
 211              		.section	.bss.pucAlignedHeap.6392,"aw",%nobits
 212              		.align	2
 213              		.set	.LANCHOR0,. + 0
 216              	pucAlignedHeap.6392:
 217 0000 00000000 		.space	4
 218              		.section	.bss.ucHeap,"aw",%nobits
 219              		.align	2
 222              	ucHeap:
 223 0000 00000000 		.space	76800
 223      00000000 
 223      00000000 
 223      00000000 
 223      00000000 
 224              		.section	.bss.xNextFreeByte,"aw",%nobits
 225              		.align	2
 226              		.set	.LANCHOR1,. + 0
 229              	xNextFreeByte:
 230 0000 00000000 		.space	4
 231              		.text
 232              	.Letext0:
 233              		.file 3 "c:\\program files (x86)\\gnu tools arm embedded\\7 2018-q2-update\\lib\\gcc\\arm-none-eab
 234              		.file 4 "c:\\program files (x86)\\gnu tools arm embedded\\7 2018-q2-update\\arm-none-eabi\\include
 235              		.file 5 "c:\\program files (x86)\\gnu tools arm embedded\\7 2018-q2-update\\arm-none-eabi\\include
 236              		.file 6 "c:\\program files (x86)\\gnu tools arm embedded\\7 2018-q2-update\\arm-none-eabi\\include
 237              		.file 7 "c:\\program files (x86)\\gnu tools arm embedded\\7 2018-q2-update\\arm-none-eabi\\include
 238              		.file 8 "c:\\program files (x86)\\gnu tools arm embedded\\7 2018-q2-update\\arm-none-eabi\\include
 239              		.file 9 "c:\\program files (x86)\\gnu tools arm embedded\\7 2018-q2-update\\arm-none-eabi\\include
ARM GAS  C:\Users\RodrigWi\AppData\Local\Temp\ccwyVWDW.s 			page 11


 240              		.file 10 "Src/RTOS/Inc/task.h"
ARM GAS  C:\Users\RodrigWi\AppData\Local\Temp\ccwyVWDW.s 			page 12


DEFINED SYMBOLS
                            *ABS*:00000000 heap_1.c
C:\Users\RodrigWi\AppData\Local\Temp\ccwyVWDW.s:18     .text.pvPortMalloc:00000000 $t
C:\Users\RodrigWi\AppData\Local\Temp\ccwyVWDW.s:25     .text.pvPortMalloc:00000000 pvPortMalloc
C:\Users\RodrigWi\AppData\Local\Temp\ccwyVWDW.s:104    .text.pvPortMalloc:00000050 $d
C:\Users\RodrigWi\AppData\Local\Temp\ccwyVWDW.s:222    .bss.ucHeap:00000000 ucHeap
C:\Users\RodrigWi\AppData\Local\Temp\ccwyVWDW.s:112    .text.vPortFree:00000000 $t
C:\Users\RodrigWi\AppData\Local\Temp\ccwyVWDW.s:119    .text.vPortFree:00000000 vPortFree
C:\Users\RodrigWi\AppData\Local\Temp\ccwyVWDW.s:155    .text.vPortInitialiseBlocks:00000000 $t
C:\Users\RodrigWi\AppData\Local\Temp\ccwyVWDW.s:162    .text.vPortInitialiseBlocks:00000000 vPortInitialiseBlocks
C:\Users\RodrigWi\AppData\Local\Temp\ccwyVWDW.s:178    .text.vPortInitialiseBlocks:00000008 $d
C:\Users\RodrigWi\AppData\Local\Temp\ccwyVWDW.s:183    .text.xPortGetFreeHeapSize:00000000 $t
C:\Users\RodrigWi\AppData\Local\Temp\ccwyVWDW.s:190    .text.xPortGetFreeHeapSize:00000000 xPortGetFreeHeapSize
C:\Users\RodrigWi\AppData\Local\Temp\ccwyVWDW.s:207    .text.xPortGetFreeHeapSize:00000010 $d
C:\Users\RodrigWi\AppData\Local\Temp\ccwyVWDW.s:212    .bss.pucAlignedHeap.6392:00000000 $d
C:\Users\RodrigWi\AppData\Local\Temp\ccwyVWDW.s:216    .bss.pucAlignedHeap.6392:00000000 pucAlignedHeap.6392
C:\Users\RodrigWi\AppData\Local\Temp\ccwyVWDW.s:219    .bss.ucHeap:00000000 $d
C:\Users\RodrigWi\AppData\Local\Temp\ccwyVWDW.s:225    .bss.xNextFreeByte:00000000 $d
C:\Users\RodrigWi\AppData\Local\Temp\ccwyVWDW.s:229    .bss.xNextFreeByte:00000000 xNextFreeByte

UNDEFINED SYMBOLS
vTaskSuspendAll
xTaskResumeAll
