ARM GAS  C:\Users\RodrigWi\AppData\Local\Temp\ccpFIFxn.s 			page 1


   1              		.cpu cortex-m4
   2              		.eabi_attribute 27, 1
   3              		.eabi_attribute 28, 1
   4              		.eabi_attribute 20, 1
   5              		.eabi_attribute 21, 1
   6              		.eabi_attribute 23, 3
   7              		.eabi_attribute 24, 1
   8              		.eabi_attribute 25, 1
   9              		.eabi_attribute 26, 1
  10              		.eabi_attribute 30, 1
  11              		.eabi_attribute 34, 1
  12              		.eabi_attribute 18, 4
  13              		.file	"main.c"
  14              		.text
  15              	.Ltext0:
  16              		.cfi_sections	.debug_frame
  17              		.section	.text.HeartBeat,"ax",%progbits
  18              		.align	1
  19              		.global	HeartBeat
  20              		.syntax unified
  21              		.thumb
  22              		.thumb_func
  23              		.fpu fpv4-sp-d16
  25              	HeartBeat:
  26              	.LFB132:
  27              		.file 1 "Src/main.c"
   1:Src/main.c    **** #include "main.h"
   2:Src/main.c    **** #include "stm32f4xx_hal.h"
   3:Src/main.c    **** #include "FreeRTOS.h"
   4:Src/main.c    **** #include "task.h"
   5:Src/main.c    **** #include "BT121.h"
   6:Src/main.c    **** #include "SSD1306.h"
   7:Src/main.c    **** #include "Graphics.h"
   8:Src/main.c    **** 
   9:Src/main.c    **** void HeartBeat(void *params);
  10:Src/main.c    **** void SystemClock_Config(void);
  11:Src/main.c    ****  
  12:Src/main.c    **** int main(void) 
  13:Src/main.c    **** {  
  14:Src/main.c    ****   TaskHandle_t heartBeatTaskHandle = NULL;
  15:Src/main.c    ****   TaskHandle_t bluetoothTaskHandle = NULL; 
  16:Src/main.c    ****  
  17:Src/main.c    ****   HAL_Init();
  18:Src/main.c    **** 	SystemClock_Config();
  19:Src/main.c    **** 
  20:Src/main.c    ****   xTaskCreate(HeartBeat, "Heart Beat", 64, NULL, tskIDLE_PRIORITY, &heartBeatTaskHandle);
  21:Src/main.c    ****   LCDInit();
  22:Src/main.c    ****   GraphicsInit(SSD1306_LCDWIDTH, SSD1306_LCDHEIGHT);
  23:Src/main.c    ****   LCDDisplayUpdate();
  24:Src/main.c    ****   HAL_Delay(2000);
  25:Src/main.c    ****   LCDClear();
  26:Src/main.c    ****   LCDDisplayUpdate();
  27:Src/main.c    ****   WintuTest();
  28:Src/main.c    ****   xTaskCreate(BluetoothProcess, "Bluetooth", 1024, NULL, tskIDLE_PRIORITY, &bluetoothTaskHandle);
  29:Src/main.c    **** 
  30:Src/main.c    ****   vTaskStartScheduler();
  31:Src/main.c    **** 	while(1); // should never reach here 
ARM GAS  C:\Users\RodrigWi\AppData\Local\Temp\ccpFIFxn.s 			page 2


  32:Src/main.c    ****  
  33:Src/main.c    ****   return 0;   
  34:Src/main.c    **** }
  35:Src/main.c    ****   
  36:Src/main.c    **** void HeartBeat(void *params) 
  37:Src/main.c    **** { 
  28              		.loc 1 37 0
  29              		.cfi_startproc
  30              		@ Volatile: function does not return.
  31              		@ args = 0, pretend = 0, frame = 24
  32              		@ frame_needed = 0, uses_anonymous_args = 0
  33              	.LVL0:
  34 0000 00B5     		push	{lr}
  35              	.LCFI0:
  36              		.cfi_def_cfa_offset 4
  37              		.cfi_offset 14, -4
  38 0002 87B0     		sub	sp, sp, #28
  39              	.LCFI1:
  40              		.cfi_def_cfa_offset 32
  41              	.LBB2:
  38:Src/main.c    **** 	GPIO_InitTypeDef GPIO_InitStruct;
  39:Src/main.c    ****   __HAL_RCC_GPIOA_CLK_ENABLE();
  42              		.loc 1 39 0
  43 0004 0023     		movs	r3, #0
  44 0006 0093     		str	r3, [sp]
  45 0008 144A     		ldr	r2, .L4
  46 000a 116B     		ldr	r1, [r2, #48]
  47 000c 41F00101 		orr	r1, r1, #1
  48 0010 1163     		str	r1, [r2, #48]
  49 0012 126B     		ldr	r2, [r2, #48]
  50 0014 02F00102 		and	r2, r2, #1
  51 0018 0092     		str	r2, [sp]
  52 001a 009A     		ldr	r2, [sp]
  53              	.LBE2:
  40:Src/main.c    **** 	GPIO_InitStruct.Pin =  GPIO_PIN_8;
  54              		.loc 1 40 0
  55 001c 4FF48072 		mov	r2, #256
  56 0020 0192     		str	r2, [sp, #4]
  41:Src/main.c    **** 	GPIO_InitStruct.Mode = GPIO_MODE_OUTPUT_PP;
  57              		.loc 1 41 0
  58 0022 0122     		movs	r2, #1
  59 0024 0292     		str	r2, [sp, #8]
  42:Src/main.c    **** 	GPIO_InitStruct.Pull = GPIO_NOPULL;
  60              		.loc 1 42 0
  61 0026 0393     		str	r3, [sp, #12]
  43:Src/main.c    **** 	GPIO_InitStruct.Speed = GPIO_SPEED_FREQ_LOW;
  62              		.loc 1 43 0
  63 0028 0493     		str	r3, [sp, #16]
  44:Src/main.c    **** 	HAL_GPIO_Init(GPIOA, &GPIO_InitStruct);
  64              		.loc 1 44 0
  65 002a 01A9     		add	r1, sp, #4
  66 002c 0C48     		ldr	r0, .L4+4
  67              	.LVL1:
  68 002e FFF7FEFF 		bl	HAL_GPIO_Init
  69              	.LVL2:
  70              	.L2:
  45:Src/main.c    **** 
ARM GAS  C:\Users\RodrigWi\AppData\Local\Temp\ccpFIFxn.s 			page 3


  46:Src/main.c    **** 	while (1)
  47:Src/main.c    **** 	{
  48:Src/main.c    **** 	  	HAL_GPIO_WritePin(GPIOA, GPIO_PIN_8, GPIO_PIN_RESET); 
  71              		.loc 1 48 0 discriminator 1
  72 0032 0B4C     		ldr	r4, .L4+4
  73 0034 0022     		movs	r2, #0
  74 0036 4FF48071 		mov	r1, #256
  75 003a 2046     		mov	r0, r4
  76 003c FFF7FEFF 		bl	HAL_GPIO_WritePin
  77              	.LVL3:
  49:Src/main.c    **** 	    vTaskDelay(75);
  78              		.loc 1 49 0 discriminator 1
  79 0040 4B20     		movs	r0, #75
  80 0042 FFF7FEFF 		bl	vTaskDelay
  81              	.LVL4:
  50:Src/main.c    **** 	  	HAL_GPIO_WritePin(GPIOA, GPIO_PIN_8, GPIO_PIN_SET);
  82              		.loc 1 50 0 discriminator 1
  83 0046 0122     		movs	r2, #1
  84 0048 4FF48071 		mov	r1, #256
  85 004c 2046     		mov	r0, r4
  86 004e FFF7FEFF 		bl	HAL_GPIO_WritePin
  87              	.LVL5:
  51:Src/main.c    **** 	    vTaskDelay(925);
  88              		.loc 1 51 0 discriminator 1
  89 0052 40F29D30 		movw	r0, #925
  90 0056 FFF7FEFF 		bl	vTaskDelay
  91              	.LVL6:
  92 005a EAE7     		b	.L2
  93              	.L5:
  94              		.align	2
  95              	.L4:
  96 005c 00380240 		.word	1073887232
  97 0060 00000240 		.word	1073872896
  98              		.cfi_endproc
  99              	.LFE132:
 101              		.section	.text._Error_Handler,"ax",%progbits
 102              		.align	1
 103              		.global	_Error_Handler
 104              		.syntax unified
 105              		.thumb
 106              		.thumb_func
 107              		.fpu fpv4-sp-d16
 109              	_Error_Handler:
 110              	.LFB134:
  52:Src/main.c    **** 	}
  53:Src/main.c    **** }
  54:Src/main.c    **** 
  55:Src/main.c    **** void SystemClock_Config(void)
  56:Src/main.c    **** {
  57:Src/main.c    **** 
  58:Src/main.c    ****   RCC_OscInitTypeDef RCC_OscInitStruct;
  59:Src/main.c    ****   RCC_ClkInitTypeDef RCC_ClkInitStruct;
  60:Src/main.c    **** 
  61:Src/main.c    ****   __HAL_RCC_PWR_CLK_ENABLE();
  62:Src/main.c    **** 
  63:Src/main.c    ****   __HAL_PWR_VOLTAGESCALING_CONFIG(PWR_REGULATOR_VOLTAGE_SCALE1);
  64:Src/main.c    **** 
ARM GAS  C:\Users\RodrigWi\AppData\Local\Temp\ccpFIFxn.s 			page 4


  65:Src/main.c    ****     /**Initializes the CPU, AHB and APB busses clocks 
  66:Src/main.c    ****     */
  67:Src/main.c    ****   RCC_OscInitStruct.OscillatorType = RCC_OSCILLATORTYPE_HSI;
  68:Src/main.c    ****   RCC_OscInitStruct.HSIState = RCC_HSI_ON;
  69:Src/main.c    ****   RCC_OscInitStruct.HSICalibrationValue = 16;
  70:Src/main.c    ****   RCC_OscInitStruct.PLL.PLLState = RCC_PLL_ON;
  71:Src/main.c    ****   RCC_OscInitStruct.PLL.PLLSource = RCC_PLLSOURCE_HSI;
  72:Src/main.c    ****   RCC_OscInitStruct.PLL.PLLM = 8;
  73:Src/main.c    ****   RCC_OscInitStruct.PLL.PLLN = 120;
  74:Src/main.c    ****   RCC_OscInitStruct.PLL.PLLP = RCC_PLLP_DIV2;
  75:Src/main.c    ****   RCC_OscInitStruct.PLL.PLLQ = 5;
  76:Src/main.c    ****   if (HAL_RCC_OscConfig(&RCC_OscInitStruct) != HAL_OK)
  77:Src/main.c    ****   {
  78:Src/main.c    ****     _Error_Handler(__FILE__, __LINE__);
  79:Src/main.c    ****   }
  80:Src/main.c    **** 
  81:Src/main.c    ****     /**Initializes the CPU, AHB and APB busses clocks 
  82:Src/main.c    ****     */ 
  83:Src/main.c    ****   RCC_ClkInitStruct.ClockType = RCC_CLOCKTYPE_HCLK|RCC_CLOCKTYPE_SYSCLK
  84:Src/main.c    ****                               |RCC_CLOCKTYPE_PCLK1|RCC_CLOCKTYPE_PCLK2;
  85:Src/main.c    ****   RCC_ClkInitStruct.SYSCLKSource = RCC_SYSCLKSOURCE_PLLCLK;
  86:Src/main.c    ****   RCC_ClkInitStruct.AHBCLKDivider = RCC_SYSCLK_DIV1;
  87:Src/main.c    ****   RCC_ClkInitStruct.APB1CLKDivider = RCC_HCLK_DIV4;
  88:Src/main.c    ****   RCC_ClkInitStruct.APB2CLKDivider = RCC_HCLK_DIV2;
  89:Src/main.c    **** 
  90:Src/main.c    ****   if (HAL_RCC_ClockConfig(&RCC_ClkInitStruct, FLASH_LATENCY_3) != HAL_OK)
  91:Src/main.c    ****   {
  92:Src/main.c    ****     _Error_Handler(__FILE__, __LINE__);
  93:Src/main.c    ****   }
  94:Src/main.c    **** 
  95:Src/main.c    ****   // Systick will be configured by FreeRTOS kernel
  96:Src/main.c    **** }
  97:Src/main.c    **** 
  98:Src/main.c    **** void _Error_Handler(char *file, int line)
  99:Src/main.c    **** {
 111              		.loc 1 99 0
 112              		.cfi_startproc
 113              		@ Volatile: function does not return.
 114              		@ args = 0, pretend = 0, frame = 0
 115              		@ frame_needed = 0, uses_anonymous_args = 0
 116              		@ link register save eliminated.
 117              	.LVL7:
 118              	.L7:
 119 0000 FEE7     		b	.L7
 120              		.cfi_endproc
 121              	.LFE134:
 123              		.section	.text.SystemClock_Config,"ax",%progbits
 124              		.align	1
 125              		.global	SystemClock_Config
 126              		.syntax unified
 127              		.thumb
 128              		.thumb_func
 129              		.fpu fpv4-sp-d16
 131              	SystemClock_Config:
 132              	.LFB133:
  56:Src/main.c    **** 
 133              		.loc 1 56 0
ARM GAS  C:\Users\RodrigWi\AppData\Local\Temp\ccpFIFxn.s 			page 5


 134              		.cfi_startproc
 135              		@ args = 0, pretend = 0, frame = 80
 136              		@ frame_needed = 0, uses_anonymous_args = 0
  56:Src/main.c    **** 
 137              		.loc 1 56 0
 138 0000 00B5     		push	{lr}
 139              	.LCFI2:
 140              		.cfi_def_cfa_offset 4
 141              		.cfi_offset 14, -4
 142 0002 95B0     		sub	sp, sp, #84
 143              	.LCFI3:
 144              		.cfi_def_cfa_offset 88
 145              	.LBB3:
  61:Src/main.c    **** 
 146              		.loc 1 61 0
 147 0004 0022     		movs	r2, #0
 148 0006 0192     		str	r2, [sp, #4]
 149 0008 214B     		ldr	r3, .L14
 150 000a 196C     		ldr	r1, [r3, #64]
 151 000c 41F08051 		orr	r1, r1, #268435456
 152 0010 1964     		str	r1, [r3, #64]
 153 0012 1B6C     		ldr	r3, [r3, #64]
 154 0014 03F08053 		and	r3, r3, #268435456
 155 0018 0193     		str	r3, [sp, #4]
 156 001a 019B     		ldr	r3, [sp, #4]
 157              	.LBE3:
 158              	.LBB4:
  63:Src/main.c    **** 
 159              		.loc 1 63 0
 160 001c 0292     		str	r2, [sp, #8]
 161 001e 1D4B     		ldr	r3, .L14+4
 162 0020 1968     		ldr	r1, [r3]
 163 0022 41F48041 		orr	r1, r1, #16384
 164 0026 1960     		str	r1, [r3]
 165 0028 1B68     		ldr	r3, [r3]
 166 002a 03F48043 		and	r3, r3, #16384
 167 002e 0293     		str	r3, [sp, #8]
 168 0030 029B     		ldr	r3, [sp, #8]
 169              	.LBE4:
  67:Src/main.c    ****   RCC_OscInitStruct.HSIState = RCC_HSI_ON;
 170              		.loc 1 67 0
 171 0032 0223     		movs	r3, #2
 172 0034 0893     		str	r3, [sp, #32]
  68:Src/main.c    ****   RCC_OscInitStruct.HSICalibrationValue = 16;
 173              		.loc 1 68 0
 174 0036 0121     		movs	r1, #1
 175 0038 0B91     		str	r1, [sp, #44]
  69:Src/main.c    ****   RCC_OscInitStruct.PLL.PLLState = RCC_PLL_ON;
 176              		.loc 1 69 0
 177 003a 1021     		movs	r1, #16
 178 003c 0C91     		str	r1, [sp, #48]
  70:Src/main.c    ****   RCC_OscInitStruct.PLL.PLLSource = RCC_PLLSOURCE_HSI;
 179              		.loc 1 70 0
 180 003e 0E93     		str	r3, [sp, #56]
  71:Src/main.c    ****   RCC_OscInitStruct.PLL.PLLM = 8;
 181              		.loc 1 71 0
 182 0040 0F92     		str	r2, [sp, #60]
ARM GAS  C:\Users\RodrigWi\AppData\Local\Temp\ccpFIFxn.s 			page 6


  72:Src/main.c    ****   RCC_OscInitStruct.PLL.PLLN = 120;
 183              		.loc 1 72 0
 184 0042 0822     		movs	r2, #8
 185 0044 1092     		str	r2, [sp, #64]
  73:Src/main.c    ****   RCC_OscInitStruct.PLL.PLLP = RCC_PLLP_DIV2;
 186              		.loc 1 73 0
 187 0046 7822     		movs	r2, #120
 188 0048 1192     		str	r2, [sp, #68]
  74:Src/main.c    ****   RCC_OscInitStruct.PLL.PLLQ = 5;
 189              		.loc 1 74 0
 190 004a 1293     		str	r3, [sp, #72]
  75:Src/main.c    ****   if (HAL_RCC_OscConfig(&RCC_OscInitStruct) != HAL_OK)
 191              		.loc 1 75 0
 192 004c 0523     		movs	r3, #5
 193 004e 1393     		str	r3, [sp, #76]
  76:Src/main.c    ****   {
 194              		.loc 1 76 0
 195 0050 08A8     		add	r0, sp, #32
 196 0052 FFF7FEFF 		bl	HAL_RCC_OscConfig
 197              	.LVL8:
 198 0056 98B9     		cbnz	r0, .L12
  83:Src/main.c    ****                               |RCC_CLOCKTYPE_PCLK1|RCC_CLOCKTYPE_PCLK2;
 199              		.loc 1 83 0
 200 0058 0F23     		movs	r3, #15
 201 005a 0393     		str	r3, [sp, #12]
  85:Src/main.c    ****   RCC_ClkInitStruct.AHBCLKDivider = RCC_SYSCLK_DIV1;
 202              		.loc 1 85 0
 203 005c 0223     		movs	r3, #2
 204 005e 0493     		str	r3, [sp, #16]
  86:Src/main.c    ****   RCC_ClkInitStruct.APB1CLKDivider = RCC_HCLK_DIV4;
 205              		.loc 1 86 0
 206 0060 0023     		movs	r3, #0
 207 0062 0593     		str	r3, [sp, #20]
  87:Src/main.c    ****   RCC_ClkInitStruct.APB2CLKDivider = RCC_HCLK_DIV2;
 208              		.loc 1 87 0
 209 0064 4FF4A053 		mov	r3, #5120
 210 0068 0693     		str	r3, [sp, #24]
  88:Src/main.c    **** 
 211              		.loc 1 88 0
 212 006a 4FF48053 		mov	r3, #4096
 213 006e 0793     		str	r3, [sp, #28]
  90:Src/main.c    ****   {
 214              		.loc 1 90 0
 215 0070 0321     		movs	r1, #3
 216 0072 03A8     		add	r0, sp, #12
 217 0074 FFF7FEFF 		bl	HAL_RCC_ClockConfig
 218              	.LVL9:
 219 0078 30B9     		cbnz	r0, .L13
  96:Src/main.c    **** 
 220              		.loc 1 96 0
 221 007a 15B0     		add	sp, sp, #84
 222              	.LCFI4:
 223              		.cfi_remember_state
 224              		.cfi_def_cfa_offset 4
 225              		@ sp needed
 226 007c 5DF804FB 		ldr	pc, [sp], #4
 227              	.L12:
ARM GAS  C:\Users\RodrigWi\AppData\Local\Temp\ccpFIFxn.s 			page 7


 228              	.LCFI5:
 229              		.cfi_restore_state
  78:Src/main.c    ****   }
 230              		.loc 1 78 0
 231 0080 4E21     		movs	r1, #78
 232 0082 0548     		ldr	r0, .L14+8
 233 0084 FFF7FEFF 		bl	_Error_Handler
 234              	.LVL10:
 235              	.L13:
  92:Src/main.c    ****   }
 236              		.loc 1 92 0
 237 0088 5C21     		movs	r1, #92
 238 008a 0348     		ldr	r0, .L14+8
 239 008c FFF7FEFF 		bl	_Error_Handler
 240              	.LVL11:
 241              	.L15:
 242              		.align	2
 243              	.L14:
 244 0090 00380240 		.word	1073887232
 245 0094 00700040 		.word	1073770496
 246 0098 00000000 		.word	.LC0
 247              		.cfi_endproc
 248              	.LFE133:
 250              		.section	.text.main,"ax",%progbits
 251              		.align	1
 252              		.global	main
 253              		.syntax unified
 254              		.thumb
 255              		.thumb_func
 256              		.fpu fpv4-sp-d16
 258              	main:
 259              	.LFB131:
  13:Src/main.c    ****   TaskHandle_t heartBeatTaskHandle = NULL;
 260              		.loc 1 13 0
 261              		.cfi_startproc
 262              		@ Volatile: function does not return.
 263              		@ args = 0, pretend = 0, frame = 8
 264              		@ frame_needed = 0, uses_anonymous_args = 0
 265 0000 00B5     		push	{lr}
 266              	.LCFI6:
 267              		.cfi_def_cfa_offset 4
 268              		.cfi_offset 14, -4
 269 0002 85B0     		sub	sp, sp, #20
 270              	.LCFI7:
 271              		.cfi_def_cfa_offset 24
  14:Src/main.c    ****   TaskHandle_t bluetoothTaskHandle = NULL; 
 272              		.loc 1 14 0
 273 0004 0024     		movs	r4, #0
 274 0006 0394     		str	r4, [sp, #12]
  15:Src/main.c    ****  
 275              		.loc 1 15 0
 276 0008 0294     		str	r4, [sp, #8]
  17:Src/main.c    **** 	SystemClock_Config();
 277              		.loc 1 17 0
 278 000a FFF7FEFF 		bl	HAL_Init
 279              	.LVL12:
  18:Src/main.c    **** 
ARM GAS  C:\Users\RodrigWi\AppData\Local\Temp\ccpFIFxn.s 			page 8


 280              		.loc 1 18 0
 281 000e FFF7FEFF 		bl	SystemClock_Config
 282              	.LVL13:
  20:Src/main.c    ****   LCDInit();
 283              		.loc 1 20 0
 284 0012 03AB     		add	r3, sp, #12
 285 0014 0193     		str	r3, [sp, #4]
 286 0016 0094     		str	r4, [sp]
 287 0018 2346     		mov	r3, r4
 288 001a 4022     		movs	r2, #64
 289 001c 1149     		ldr	r1, .L19
 290 001e 1248     		ldr	r0, .L19+4
 291 0020 FFF7FEFF 		bl	xTaskCreate
 292              	.LVL14:
  21:Src/main.c    ****   GraphicsInit(SSD1306_LCDWIDTH, SSD1306_LCDHEIGHT);
 293              		.loc 1 21 0
 294 0024 FFF7FEFF 		bl	LCDInit
 295              	.LVL15:
  22:Src/main.c    ****   LCDDisplayUpdate();
 296              		.loc 1 22 0
 297 0028 4021     		movs	r1, #64
 298 002a 8020     		movs	r0, #128
 299 002c FFF7FEFF 		bl	GraphicsInit
 300              	.LVL16:
  23:Src/main.c    ****   HAL_Delay(2000);
 301              		.loc 1 23 0
 302 0030 FFF7FEFF 		bl	LCDDisplayUpdate
 303              	.LVL17:
  24:Src/main.c    ****   LCDClear();
 304              		.loc 1 24 0
 305 0034 4FF4FA60 		mov	r0, #2000
 306 0038 FFF7FEFF 		bl	HAL_Delay
 307              	.LVL18:
  25:Src/main.c    ****   LCDDisplayUpdate();
 308              		.loc 1 25 0
 309 003c FFF7FEFF 		bl	LCDClear
 310              	.LVL19:
  26:Src/main.c    ****   WintuTest();
 311              		.loc 1 26 0
 312 0040 FFF7FEFF 		bl	LCDDisplayUpdate
 313              	.LVL20:
  27:Src/main.c    ****   xTaskCreate(BluetoothProcess, "Bluetooth", 1024, NULL, tskIDLE_PRIORITY, &bluetoothTaskHandle);
 314              		.loc 1 27 0
 315 0044 FFF7FEFF 		bl	WintuTest
 316              	.LVL21:
  28:Src/main.c    **** 
 317              		.loc 1 28 0
 318 0048 02AB     		add	r3, sp, #8
 319 004a 0193     		str	r3, [sp, #4]
 320 004c 0094     		str	r4, [sp]
 321 004e 2346     		mov	r3, r4
 322 0050 4FF48062 		mov	r2, #1024
 323 0054 0549     		ldr	r1, .L19+8
 324 0056 0648     		ldr	r0, .L19+12
 325 0058 FFF7FEFF 		bl	xTaskCreate
 326              	.LVL22:
  30:Src/main.c    **** 	while(1); // should never reach here 
ARM GAS  C:\Users\RodrigWi\AppData\Local\Temp\ccpFIFxn.s 			page 9


 327              		.loc 1 30 0
 328 005c FFF7FEFF 		bl	vTaskStartScheduler
 329              	.LVL23:
 330              	.L17:
 331 0060 FEE7     		b	.L17
 332              	.L20:
 333 0062 00BF     		.align	2
 334              	.L19:
 335 0064 00000000 		.word	.LC1
 336 0068 00000000 		.word	HeartBeat
 337 006c 0C000000 		.word	.LC2
 338 0070 00000000 		.word	BluetoothProcess
 339              		.cfi_endproc
 340              	.LFE131:
 342              		.comm	_cp437,1,1
 343              		.comm	wrap,1,1
 344              		.comm	rotation,1,1
 345              		.comm	textsize,1,1
 346              		.comm	textbgcolor,2,2
 347              		.comm	textcolor,2,2
 348              		.comm	cursor_y,2,2
 349              		.comm	cursor_x,2,2
 350              		.comm	_height,2,2
 351              		.comm	_width,2,2
 352              		.comm	HEIGHT,2,2
 353              		.comm	WIDTH,2,2
 354              		.comm	I2cHandle,84,4
 355              		.comm	huart1,64,4
 356              		.section	.rodata.SystemClock_Config.str1.4,"aMS",%progbits,1
 357              		.align	2
 358              	.LC0:
 359 0000 5372632F 		.ascii	"Src/main.c\000"
 359      6D61696E 
 359      2E6300
 360              		.section	.rodata.main.str1.4,"aMS",%progbits,1
 361              		.align	2
 362              	.LC1:
 363 0000 48656172 		.ascii	"Heart Beat\000"
 363      74204265 
 363      617400
 364 000b 00       		.space	1
 365              	.LC2:
 366 000c 426C7565 		.ascii	"Bluetooth\000"
 366      746F6F74 
 366      6800
 367              		.text
 368              	.Letext0:
 369              		.file 2 "c:\\program files (x86)\\gnu tools arm embedded\\7 2018-q2-update\\arm-none-eabi\\include
 370              		.file 3 "c:\\program files (x86)\\gnu tools arm embedded\\7 2018-q2-update\\arm-none-eabi\\include
 371              		.file 4 "Src/Drivers/CMSIS/Include/core_cm4.h"
 372              		.file 5 "Src/Drivers/CMSIS/Device/ST/STM32F4xx/Include/system_stm32f4xx.h"
 373              		.file 6 "Src/Drivers/CMSIS/Device/ST/STM32F4xx/Include/stm32f405xx.h"
 374              		.file 7 "c:\\program files (x86)\\gnu tools arm embedded\\7 2018-q2-update\\arm-none-eabi\\include
 375              		.file 8 "c:\\program files (x86)\\gnu tools arm embedded\\7 2018-q2-update\\arm-none-eabi\\include
 376              		.file 9 "c:\\program files (x86)\\gnu tools arm embedded\\7 2018-q2-update\\lib\\gcc\\arm-none-eab
 377              		.file 10 "c:\\program files (x86)\\gnu tools arm embedded\\7 2018-q2-update\\arm-none-eabi\\includ
 378              		.file 11 "Src/Drivers/STM32F4xx_HAL_Driver/Inc/stm32f4xx_hal_def.h"
ARM GAS  C:\Users\RodrigWi\AppData\Local\Temp\ccpFIFxn.s 			page 10


 379              		.file 12 "Src/Drivers/STM32F4xx_HAL_Driver/Inc/stm32f4xx_hal_rcc_ex.h"
 380              		.file 13 "Src/Drivers/STM32F4xx_HAL_Driver/Inc/stm32f4xx_hal_rcc.h"
 381              		.file 14 "Src/Drivers/STM32F4xx_HAL_Driver/Inc/stm32f4xx_hal_gpio.h"
 382              		.file 15 "Src/Drivers/STM32F4xx_HAL_Driver/Inc/stm32f4xx_hal_dma.h"
 383              		.file 16 "Src/Drivers/STM32F4xx_HAL_Driver/Inc/stm32f4xx_hal_i2c.h"
 384              		.file 17 "Src/Drivers/STM32F4xx_HAL_Driver/Inc/stm32f4xx_hal_uart.h"
 385              		.file 18 "Src/RTOS/Inc/portmacro.h"
 386              		.file 19 "Src/RTOS/Inc/task.h"
 387              		.file 20 "Src/Drivers/Bluetooth/BT121.h"
 388              		.file 21 "Src/Drivers/LCD/SSD1306.h"
 389              		.file 22 "Src/Drivers/LCD/Graphics.h"
 390              		.file 23 "Src/Drivers/STM32F4xx_HAL_Driver/Inc/stm32f4xx_hal.h"
ARM GAS  C:\Users\RodrigWi\AppData\Local\Temp\ccpFIFxn.s 			page 11


DEFINED SYMBOLS
                            *ABS*:00000000 main.c
C:\Users\RodrigWi\AppData\Local\Temp\ccpFIFxn.s:18     .text.HeartBeat:00000000 $t
C:\Users\RodrigWi\AppData\Local\Temp\ccpFIFxn.s:25     .text.HeartBeat:00000000 HeartBeat
C:\Users\RodrigWi\AppData\Local\Temp\ccpFIFxn.s:96     .text.HeartBeat:0000005c $d
C:\Users\RodrigWi\AppData\Local\Temp\ccpFIFxn.s:102    .text._Error_Handler:00000000 $t
C:\Users\RodrigWi\AppData\Local\Temp\ccpFIFxn.s:109    .text._Error_Handler:00000000 _Error_Handler
C:\Users\RodrigWi\AppData\Local\Temp\ccpFIFxn.s:124    .text.SystemClock_Config:00000000 $t
C:\Users\RodrigWi\AppData\Local\Temp\ccpFIFxn.s:131    .text.SystemClock_Config:00000000 SystemClock_Config
C:\Users\RodrigWi\AppData\Local\Temp\ccpFIFxn.s:244    .text.SystemClock_Config:00000090 $d
C:\Users\RodrigWi\AppData\Local\Temp\ccpFIFxn.s:251    .text.main:00000000 $t
C:\Users\RodrigWi\AppData\Local\Temp\ccpFIFxn.s:258    .text.main:00000000 main
C:\Users\RodrigWi\AppData\Local\Temp\ccpFIFxn.s:335    .text.main:00000064 $d
                            *COM*:00000001 _cp437
                            *COM*:00000001 wrap
                            *COM*:00000001 rotation
                            *COM*:00000001 textsize
                            *COM*:00000002 textbgcolor
                            *COM*:00000002 textcolor
                            *COM*:00000002 cursor_y
                            *COM*:00000002 cursor_x
                            *COM*:00000002 _height
                            *COM*:00000002 _width
                            *COM*:00000002 HEIGHT
                            *COM*:00000002 WIDTH
                            *COM*:00000054 I2cHandle
                            *COM*:00000040 huart1
C:\Users\RodrigWi\AppData\Local\Temp\ccpFIFxn.s:357    .rodata.SystemClock_Config.str1.4:00000000 $d
C:\Users\RodrigWi\AppData\Local\Temp\ccpFIFxn.s:361    .rodata.main.str1.4:00000000 $d

UNDEFINED SYMBOLS
HAL_GPIO_Init
HAL_GPIO_WritePin
vTaskDelay
HAL_RCC_OscConfig
HAL_RCC_ClockConfig
HAL_Init
xTaskCreate
LCDInit
GraphicsInit
LCDDisplayUpdate
HAL_Delay
LCDClear
WintuTest
vTaskStartScheduler
BluetoothProcess
