ARM GAS  C:\Users\RodrigWi\AppData\Local\Temp\ccjulSdu.s 			page 1


   1              		.cpu cortex-m4
   2              		.eabi_attribute 27, 1
   3              		.eabi_attribute 28, 1
   4              		.eabi_attribute 20, 1
   5              		.eabi_attribute 21, 1
   6              		.eabi_attribute 23, 3
   7              		.eabi_attribute 24, 1
   8              		.eabi_attribute 25, 1
   9              		.eabi_attribute 26, 1
  10              		.eabi_attribute 30, 1
  11              		.eabi_attribute 34, 1
  12              		.eabi_attribute 18, 4
  13              		.file	"stm32f4xx_hal_gpio.c"
  14              		.text
  15              	.Ltext0:
  16              		.cfi_sections	.debug_frame
  17              		.section	.text.HAL_GPIO_Init,"ax",%progbits
  18              		.align	1
  19              		.global	HAL_GPIO_Init
  20              		.syntax unified
  21              		.thumb
  22              		.thumb_func
  23              		.fpu fpv4-sp-d16
  25              	HAL_GPIO_Init:
  26              	.LFB126:
  27              		.file 1 "Src/Drivers/STM32F4xx_HAL_Driver/Src/stm32f4xx_hal_gpio.c"
   1:Src/Drivers/STM32F4xx_HAL_Driver/Src/stm32f4xx_hal_gpio.c **** /**
   2:Src/Drivers/STM32F4xx_HAL_Driver/Src/stm32f4xx_hal_gpio.c ****   ******************************************************************************
   3:Src/Drivers/STM32F4xx_HAL_Driver/Src/stm32f4xx_hal_gpio.c ****   * @file    stm32f4xx_hal_gpio.c
   4:Src/Drivers/STM32F4xx_HAL_Driver/Src/stm32f4xx_hal_gpio.c ****   * @author  MCD Application Team
   5:Src/Drivers/STM32F4xx_HAL_Driver/Src/stm32f4xx_hal_gpio.c ****   * @brief   GPIO HAL module driver.
   6:Src/Drivers/STM32F4xx_HAL_Driver/Src/stm32f4xx_hal_gpio.c ****   *          This file provides firmware functions to manage the following 
   7:Src/Drivers/STM32F4xx_HAL_Driver/Src/stm32f4xx_hal_gpio.c ****   *          functionalities of the General Purpose Input/Output (GPIO) peripheral:
   8:Src/Drivers/STM32F4xx_HAL_Driver/Src/stm32f4xx_hal_gpio.c ****   *           + Initialization and de-initialization functions
   9:Src/Drivers/STM32F4xx_HAL_Driver/Src/stm32f4xx_hal_gpio.c ****   *           + IO operation functions
  10:Src/Drivers/STM32F4xx_HAL_Driver/Src/stm32f4xx_hal_gpio.c ****   *
  11:Src/Drivers/STM32F4xx_HAL_Driver/Src/stm32f4xx_hal_gpio.c ****   @verbatim
  12:Src/Drivers/STM32F4xx_HAL_Driver/Src/stm32f4xx_hal_gpio.c ****   ==============================================================================
  13:Src/Drivers/STM32F4xx_HAL_Driver/Src/stm32f4xx_hal_gpio.c ****                     ##### GPIO Peripheral features #####
  14:Src/Drivers/STM32F4xx_HAL_Driver/Src/stm32f4xx_hal_gpio.c ****   ==============================================================================
  15:Src/Drivers/STM32F4xx_HAL_Driver/Src/stm32f4xx_hal_gpio.c ****   [..] 
  16:Src/Drivers/STM32F4xx_HAL_Driver/Src/stm32f4xx_hal_gpio.c ****   Subject to the specific hardware characteristics of each I/O port listed in the datasheet, each
  17:Src/Drivers/STM32F4xx_HAL_Driver/Src/stm32f4xx_hal_gpio.c ****   port bit of the General Purpose IO (GPIO) Ports, can be individually configured by software
  18:Src/Drivers/STM32F4xx_HAL_Driver/Src/stm32f4xx_hal_gpio.c ****   in several modes:
  19:Src/Drivers/STM32F4xx_HAL_Driver/Src/stm32f4xx_hal_gpio.c ****   (+) Input mode 
  20:Src/Drivers/STM32F4xx_HAL_Driver/Src/stm32f4xx_hal_gpio.c ****   (+) Analog mode
  21:Src/Drivers/STM32F4xx_HAL_Driver/Src/stm32f4xx_hal_gpio.c ****   (+) Output mode
  22:Src/Drivers/STM32F4xx_HAL_Driver/Src/stm32f4xx_hal_gpio.c ****   (+) Alternate function mode
  23:Src/Drivers/STM32F4xx_HAL_Driver/Src/stm32f4xx_hal_gpio.c ****   (+) External interrupt/event lines
  24:Src/Drivers/STM32F4xx_HAL_Driver/Src/stm32f4xx_hal_gpio.c **** 
  25:Src/Drivers/STM32F4xx_HAL_Driver/Src/stm32f4xx_hal_gpio.c ****   [..]  
  26:Src/Drivers/STM32F4xx_HAL_Driver/Src/stm32f4xx_hal_gpio.c ****   During and just after reset, the alternate functions and external interrupt  
  27:Src/Drivers/STM32F4xx_HAL_Driver/Src/stm32f4xx_hal_gpio.c ****   lines are not active and the I/O ports are configured in input floating mode.
  28:Src/Drivers/STM32F4xx_HAL_Driver/Src/stm32f4xx_hal_gpio.c ****   
  29:Src/Drivers/STM32F4xx_HAL_Driver/Src/stm32f4xx_hal_gpio.c ****   [..]   
  30:Src/Drivers/STM32F4xx_HAL_Driver/Src/stm32f4xx_hal_gpio.c ****   All GPIO pins have weak internal pull-up and pull-down resistors, which can be 
  31:Src/Drivers/STM32F4xx_HAL_Driver/Src/stm32f4xx_hal_gpio.c ****   activated or not.
ARM GAS  C:\Users\RodrigWi\AppData\Local\Temp\ccjulSdu.s 			page 2


  32:Src/Drivers/STM32F4xx_HAL_Driver/Src/stm32f4xx_hal_gpio.c **** 
  33:Src/Drivers/STM32F4xx_HAL_Driver/Src/stm32f4xx_hal_gpio.c ****   [..]
  34:Src/Drivers/STM32F4xx_HAL_Driver/Src/stm32f4xx_hal_gpio.c ****   In Output or Alternate mode, each IO can be configured on open-drain or push-pull
  35:Src/Drivers/STM32F4xx_HAL_Driver/Src/stm32f4xx_hal_gpio.c ****   type and the IO speed can be selected depending on the VDD value.
  36:Src/Drivers/STM32F4xx_HAL_Driver/Src/stm32f4xx_hal_gpio.c **** 
  37:Src/Drivers/STM32F4xx_HAL_Driver/Src/stm32f4xx_hal_gpio.c ****   [..]  
  38:Src/Drivers/STM32F4xx_HAL_Driver/Src/stm32f4xx_hal_gpio.c ****   All ports have external interrupt/event capability. To use external interrupt 
  39:Src/Drivers/STM32F4xx_HAL_Driver/Src/stm32f4xx_hal_gpio.c ****   lines, the port must be configured in input mode. All available GPIO pins are 
  40:Src/Drivers/STM32F4xx_HAL_Driver/Src/stm32f4xx_hal_gpio.c ****   connected to the 16 external interrupt/event lines from EXTI0 to EXTI15.
  41:Src/Drivers/STM32F4xx_HAL_Driver/Src/stm32f4xx_hal_gpio.c ****   
  42:Src/Drivers/STM32F4xx_HAL_Driver/Src/stm32f4xx_hal_gpio.c ****   [..]
  43:Src/Drivers/STM32F4xx_HAL_Driver/Src/stm32f4xx_hal_gpio.c ****   The external interrupt/event controller consists of up to 23 edge detectors 
  44:Src/Drivers/STM32F4xx_HAL_Driver/Src/stm32f4xx_hal_gpio.c ****   (16 lines are connected to GPIO) for generating event/interrupt requests (each 
  45:Src/Drivers/STM32F4xx_HAL_Driver/Src/stm32f4xx_hal_gpio.c ****   input line can be independently configured to select the type (interrupt or event) 
  46:Src/Drivers/STM32F4xx_HAL_Driver/Src/stm32f4xx_hal_gpio.c ****   and the corresponding trigger event (rising or falling or both). Each line can 
  47:Src/Drivers/STM32F4xx_HAL_Driver/Src/stm32f4xx_hal_gpio.c ****   also be masked independently. 
  48:Src/Drivers/STM32F4xx_HAL_Driver/Src/stm32f4xx_hal_gpio.c **** 
  49:Src/Drivers/STM32F4xx_HAL_Driver/Src/stm32f4xx_hal_gpio.c ****                      ##### How to use this driver #####
  50:Src/Drivers/STM32F4xx_HAL_Driver/Src/stm32f4xx_hal_gpio.c ****   ==============================================================================  
  51:Src/Drivers/STM32F4xx_HAL_Driver/Src/stm32f4xx_hal_gpio.c ****   [..]
  52:Src/Drivers/STM32F4xx_HAL_Driver/Src/stm32f4xx_hal_gpio.c ****     (#) Enable the GPIO AHB clock using the following function: __HAL_RCC_GPIOx_CLK_ENABLE(). 
  53:Src/Drivers/STM32F4xx_HAL_Driver/Src/stm32f4xx_hal_gpio.c **** 
  54:Src/Drivers/STM32F4xx_HAL_Driver/Src/stm32f4xx_hal_gpio.c ****     (#) Configure the GPIO pin(s) using HAL_GPIO_Init().
  55:Src/Drivers/STM32F4xx_HAL_Driver/Src/stm32f4xx_hal_gpio.c ****         (++) Configure the IO mode using "Mode" member from GPIO_InitTypeDef structure
  56:Src/Drivers/STM32F4xx_HAL_Driver/Src/stm32f4xx_hal_gpio.c ****         (++) Activate Pull-up, Pull-down resistor using "Pull" member from GPIO_InitTypeDef 
  57:Src/Drivers/STM32F4xx_HAL_Driver/Src/stm32f4xx_hal_gpio.c ****              structure.
  58:Src/Drivers/STM32F4xx_HAL_Driver/Src/stm32f4xx_hal_gpio.c ****         (++) In case of Output or alternate function mode selection: the speed is 
  59:Src/Drivers/STM32F4xx_HAL_Driver/Src/stm32f4xx_hal_gpio.c ****              configured through "Speed" member from GPIO_InitTypeDef structure.
  60:Src/Drivers/STM32F4xx_HAL_Driver/Src/stm32f4xx_hal_gpio.c ****         (++) In alternate mode is selection, the alternate function connected to the IO
  61:Src/Drivers/STM32F4xx_HAL_Driver/Src/stm32f4xx_hal_gpio.c ****              is configured through "Alternate" member from GPIO_InitTypeDef structure.
  62:Src/Drivers/STM32F4xx_HAL_Driver/Src/stm32f4xx_hal_gpio.c ****         (++) Analog mode is required when a pin is to be used as ADC channel 
  63:Src/Drivers/STM32F4xx_HAL_Driver/Src/stm32f4xx_hal_gpio.c ****              or DAC output.
  64:Src/Drivers/STM32F4xx_HAL_Driver/Src/stm32f4xx_hal_gpio.c ****         (++) In case of external interrupt/event selection the "Mode" member from 
  65:Src/Drivers/STM32F4xx_HAL_Driver/Src/stm32f4xx_hal_gpio.c ****              GPIO_InitTypeDef structure select the type (interrupt or event) and 
  66:Src/Drivers/STM32F4xx_HAL_Driver/Src/stm32f4xx_hal_gpio.c ****              the corresponding trigger event (rising or falling or both).
  67:Src/Drivers/STM32F4xx_HAL_Driver/Src/stm32f4xx_hal_gpio.c **** 
  68:Src/Drivers/STM32F4xx_HAL_Driver/Src/stm32f4xx_hal_gpio.c ****     (#) In case of external interrupt/event mode selection, configure NVIC IRQ priority 
  69:Src/Drivers/STM32F4xx_HAL_Driver/Src/stm32f4xx_hal_gpio.c ****         mapped to the EXTI line using HAL_NVIC_SetPriority() and enable it using
  70:Src/Drivers/STM32F4xx_HAL_Driver/Src/stm32f4xx_hal_gpio.c ****         HAL_NVIC_EnableIRQ().
  71:Src/Drivers/STM32F4xx_HAL_Driver/Src/stm32f4xx_hal_gpio.c ****          
  72:Src/Drivers/STM32F4xx_HAL_Driver/Src/stm32f4xx_hal_gpio.c ****     (#) To get the level of a pin configured in input mode use HAL_GPIO_ReadPin().
  73:Src/Drivers/STM32F4xx_HAL_Driver/Src/stm32f4xx_hal_gpio.c ****             
  74:Src/Drivers/STM32F4xx_HAL_Driver/Src/stm32f4xx_hal_gpio.c ****     (#) To set/reset the level of a pin configured in output mode use 
  75:Src/Drivers/STM32F4xx_HAL_Driver/Src/stm32f4xx_hal_gpio.c ****         HAL_GPIO_WritePin()/HAL_GPIO_TogglePin().
  76:Src/Drivers/STM32F4xx_HAL_Driver/Src/stm32f4xx_hal_gpio.c ****     
  77:Src/Drivers/STM32F4xx_HAL_Driver/Src/stm32f4xx_hal_gpio.c ****     (#) To lock pin configuration until next reset use HAL_GPIO_LockPin().
  78:Src/Drivers/STM32F4xx_HAL_Driver/Src/stm32f4xx_hal_gpio.c **** 
  79:Src/Drivers/STM32F4xx_HAL_Driver/Src/stm32f4xx_hal_gpio.c ****                  
  80:Src/Drivers/STM32F4xx_HAL_Driver/Src/stm32f4xx_hal_gpio.c ****     (#) During and just after reset, the alternate functions are not 
  81:Src/Drivers/STM32F4xx_HAL_Driver/Src/stm32f4xx_hal_gpio.c ****         active and the GPIO pins are configured in input floating mode (except JTAG
  82:Src/Drivers/STM32F4xx_HAL_Driver/Src/stm32f4xx_hal_gpio.c ****         pins).
  83:Src/Drivers/STM32F4xx_HAL_Driver/Src/stm32f4xx_hal_gpio.c ****   
  84:Src/Drivers/STM32F4xx_HAL_Driver/Src/stm32f4xx_hal_gpio.c ****     (#) The LSE oscillator pins OSC32_IN and OSC32_OUT can be used as general purpose 
  85:Src/Drivers/STM32F4xx_HAL_Driver/Src/stm32f4xx_hal_gpio.c ****         (PC14 and PC15, respectively) when the LSE oscillator is off. The LSE has 
  86:Src/Drivers/STM32F4xx_HAL_Driver/Src/stm32f4xx_hal_gpio.c ****         priority over the GPIO function.
  87:Src/Drivers/STM32F4xx_HAL_Driver/Src/stm32f4xx_hal_gpio.c ****   
  88:Src/Drivers/STM32F4xx_HAL_Driver/Src/stm32f4xx_hal_gpio.c ****     (#) The HSE oscillator pins OSC_IN/OSC_OUT can be used as 
ARM GAS  C:\Users\RodrigWi\AppData\Local\Temp\ccjulSdu.s 			page 3


  89:Src/Drivers/STM32F4xx_HAL_Driver/Src/stm32f4xx_hal_gpio.c ****         general purpose PH0 and PH1, respectively, when the HSE oscillator is off. 
  90:Src/Drivers/STM32F4xx_HAL_Driver/Src/stm32f4xx_hal_gpio.c ****         The HSE has priority over the GPIO function.
  91:Src/Drivers/STM32F4xx_HAL_Driver/Src/stm32f4xx_hal_gpio.c ****   
  92:Src/Drivers/STM32F4xx_HAL_Driver/Src/stm32f4xx_hal_gpio.c ****   @endverbatim
  93:Src/Drivers/STM32F4xx_HAL_Driver/Src/stm32f4xx_hal_gpio.c ****   ******************************************************************************
  94:Src/Drivers/STM32F4xx_HAL_Driver/Src/stm32f4xx_hal_gpio.c ****   * @attention
  95:Src/Drivers/STM32F4xx_HAL_Driver/Src/stm32f4xx_hal_gpio.c ****   *
  96:Src/Drivers/STM32F4xx_HAL_Driver/Src/stm32f4xx_hal_gpio.c ****   * <h2><center>&copy; COPYRIGHT(c) 2017 STMicroelectronics</center></h2>
  97:Src/Drivers/STM32F4xx_HAL_Driver/Src/stm32f4xx_hal_gpio.c ****   *
  98:Src/Drivers/STM32F4xx_HAL_Driver/Src/stm32f4xx_hal_gpio.c ****   * Redistribution and use in source and binary forms, with or without modification,
  99:Src/Drivers/STM32F4xx_HAL_Driver/Src/stm32f4xx_hal_gpio.c ****   * are permitted provided that the following conditions are met:
 100:Src/Drivers/STM32F4xx_HAL_Driver/Src/stm32f4xx_hal_gpio.c ****   *   1. Redistributions of source code must retain the above copyright notice,
 101:Src/Drivers/STM32F4xx_HAL_Driver/Src/stm32f4xx_hal_gpio.c ****   *      this list of conditions and the following disclaimer.
 102:Src/Drivers/STM32F4xx_HAL_Driver/Src/stm32f4xx_hal_gpio.c ****   *   2. Redistributions in binary form must reproduce the above copyright notice,
 103:Src/Drivers/STM32F4xx_HAL_Driver/Src/stm32f4xx_hal_gpio.c ****   *      this list of conditions and the following disclaimer in the documentation
 104:Src/Drivers/STM32F4xx_HAL_Driver/Src/stm32f4xx_hal_gpio.c ****   *      and/or other materials provided with the distribution.
 105:Src/Drivers/STM32F4xx_HAL_Driver/Src/stm32f4xx_hal_gpio.c ****   *   3. Neither the name of STMicroelectronics nor the names of its contributors
 106:Src/Drivers/STM32F4xx_HAL_Driver/Src/stm32f4xx_hal_gpio.c ****   *      may be used to endorse or promote products derived from this software
 107:Src/Drivers/STM32F4xx_HAL_Driver/Src/stm32f4xx_hal_gpio.c ****   *      without specific prior written permission.
 108:Src/Drivers/STM32F4xx_HAL_Driver/Src/stm32f4xx_hal_gpio.c ****   *
 109:Src/Drivers/STM32F4xx_HAL_Driver/Src/stm32f4xx_hal_gpio.c ****   * THIS SOFTWARE IS PROVIDED BY THE COPYRIGHT HOLDERS AND CONTRIBUTORS "AS IS"
 110:Src/Drivers/STM32F4xx_HAL_Driver/Src/stm32f4xx_hal_gpio.c ****   * AND ANY EXPRESS OR IMPLIED WARRANTIES, INCLUDING, BUT NOT LIMITED TO, THE
 111:Src/Drivers/STM32F4xx_HAL_Driver/Src/stm32f4xx_hal_gpio.c ****   * IMPLIED WARRANTIES OF MERCHANTABILITY AND FITNESS FOR A PARTICULAR PURPOSE ARE
 112:Src/Drivers/STM32F4xx_HAL_Driver/Src/stm32f4xx_hal_gpio.c ****   * DISCLAIMED. IN NO EVENT SHALL THE COPYRIGHT HOLDER OR CONTRIBUTORS BE LIABLE
 113:Src/Drivers/STM32F4xx_HAL_Driver/Src/stm32f4xx_hal_gpio.c ****   * FOR ANY DIRECT, INDIRECT, INCIDENTAL, SPECIAL, EXEMPLARY, OR CONSEQUENTIAL
 114:Src/Drivers/STM32F4xx_HAL_Driver/Src/stm32f4xx_hal_gpio.c ****   * DAMAGES (INCLUDING, BUT NOT LIMITED TO, PROCUREMENT OF SUBSTITUTE GOODS OR
 115:Src/Drivers/STM32F4xx_HAL_Driver/Src/stm32f4xx_hal_gpio.c ****   * SERVICES; LOSS OF USE, DATA, OR PROFITS; OR BUSINESS INTERRUPTION) HOWEVER
 116:Src/Drivers/STM32F4xx_HAL_Driver/Src/stm32f4xx_hal_gpio.c ****   * CAUSED AND ON ANY THEORY OF LIABILITY, WHETHER IN CONTRACT, STRICT LIABILITY,
 117:Src/Drivers/STM32F4xx_HAL_Driver/Src/stm32f4xx_hal_gpio.c ****   * OR TORT (INCLUDING NEGLIGENCE OR OTHERWISE) ARISING IN ANY WAY OUT OF THE USE
 118:Src/Drivers/STM32F4xx_HAL_Driver/Src/stm32f4xx_hal_gpio.c ****   * OF THIS SOFTWARE, EVEN IF ADVISED OF THE POSSIBILITY OF SUCH DAMAGE.
 119:Src/Drivers/STM32F4xx_HAL_Driver/Src/stm32f4xx_hal_gpio.c ****   *
 120:Src/Drivers/STM32F4xx_HAL_Driver/Src/stm32f4xx_hal_gpio.c ****   ******************************************************************************
 121:Src/Drivers/STM32F4xx_HAL_Driver/Src/stm32f4xx_hal_gpio.c ****   */ 
 122:Src/Drivers/STM32F4xx_HAL_Driver/Src/stm32f4xx_hal_gpio.c **** 
 123:Src/Drivers/STM32F4xx_HAL_Driver/Src/stm32f4xx_hal_gpio.c **** /* Includes ------------------------------------------------------------------*/
 124:Src/Drivers/STM32F4xx_HAL_Driver/Src/stm32f4xx_hal_gpio.c **** #include "stm32f4xx_hal.h"
 125:Src/Drivers/STM32F4xx_HAL_Driver/Src/stm32f4xx_hal_gpio.c **** 
 126:Src/Drivers/STM32F4xx_HAL_Driver/Src/stm32f4xx_hal_gpio.c **** /** @addtogroup STM32F4xx_HAL_Driver
 127:Src/Drivers/STM32F4xx_HAL_Driver/Src/stm32f4xx_hal_gpio.c ****   * @{
 128:Src/Drivers/STM32F4xx_HAL_Driver/Src/stm32f4xx_hal_gpio.c ****   */
 129:Src/Drivers/STM32F4xx_HAL_Driver/Src/stm32f4xx_hal_gpio.c **** 
 130:Src/Drivers/STM32F4xx_HAL_Driver/Src/stm32f4xx_hal_gpio.c **** /** @defgroup GPIO GPIO
 131:Src/Drivers/STM32F4xx_HAL_Driver/Src/stm32f4xx_hal_gpio.c ****   * @brief GPIO HAL module driver
 132:Src/Drivers/STM32F4xx_HAL_Driver/Src/stm32f4xx_hal_gpio.c ****   * @{
 133:Src/Drivers/STM32F4xx_HAL_Driver/Src/stm32f4xx_hal_gpio.c ****   */
 134:Src/Drivers/STM32F4xx_HAL_Driver/Src/stm32f4xx_hal_gpio.c **** 
 135:Src/Drivers/STM32F4xx_HAL_Driver/Src/stm32f4xx_hal_gpio.c **** #ifdef HAL_GPIO_MODULE_ENABLED
 136:Src/Drivers/STM32F4xx_HAL_Driver/Src/stm32f4xx_hal_gpio.c **** 
 137:Src/Drivers/STM32F4xx_HAL_Driver/Src/stm32f4xx_hal_gpio.c **** /* Private typedef -----------------------------------------------------------*/
 138:Src/Drivers/STM32F4xx_HAL_Driver/Src/stm32f4xx_hal_gpio.c **** /* Private define ------------------------------------------------------------*/
 139:Src/Drivers/STM32F4xx_HAL_Driver/Src/stm32f4xx_hal_gpio.c **** /** @addtogroup GPIO_Private_Constants GPIO Private Constants
 140:Src/Drivers/STM32F4xx_HAL_Driver/Src/stm32f4xx_hal_gpio.c ****   * @{
 141:Src/Drivers/STM32F4xx_HAL_Driver/Src/stm32f4xx_hal_gpio.c ****   */
 142:Src/Drivers/STM32F4xx_HAL_Driver/Src/stm32f4xx_hal_gpio.c **** #define GPIO_MODE             0x00000003U
 143:Src/Drivers/STM32F4xx_HAL_Driver/Src/stm32f4xx_hal_gpio.c **** #define EXTI_MODE             0x10000000U
 144:Src/Drivers/STM32F4xx_HAL_Driver/Src/stm32f4xx_hal_gpio.c **** #define GPIO_MODE_IT          0x00010000U
 145:Src/Drivers/STM32F4xx_HAL_Driver/Src/stm32f4xx_hal_gpio.c **** #define GPIO_MODE_EVT         0x00020000U
ARM GAS  C:\Users\RodrigWi\AppData\Local\Temp\ccjulSdu.s 			page 4


 146:Src/Drivers/STM32F4xx_HAL_Driver/Src/stm32f4xx_hal_gpio.c **** #define RISING_EDGE           0x00100000U
 147:Src/Drivers/STM32F4xx_HAL_Driver/Src/stm32f4xx_hal_gpio.c **** #define FALLING_EDGE          0x00200000U
 148:Src/Drivers/STM32F4xx_HAL_Driver/Src/stm32f4xx_hal_gpio.c **** #define GPIO_OUTPUT_TYPE      0x00000010U
 149:Src/Drivers/STM32F4xx_HAL_Driver/Src/stm32f4xx_hal_gpio.c **** 
 150:Src/Drivers/STM32F4xx_HAL_Driver/Src/stm32f4xx_hal_gpio.c **** #define GPIO_NUMBER           16U
 151:Src/Drivers/STM32F4xx_HAL_Driver/Src/stm32f4xx_hal_gpio.c **** /**
 152:Src/Drivers/STM32F4xx_HAL_Driver/Src/stm32f4xx_hal_gpio.c ****   * @}
 153:Src/Drivers/STM32F4xx_HAL_Driver/Src/stm32f4xx_hal_gpio.c ****   */
 154:Src/Drivers/STM32F4xx_HAL_Driver/Src/stm32f4xx_hal_gpio.c **** /* Private macro -------------------------------------------------------------*/
 155:Src/Drivers/STM32F4xx_HAL_Driver/Src/stm32f4xx_hal_gpio.c **** /* Private variables ---------------------------------------------------------*/
 156:Src/Drivers/STM32F4xx_HAL_Driver/Src/stm32f4xx_hal_gpio.c **** /* Private function prototypes -----------------------------------------------*/
 157:Src/Drivers/STM32F4xx_HAL_Driver/Src/stm32f4xx_hal_gpio.c **** /* Private functions ---------------------------------------------------------*/
 158:Src/Drivers/STM32F4xx_HAL_Driver/Src/stm32f4xx_hal_gpio.c **** /* Exported functions --------------------------------------------------------*/
 159:Src/Drivers/STM32F4xx_HAL_Driver/Src/stm32f4xx_hal_gpio.c **** /** @defgroup GPIO_Exported_Functions GPIO Exported Functions
 160:Src/Drivers/STM32F4xx_HAL_Driver/Src/stm32f4xx_hal_gpio.c ****   * @{
 161:Src/Drivers/STM32F4xx_HAL_Driver/Src/stm32f4xx_hal_gpio.c ****   */
 162:Src/Drivers/STM32F4xx_HAL_Driver/Src/stm32f4xx_hal_gpio.c **** 
 163:Src/Drivers/STM32F4xx_HAL_Driver/Src/stm32f4xx_hal_gpio.c **** /** @defgroup GPIO_Exported_Functions_Group1 Initialization and de-initialization functions
 164:Src/Drivers/STM32F4xx_HAL_Driver/Src/stm32f4xx_hal_gpio.c ****   *  @brief    Initialization and Configuration functions
 165:Src/Drivers/STM32F4xx_HAL_Driver/Src/stm32f4xx_hal_gpio.c ****   *
 166:Src/Drivers/STM32F4xx_HAL_Driver/Src/stm32f4xx_hal_gpio.c **** @verbatim    
 167:Src/Drivers/STM32F4xx_HAL_Driver/Src/stm32f4xx_hal_gpio.c ****  ===============================================================================
 168:Src/Drivers/STM32F4xx_HAL_Driver/Src/stm32f4xx_hal_gpio.c ****               ##### Initialization and de-initialization functions #####
 169:Src/Drivers/STM32F4xx_HAL_Driver/Src/stm32f4xx_hal_gpio.c ****  ===============================================================================
 170:Src/Drivers/STM32F4xx_HAL_Driver/Src/stm32f4xx_hal_gpio.c ****   [..]
 171:Src/Drivers/STM32F4xx_HAL_Driver/Src/stm32f4xx_hal_gpio.c ****     This section provides functions allowing to initialize and de-initialize the GPIOs
 172:Src/Drivers/STM32F4xx_HAL_Driver/Src/stm32f4xx_hal_gpio.c ****     to be ready for use.
 173:Src/Drivers/STM32F4xx_HAL_Driver/Src/stm32f4xx_hal_gpio.c ****  
 174:Src/Drivers/STM32F4xx_HAL_Driver/Src/stm32f4xx_hal_gpio.c **** @endverbatim
 175:Src/Drivers/STM32F4xx_HAL_Driver/Src/stm32f4xx_hal_gpio.c ****   * @{
 176:Src/Drivers/STM32F4xx_HAL_Driver/Src/stm32f4xx_hal_gpio.c ****   */
 177:Src/Drivers/STM32F4xx_HAL_Driver/Src/stm32f4xx_hal_gpio.c **** 
 178:Src/Drivers/STM32F4xx_HAL_Driver/Src/stm32f4xx_hal_gpio.c **** 
 179:Src/Drivers/STM32F4xx_HAL_Driver/Src/stm32f4xx_hal_gpio.c **** /**
 180:Src/Drivers/STM32F4xx_HAL_Driver/Src/stm32f4xx_hal_gpio.c ****   * @brief  Initializes the GPIOx peripheral according to the specified parameters in the GPIO_Init
 181:Src/Drivers/STM32F4xx_HAL_Driver/Src/stm32f4xx_hal_gpio.c ****   * @param  GPIOx where x can be (A..K) to select the GPIO peripheral for STM32F429X device or
 182:Src/Drivers/STM32F4xx_HAL_Driver/Src/stm32f4xx_hal_gpio.c ****   *                      x can be (A..I) to select the GPIO peripheral for STM32F40XX and STM32F427
 183:Src/Drivers/STM32F4xx_HAL_Driver/Src/stm32f4xx_hal_gpio.c ****   * @param  GPIO_Init pointer to a GPIO_InitTypeDef structure that contains
 184:Src/Drivers/STM32F4xx_HAL_Driver/Src/stm32f4xx_hal_gpio.c ****   *         the configuration information for the specified GPIO peripheral.
 185:Src/Drivers/STM32F4xx_HAL_Driver/Src/stm32f4xx_hal_gpio.c ****   * @retval None
 186:Src/Drivers/STM32F4xx_HAL_Driver/Src/stm32f4xx_hal_gpio.c ****   */
 187:Src/Drivers/STM32F4xx_HAL_Driver/Src/stm32f4xx_hal_gpio.c **** void HAL_GPIO_Init(GPIO_TypeDef  *GPIOx, GPIO_InitTypeDef *GPIO_Init)
 188:Src/Drivers/STM32F4xx_HAL_Driver/Src/stm32f4xx_hal_gpio.c **** {
  28              		.loc 1 188 0
  29              		.cfi_startproc
  30              		@ args = 0, pretend = 0, frame = 8
  31              		@ frame_needed = 0, uses_anonymous_args = 0
  32              		@ link register save eliminated.
  33              	.LVL0:
 189:Src/Drivers/STM32F4xx_HAL_Driver/Src/stm32f4xx_hal_gpio.c ****   uint32_t position;
 190:Src/Drivers/STM32F4xx_HAL_Driver/Src/stm32f4xx_hal_gpio.c ****   uint32_t ioposition = 0x00U;
 191:Src/Drivers/STM32F4xx_HAL_Driver/Src/stm32f4xx_hal_gpio.c ****   uint32_t iocurrent = 0x00U;
 192:Src/Drivers/STM32F4xx_HAL_Driver/Src/stm32f4xx_hal_gpio.c ****   uint32_t temp = 0x00U;
 193:Src/Drivers/STM32F4xx_HAL_Driver/Src/stm32f4xx_hal_gpio.c **** 
 194:Src/Drivers/STM32F4xx_HAL_Driver/Src/stm32f4xx_hal_gpio.c ****   /* Check the parameters */
 195:Src/Drivers/STM32F4xx_HAL_Driver/Src/stm32f4xx_hal_gpio.c ****   assert_param(IS_GPIO_ALL_INSTANCE(GPIOx));
 196:Src/Drivers/STM32F4xx_HAL_Driver/Src/stm32f4xx_hal_gpio.c ****   assert_param(IS_GPIO_PIN(GPIO_Init->Pin));
ARM GAS  C:\Users\RodrigWi\AppData\Local\Temp\ccjulSdu.s 			page 5


 197:Src/Drivers/STM32F4xx_HAL_Driver/Src/stm32f4xx_hal_gpio.c ****   assert_param(IS_GPIO_MODE(GPIO_Init->Mode));
 198:Src/Drivers/STM32F4xx_HAL_Driver/Src/stm32f4xx_hal_gpio.c ****   assert_param(IS_GPIO_PULL(GPIO_Init->Pull));
 199:Src/Drivers/STM32F4xx_HAL_Driver/Src/stm32f4xx_hal_gpio.c **** 
 200:Src/Drivers/STM32F4xx_HAL_Driver/Src/stm32f4xx_hal_gpio.c ****   /* Configure the port pins */
 201:Src/Drivers/STM32F4xx_HAL_Driver/Src/stm32f4xx_hal_gpio.c ****   for(position = 0U; position < GPIO_NUMBER; position++)
  34              		.loc 1 201 0
  35 0000 0023     		movs	r3, #0
  36              	.LVL1:
  37 0002 0F2B     		cmp	r3, #15
  38 0004 00F2D780 		bhi	.L25
 188:Src/Drivers/STM32F4xx_HAL_Driver/Src/stm32f4xx_hal_gpio.c ****   uint32_t position;
  39              		.loc 1 188 0
  40 0008 F0B4     		push	{r4, r5, r6, r7}
  41              	.LCFI0:
  42              		.cfi_def_cfa_offset 16
  43              		.cfi_offset 4, -16
  44              		.cfi_offset 5, -12
  45              		.cfi_offset 6, -8
  46              		.cfi_offset 7, -4
  47 000a 82B0     		sub	sp, sp, #8
  48              	.LCFI1:
  49              		.cfi_def_cfa_offset 24
  50 000c 39E0     		b	.L13
  51              	.LVL2:
  52              	.L27:
 202:Src/Drivers/STM32F4xx_HAL_Driver/Src/stm32f4xx_hal_gpio.c ****   {
 203:Src/Drivers/STM32F4xx_HAL_Driver/Src/stm32f4xx_hal_gpio.c ****     /* Get the IO position */
 204:Src/Drivers/STM32F4xx_HAL_Driver/Src/stm32f4xx_hal_gpio.c ****     ioposition = 0x01U << position;
 205:Src/Drivers/STM32F4xx_HAL_Driver/Src/stm32f4xx_hal_gpio.c ****     /* Get the current IO position */
 206:Src/Drivers/STM32F4xx_HAL_Driver/Src/stm32f4xx_hal_gpio.c ****     iocurrent = (uint32_t)(GPIO_Init->Pin) & ioposition;
 207:Src/Drivers/STM32F4xx_HAL_Driver/Src/stm32f4xx_hal_gpio.c **** 
 208:Src/Drivers/STM32F4xx_HAL_Driver/Src/stm32f4xx_hal_gpio.c ****     if(iocurrent == ioposition)
 209:Src/Drivers/STM32F4xx_HAL_Driver/Src/stm32f4xx_hal_gpio.c ****     {
 210:Src/Drivers/STM32F4xx_HAL_Driver/Src/stm32f4xx_hal_gpio.c ****       /*--------------------- GPIO Mode Configuration ------------------------*/
 211:Src/Drivers/STM32F4xx_HAL_Driver/Src/stm32f4xx_hal_gpio.c ****       /* In case of Alternate function mode selection */
 212:Src/Drivers/STM32F4xx_HAL_Driver/Src/stm32f4xx_hal_gpio.c ****       if((GPIO_Init->Mode == GPIO_MODE_AF_PP) || (GPIO_Init->Mode == GPIO_MODE_AF_OD))
 213:Src/Drivers/STM32F4xx_HAL_Driver/Src/stm32f4xx_hal_gpio.c ****       {
 214:Src/Drivers/STM32F4xx_HAL_Driver/Src/stm32f4xx_hal_gpio.c ****         /* Check the Alternate function parameter */
 215:Src/Drivers/STM32F4xx_HAL_Driver/Src/stm32f4xx_hal_gpio.c ****         assert_param(IS_GPIO_AF(GPIO_Init->Alternate));
 216:Src/Drivers/STM32F4xx_HAL_Driver/Src/stm32f4xx_hal_gpio.c ****         /* Configure Alternate function mapped with the current IO */
 217:Src/Drivers/STM32F4xx_HAL_Driver/Src/stm32f4xx_hal_gpio.c ****         temp = GPIOx->AFR[position >> 3U];
 218:Src/Drivers/STM32F4xx_HAL_Driver/Src/stm32f4xx_hal_gpio.c ****         temp &= ~(0xFU << ((uint32_t)(position & 0x07U) * 4U)) ;
 219:Src/Drivers/STM32F4xx_HAL_Driver/Src/stm32f4xx_hal_gpio.c ****         temp |= ((uint32_t)(GPIO_Init->Alternate) << (((uint32_t)position & 0x07U) * 4U));
 220:Src/Drivers/STM32F4xx_HAL_Driver/Src/stm32f4xx_hal_gpio.c ****         GPIOx->AFR[position >> 3U] = temp;
 221:Src/Drivers/STM32F4xx_HAL_Driver/Src/stm32f4xx_hal_gpio.c ****       }
 222:Src/Drivers/STM32F4xx_HAL_Driver/Src/stm32f4xx_hal_gpio.c **** 
 223:Src/Drivers/STM32F4xx_HAL_Driver/Src/stm32f4xx_hal_gpio.c ****       /* Configure IO Direction mode (Input, Output, Alternate or Analog) */
 224:Src/Drivers/STM32F4xx_HAL_Driver/Src/stm32f4xx_hal_gpio.c ****       temp = GPIOx->MODER;
 225:Src/Drivers/STM32F4xx_HAL_Driver/Src/stm32f4xx_hal_gpio.c ****       temp &= ~(GPIO_MODER_MODER0 << (position * 2U));
 226:Src/Drivers/STM32F4xx_HAL_Driver/Src/stm32f4xx_hal_gpio.c ****       temp |= ((GPIO_Init->Mode & GPIO_MODE) << (position * 2U));
 227:Src/Drivers/STM32F4xx_HAL_Driver/Src/stm32f4xx_hal_gpio.c ****       GPIOx->MODER = temp;
 228:Src/Drivers/STM32F4xx_HAL_Driver/Src/stm32f4xx_hal_gpio.c **** 
 229:Src/Drivers/STM32F4xx_HAL_Driver/Src/stm32f4xx_hal_gpio.c ****       /* In case of Output or Alternate function mode selection */
 230:Src/Drivers/STM32F4xx_HAL_Driver/Src/stm32f4xx_hal_gpio.c ****       if((GPIO_Init->Mode == GPIO_MODE_OUTPUT_PP) || (GPIO_Init->Mode == GPIO_MODE_AF_PP) ||
 231:Src/Drivers/STM32F4xx_HAL_Driver/Src/stm32f4xx_hal_gpio.c ****          (GPIO_Init->Mode == GPIO_MODE_OUTPUT_OD) || (GPIO_Init->Mode == GPIO_MODE_AF_OD))
 232:Src/Drivers/STM32F4xx_HAL_Driver/Src/stm32f4xx_hal_gpio.c ****       {
 233:Src/Drivers/STM32F4xx_HAL_Driver/Src/stm32f4xx_hal_gpio.c ****         /* Check the Speed parameter */
ARM GAS  C:\Users\RodrigWi\AppData\Local\Temp\ccjulSdu.s 			page 6


 234:Src/Drivers/STM32F4xx_HAL_Driver/Src/stm32f4xx_hal_gpio.c ****         assert_param(IS_GPIO_SPEED(GPIO_Init->Speed));
 235:Src/Drivers/STM32F4xx_HAL_Driver/Src/stm32f4xx_hal_gpio.c ****         /* Configure the IO Speed */
 236:Src/Drivers/STM32F4xx_HAL_Driver/Src/stm32f4xx_hal_gpio.c ****         temp = GPIOx->OSPEEDR; 
 237:Src/Drivers/STM32F4xx_HAL_Driver/Src/stm32f4xx_hal_gpio.c ****         temp &= ~(GPIO_OSPEEDER_OSPEEDR0 << (position * 2U));
 238:Src/Drivers/STM32F4xx_HAL_Driver/Src/stm32f4xx_hal_gpio.c ****         temp |= (GPIO_Init->Speed << (position * 2U));
 239:Src/Drivers/STM32F4xx_HAL_Driver/Src/stm32f4xx_hal_gpio.c ****         GPIOx->OSPEEDR = temp;
 240:Src/Drivers/STM32F4xx_HAL_Driver/Src/stm32f4xx_hal_gpio.c **** 
 241:Src/Drivers/STM32F4xx_HAL_Driver/Src/stm32f4xx_hal_gpio.c ****         /* Configure the IO Output Type */
 242:Src/Drivers/STM32F4xx_HAL_Driver/Src/stm32f4xx_hal_gpio.c ****         temp = GPIOx->OTYPER;
 243:Src/Drivers/STM32F4xx_HAL_Driver/Src/stm32f4xx_hal_gpio.c ****         temp &= ~(GPIO_OTYPER_OT_0 << position) ;
 244:Src/Drivers/STM32F4xx_HAL_Driver/Src/stm32f4xx_hal_gpio.c ****         temp |= (((GPIO_Init->Mode & GPIO_OUTPUT_TYPE) >> 4U) << position);
 245:Src/Drivers/STM32F4xx_HAL_Driver/Src/stm32f4xx_hal_gpio.c ****         GPIOx->OTYPER = temp;
 246:Src/Drivers/STM32F4xx_HAL_Driver/Src/stm32f4xx_hal_gpio.c ****       }
 247:Src/Drivers/STM32F4xx_HAL_Driver/Src/stm32f4xx_hal_gpio.c **** 
 248:Src/Drivers/STM32F4xx_HAL_Driver/Src/stm32f4xx_hal_gpio.c ****       /* Activate the Pull-up or Pull down resistor for the current IO */
 249:Src/Drivers/STM32F4xx_HAL_Driver/Src/stm32f4xx_hal_gpio.c ****       temp = GPIOx->PUPDR;
 250:Src/Drivers/STM32F4xx_HAL_Driver/Src/stm32f4xx_hal_gpio.c ****       temp &= ~(GPIO_PUPDR_PUPDR0 << (position * 2U));
 251:Src/Drivers/STM32F4xx_HAL_Driver/Src/stm32f4xx_hal_gpio.c ****       temp |= ((GPIO_Init->Pull) << (position * 2U));
 252:Src/Drivers/STM32F4xx_HAL_Driver/Src/stm32f4xx_hal_gpio.c ****       GPIOx->PUPDR = temp;
 253:Src/Drivers/STM32F4xx_HAL_Driver/Src/stm32f4xx_hal_gpio.c **** 
 254:Src/Drivers/STM32F4xx_HAL_Driver/Src/stm32f4xx_hal_gpio.c ****       /*--------------------- EXTI Mode Configuration ------------------------*/
 255:Src/Drivers/STM32F4xx_HAL_Driver/Src/stm32f4xx_hal_gpio.c ****       /* Configure the External Interrupt or event for the current IO */
 256:Src/Drivers/STM32F4xx_HAL_Driver/Src/stm32f4xx_hal_gpio.c ****       if((GPIO_Init->Mode & EXTI_MODE) == EXTI_MODE)
 257:Src/Drivers/STM32F4xx_HAL_Driver/Src/stm32f4xx_hal_gpio.c ****       {
 258:Src/Drivers/STM32F4xx_HAL_Driver/Src/stm32f4xx_hal_gpio.c ****         /* Enable SYSCFG Clock */
 259:Src/Drivers/STM32F4xx_HAL_Driver/Src/stm32f4xx_hal_gpio.c ****         __HAL_RCC_SYSCFG_CLK_ENABLE();
 260:Src/Drivers/STM32F4xx_HAL_Driver/Src/stm32f4xx_hal_gpio.c **** 
 261:Src/Drivers/STM32F4xx_HAL_Driver/Src/stm32f4xx_hal_gpio.c ****         temp = SYSCFG->EXTICR[position >> 2U];
 262:Src/Drivers/STM32F4xx_HAL_Driver/Src/stm32f4xx_hal_gpio.c ****         temp &= ~(0x0FU << (4U * (position & 0x03U)));
 263:Src/Drivers/STM32F4xx_HAL_Driver/Src/stm32f4xx_hal_gpio.c ****         temp |= ((uint32_t)(GPIO_GET_INDEX(GPIOx)) << (4U * (position & 0x03U)));
  53              		.loc 1 263 0
  54 000e 0722     		movs	r2, #7
  55 0010 00E0     		b	.L8
  56              	.L14:
  57 0012 0022     		movs	r2, #0
  58              	.L8:
  59              		.loc 1 263 0 is_stmt 0 discriminator 32
  60 0014 B240     		lsls	r2, r2, r6
  61 0016 3A43     		orrs	r2, r2, r7
  62              	.LVL3:
 264:Src/Drivers/STM32F4xx_HAL_Driver/Src/stm32f4xx_hal_gpio.c ****         SYSCFG->EXTICR[position >> 2U] = temp;
  63              		.loc 1 264 0 is_stmt 1 discriminator 32
  64 0018 0234     		adds	r4, r4, #2
  65 001a 674E     		ldr	r6, .L28
  66 001c 46F82420 		str	r2, [r6, r4, lsl #2]
 265:Src/Drivers/STM32F4xx_HAL_Driver/Src/stm32f4xx_hal_gpio.c **** 
 266:Src/Drivers/STM32F4xx_HAL_Driver/Src/stm32f4xx_hal_gpio.c ****         /* Clear EXTI line configuration */
 267:Src/Drivers/STM32F4xx_HAL_Driver/Src/stm32f4xx_hal_gpio.c ****         temp = EXTI->IMR;
  67              		.loc 1 267 0 discriminator 32
  68 0020 664A     		ldr	r2, .L28+4
  69              	.LVL4:
  70 0022 1468     		ldr	r4, [r2]
  71              	.LVL5:
 268:Src/Drivers/STM32F4xx_HAL_Driver/Src/stm32f4xx_hal_gpio.c ****         temp &= ~((uint32_t)iocurrent);
  72              		.loc 1 268 0 discriminator 32
  73 0024 EA43     		mvns	r2, r5
  74 0026 02EA0406 		and	r6, r2, r4
ARM GAS  C:\Users\RodrigWi\AppData\Local\Temp\ccjulSdu.s 			page 7


  75              	.LVL6:
 269:Src/Drivers/STM32F4xx_HAL_Driver/Src/stm32f4xx_hal_gpio.c ****         if((GPIO_Init->Mode & GPIO_MODE_IT) == GPIO_MODE_IT)
  76              		.loc 1 269 0 discriminator 32
  77 002a 4F68     		ldr	r7, [r1, #4]
  78 002c 17F4803F 		tst	r7, #65536
  79 0030 01D0     		beq	.L9
 270:Src/Drivers/STM32F4xx_HAL_Driver/Src/stm32f4xx_hal_gpio.c ****         {
 271:Src/Drivers/STM32F4xx_HAL_Driver/Src/stm32f4xx_hal_gpio.c ****           temp |= iocurrent;
  80              		.loc 1 271 0
  81 0032 45EA0406 		orr	r6, r5, r4
  82              	.LVL7:
  83              	.L9:
 272:Src/Drivers/STM32F4xx_HAL_Driver/Src/stm32f4xx_hal_gpio.c ****         }
 273:Src/Drivers/STM32F4xx_HAL_Driver/Src/stm32f4xx_hal_gpio.c ****         EXTI->IMR = temp;
  84              		.loc 1 273 0
  85 0036 614C     		ldr	r4, .L28+4
  86 0038 2660     		str	r6, [r4]
 274:Src/Drivers/STM32F4xx_HAL_Driver/Src/stm32f4xx_hal_gpio.c **** 
 275:Src/Drivers/STM32F4xx_HAL_Driver/Src/stm32f4xx_hal_gpio.c ****         temp = EXTI->EMR;
  87              		.loc 1 275 0
  88 003a 6468     		ldr	r4, [r4, #4]
  89              	.LVL8:
 276:Src/Drivers/STM32F4xx_HAL_Driver/Src/stm32f4xx_hal_gpio.c ****         temp &= ~((uint32_t)iocurrent);
  90              		.loc 1 276 0
  91 003c 02EA0406 		and	r6, r2, r4
  92              	.LVL9:
 277:Src/Drivers/STM32F4xx_HAL_Driver/Src/stm32f4xx_hal_gpio.c ****         if((GPIO_Init->Mode & GPIO_MODE_EVT) == GPIO_MODE_EVT)
  93              		.loc 1 277 0
  94 0040 4F68     		ldr	r7, [r1, #4]
  95 0042 17F4003F 		tst	r7, #131072
  96 0046 01D0     		beq	.L10
 278:Src/Drivers/STM32F4xx_HAL_Driver/Src/stm32f4xx_hal_gpio.c ****         {
 279:Src/Drivers/STM32F4xx_HAL_Driver/Src/stm32f4xx_hal_gpio.c ****           temp |= iocurrent;
  97              		.loc 1 279 0
  98 0048 45EA0406 		orr	r6, r5, r4
  99              	.LVL10:
 100              	.L10:
 280:Src/Drivers/STM32F4xx_HAL_Driver/Src/stm32f4xx_hal_gpio.c ****         }
 281:Src/Drivers/STM32F4xx_HAL_Driver/Src/stm32f4xx_hal_gpio.c ****         EXTI->EMR = temp;
 101              		.loc 1 281 0
 102 004c 5B4C     		ldr	r4, .L28+4
 103 004e 6660     		str	r6, [r4, #4]
 282:Src/Drivers/STM32F4xx_HAL_Driver/Src/stm32f4xx_hal_gpio.c **** 
 283:Src/Drivers/STM32F4xx_HAL_Driver/Src/stm32f4xx_hal_gpio.c ****         /* Clear Rising Falling edge configuration */
 284:Src/Drivers/STM32F4xx_HAL_Driver/Src/stm32f4xx_hal_gpio.c ****         temp = EXTI->RTSR;
 104              		.loc 1 284 0
 105 0050 A468     		ldr	r4, [r4, #8]
 106              	.LVL11:
 285:Src/Drivers/STM32F4xx_HAL_Driver/Src/stm32f4xx_hal_gpio.c ****         temp &= ~((uint32_t)iocurrent);
 107              		.loc 1 285 0
 108 0052 02EA0406 		and	r6, r2, r4
 109              	.LVL12:
 286:Src/Drivers/STM32F4xx_HAL_Driver/Src/stm32f4xx_hal_gpio.c ****         if((GPIO_Init->Mode & RISING_EDGE) == RISING_EDGE)
 110              		.loc 1 286 0
 111 0056 4F68     		ldr	r7, [r1, #4]
 112 0058 17F4801F 		tst	r7, #1048576
 113 005c 01D0     		beq	.L11
ARM GAS  C:\Users\RodrigWi\AppData\Local\Temp\ccjulSdu.s 			page 8


 287:Src/Drivers/STM32F4xx_HAL_Driver/Src/stm32f4xx_hal_gpio.c ****         {
 288:Src/Drivers/STM32F4xx_HAL_Driver/Src/stm32f4xx_hal_gpio.c ****           temp |= iocurrent;
 114              		.loc 1 288 0
 115 005e 45EA0406 		orr	r6, r5, r4
 116              	.LVL13:
 117              	.L11:
 289:Src/Drivers/STM32F4xx_HAL_Driver/Src/stm32f4xx_hal_gpio.c ****         }
 290:Src/Drivers/STM32F4xx_HAL_Driver/Src/stm32f4xx_hal_gpio.c ****         EXTI->RTSR = temp;
 118              		.loc 1 290 0
 119 0062 564C     		ldr	r4, .L28+4
 120 0064 A660     		str	r6, [r4, #8]
 291:Src/Drivers/STM32F4xx_HAL_Driver/Src/stm32f4xx_hal_gpio.c **** 
 292:Src/Drivers/STM32F4xx_HAL_Driver/Src/stm32f4xx_hal_gpio.c ****         temp = EXTI->FTSR;
 121              		.loc 1 292 0
 122 0066 E468     		ldr	r4, [r4, #12]
 123              	.LVL14:
 293:Src/Drivers/STM32F4xx_HAL_Driver/Src/stm32f4xx_hal_gpio.c ****         temp &= ~((uint32_t)iocurrent);
 124              		.loc 1 293 0
 125 0068 2240     		ands	r2, r2, r4
 126              	.LVL15:
 294:Src/Drivers/STM32F4xx_HAL_Driver/Src/stm32f4xx_hal_gpio.c ****         if((GPIO_Init->Mode & FALLING_EDGE) == FALLING_EDGE)
 127              		.loc 1 294 0
 128 006a 4E68     		ldr	r6, [r1, #4]
 129 006c 16F4001F 		tst	r6, #2097152
 130 0070 01D0     		beq	.L12
 295:Src/Drivers/STM32F4xx_HAL_Driver/Src/stm32f4xx_hal_gpio.c ****         {
 296:Src/Drivers/STM32F4xx_HAL_Driver/Src/stm32f4xx_hal_gpio.c ****           temp |= iocurrent;
 131              		.loc 1 296 0
 132 0072 45EA0402 		orr	r2, r5, r4
 133              	.LVL16:
 134              	.L12:
 297:Src/Drivers/STM32F4xx_HAL_Driver/Src/stm32f4xx_hal_gpio.c ****         }
 298:Src/Drivers/STM32F4xx_HAL_Driver/Src/stm32f4xx_hal_gpio.c ****         EXTI->FTSR = temp;
 135              		.loc 1 298 0
 136 0076 514C     		ldr	r4, .L28+4
 137 0078 E260     		str	r2, [r4, #12]
 138              	.LVL17:
 139              	.L3:
 201:Src/Drivers/STM32F4xx_HAL_Driver/Src/stm32f4xx_hal_gpio.c ****   {
 140              		.loc 1 201 0 discriminator 2
 141 007a 0133     		adds	r3, r3, #1
 142              	.LVL18:
 143 007c 0F2B     		cmp	r3, #15
 144 007e 00F29780 		bhi	.L26
 145              	.LVL19:
 146              	.L13:
 204:Src/Drivers/STM32F4xx_HAL_Driver/Src/stm32f4xx_hal_gpio.c ****     /* Get the current IO position */
 147              		.loc 1 204 0
 148 0082 0122     		movs	r2, #1
 149 0084 9A40     		lsls	r2, r2, r3
 150              	.LVL20:
 206:Src/Drivers/STM32F4xx_HAL_Driver/Src/stm32f4xx_hal_gpio.c **** 
 151              		.loc 1 206 0
 152 0086 0C68     		ldr	r4, [r1]
 153 0088 04EA0205 		and	r5, r4, r2
 154              	.LVL21:
 208:Src/Drivers/STM32F4xx_HAL_Driver/Src/stm32f4xx_hal_gpio.c ****     {
ARM GAS  C:\Users\RodrigWi\AppData\Local\Temp\ccjulSdu.s 			page 9


 155              		.loc 1 208 0
 156 008c AA42     		cmp	r2, r5
 157 008e F4D1     		bne	.L3
 212:Src/Drivers/STM32F4xx_HAL_Driver/Src/stm32f4xx_hal_gpio.c ****       {
 158              		.loc 1 212 0
 159 0090 4C68     		ldr	r4, [r1, #4]
 160 0092 022C     		cmp	r4, #2
 161 0094 01D0     		beq	.L4
 212:Src/Drivers/STM32F4xx_HAL_Driver/Src/stm32f4xx_hal_gpio.c ****       {
 162              		.loc 1 212 0 is_stmt 0 discriminator 1
 163 0096 122C     		cmp	r4, #18
 164 0098 10D1     		bne	.L5
 165              	.L4:
 217:Src/Drivers/STM32F4xx_HAL_Driver/Src/stm32f4xx_hal_gpio.c ****         temp &= ~(0xFU << ((uint32_t)(position & 0x07U) * 4U)) ;
 166              		.loc 1 217 0 is_stmt 1
 167 009a DE08     		lsrs	r6, r3, #3
 168 009c 0836     		adds	r6, r6, #8
 169 009e 50F826C0 		ldr	ip, [r0, r6, lsl #2]
 170              	.LVL22:
 218:Src/Drivers/STM32F4xx_HAL_Driver/Src/stm32f4xx_hal_gpio.c ****         temp |= ((uint32_t)(GPIO_Init->Alternate) << (((uint32_t)position & 0x07U) * 4U));
 171              		.loc 1 218 0
 172 00a2 03F00704 		and	r4, r3, #7
 173 00a6 A700     		lsls	r7, r4, #2
 174 00a8 0F24     		movs	r4, #15
 175 00aa BC40     		lsls	r4, r4, r7
 176 00ac 2CEA040C 		bic	ip, ip, r4
 177              	.LVL23:
 219:Src/Drivers/STM32F4xx_HAL_Driver/Src/stm32f4xx_hal_gpio.c ****         GPIOx->AFR[position >> 3U] = temp;
 178              		.loc 1 219 0
 179 00b0 0C69     		ldr	r4, [r1, #16]
 180 00b2 BC40     		lsls	r4, r4, r7
 181 00b4 44EA0C04 		orr	r4, r4, ip
 182              	.LVL24:
 220:Src/Drivers/STM32F4xx_HAL_Driver/Src/stm32f4xx_hal_gpio.c ****       }
 183              		.loc 1 220 0
 184 00b8 40F82640 		str	r4, [r0, r6, lsl #2]
 185              	.LVL25:
 186              	.L5:
 224:Src/Drivers/STM32F4xx_HAL_Driver/Src/stm32f4xx_hal_gpio.c ****       temp &= ~(GPIO_MODER_MODER0 << (position * 2U));
 187              		.loc 1 224 0
 188 00bc 0468     		ldr	r4, [r0]
 189              	.LVL26:
 225:Src/Drivers/STM32F4xx_HAL_Driver/Src/stm32f4xx_hal_gpio.c ****       temp |= ((GPIO_Init->Mode & GPIO_MODE) << (position * 2U));
 190              		.loc 1 225 0
 191 00be 5F00     		lsls	r7, r3, #1
 192 00c0 0326     		movs	r6, #3
 193 00c2 BE40     		lsls	r6, r6, r7
 194 00c4 F643     		mvns	r6, r6
 195 00c6 06EA040C 		and	ip, r6, r4
 196              	.LVL27:
 226:Src/Drivers/STM32F4xx_HAL_Driver/Src/stm32f4xx_hal_gpio.c ****       GPIOx->MODER = temp;
 197              		.loc 1 226 0
 198 00ca 4C68     		ldr	r4, [r1, #4]
 199 00cc 04F00304 		and	r4, r4, #3
 200 00d0 BC40     		lsls	r4, r4, r7
 201 00d2 44EA0C04 		orr	r4, r4, ip
 202              	.LVL28:
ARM GAS  C:\Users\RodrigWi\AppData\Local\Temp\ccjulSdu.s 			page 10


 227:Src/Drivers/STM32F4xx_HAL_Driver/Src/stm32f4xx_hal_gpio.c **** 
 203              		.loc 1 227 0
 204 00d6 0460     		str	r4, [r0]
 230:Src/Drivers/STM32F4xx_HAL_Driver/Src/stm32f4xx_hal_gpio.c ****          (GPIO_Init->Mode == GPIO_MODE_OUTPUT_OD) || (GPIO_Init->Mode == GPIO_MODE_AF_OD))
 205              		.loc 1 230 0
 206 00d8 4C68     		ldr	r4, [r1, #4]
 207              	.LVL29:
 208 00da 04F1FF3C 		add	ip, r4, #-1
 209 00de BCF1010F 		cmp	ip, #1
 210 00e2 03D9     		bls	.L6
 230:Src/Drivers/STM32F4xx_HAL_Driver/Src/stm32f4xx_hal_gpio.c ****          (GPIO_Init->Mode == GPIO_MODE_OUTPUT_OD) || (GPIO_Init->Mode == GPIO_MODE_AF_OD))
 211              		.loc 1 230 0 is_stmt 0 discriminator 1
 212 00e4 112C     		cmp	r4, #17
 213 00e6 01D0     		beq	.L6
 231:Src/Drivers/STM32F4xx_HAL_Driver/Src/stm32f4xx_hal_gpio.c ****       {
 214              		.loc 1 231 0 is_stmt 1
 215 00e8 122C     		cmp	r4, #18
 216 00ea 10D1     		bne	.L7
 217              	.L6:
 236:Src/Drivers/STM32F4xx_HAL_Driver/Src/stm32f4xx_hal_gpio.c ****         temp &= ~(GPIO_OSPEEDER_OSPEEDR0 << (position * 2U));
 218              		.loc 1 236 0
 219 00ec 8468     		ldr	r4, [r0, #8]
 220              	.LVL30:
 237:Src/Drivers/STM32F4xx_HAL_Driver/Src/stm32f4xx_hal_gpio.c ****         temp |= (GPIO_Init->Speed << (position * 2U));
 221              		.loc 1 237 0
 222 00ee 06EA040C 		and	ip, r6, r4
 223              	.LVL31:
 238:Src/Drivers/STM32F4xx_HAL_Driver/Src/stm32f4xx_hal_gpio.c ****         GPIOx->OSPEEDR = temp;
 224              		.loc 1 238 0
 225 00f2 CC68     		ldr	r4, [r1, #12]
 226 00f4 BC40     		lsls	r4, r4, r7
 227 00f6 44EA0C04 		orr	r4, r4, ip
 228              	.LVL32:
 239:Src/Drivers/STM32F4xx_HAL_Driver/Src/stm32f4xx_hal_gpio.c **** 
 229              		.loc 1 239 0
 230 00fa 8460     		str	r4, [r0, #8]
 242:Src/Drivers/STM32F4xx_HAL_Driver/Src/stm32f4xx_hal_gpio.c ****         temp &= ~(GPIO_OTYPER_OT_0 << position) ;
 231              		.loc 1 242 0
 232 00fc 4468     		ldr	r4, [r0, #4]
 233              	.LVL33:
 243:Src/Drivers/STM32F4xx_HAL_Driver/Src/stm32f4xx_hal_gpio.c ****         temp |= (((GPIO_Init->Mode & GPIO_OUTPUT_TYPE) >> 4U) << position);
 234              		.loc 1 243 0
 235 00fe 24EA0202 		bic	r2, r4, r2
 236              	.LVL34:
 244:Src/Drivers/STM32F4xx_HAL_Driver/Src/stm32f4xx_hal_gpio.c ****         GPIOx->OTYPER = temp;
 237              		.loc 1 244 0
 238 0102 4C68     		ldr	r4, [r1, #4]
 239 0104 C4F30014 		ubfx	r4, r4, #4, #1
 240 0108 9C40     		lsls	r4, r4, r3
 241 010a 1443     		orrs	r4, r4, r2
 242              	.LVL35:
 245:Src/Drivers/STM32F4xx_HAL_Driver/Src/stm32f4xx_hal_gpio.c ****       }
 243              		.loc 1 245 0
 244 010c 4460     		str	r4, [r0, #4]
 245              	.LVL36:
 246              	.L7:
 249:Src/Drivers/STM32F4xx_HAL_Driver/Src/stm32f4xx_hal_gpio.c ****       temp &= ~(GPIO_PUPDR_PUPDR0 << (position * 2U));
ARM GAS  C:\Users\RodrigWi\AppData\Local\Temp\ccjulSdu.s 			page 11


 247              		.loc 1 249 0
 248 010e C268     		ldr	r2, [r0, #12]
 249              	.LVL37:
 250:Src/Drivers/STM32F4xx_HAL_Driver/Src/stm32f4xx_hal_gpio.c ****       temp |= ((GPIO_Init->Pull) << (position * 2U));
 250              		.loc 1 250 0
 251 0110 1640     		ands	r6, r6, r2
 252              	.LVL38:
 251:Src/Drivers/STM32F4xx_HAL_Driver/Src/stm32f4xx_hal_gpio.c ****       GPIOx->PUPDR = temp;
 253              		.loc 1 251 0
 254 0112 8A68     		ldr	r2, [r1, #8]
 255 0114 BA40     		lsls	r2, r2, r7
 256 0116 3243     		orrs	r2, r2, r6
 257              	.LVL39:
 252:Src/Drivers/STM32F4xx_HAL_Driver/Src/stm32f4xx_hal_gpio.c **** 
 258              		.loc 1 252 0
 259 0118 C260     		str	r2, [r0, #12]
 256:Src/Drivers/STM32F4xx_HAL_Driver/Src/stm32f4xx_hal_gpio.c ****       {
 260              		.loc 1 256 0
 261 011a 4A68     		ldr	r2, [r1, #4]
 262              	.LVL40:
 263 011c 12F0805F 		tst	r2, #268435456
 264 0120 ABD0     		beq	.L3
 265              	.LBB2:
 259:Src/Drivers/STM32F4xx_HAL_Driver/Src/stm32f4xx_hal_gpio.c **** 
 266              		.loc 1 259 0
 267 0122 0022     		movs	r2, #0
 268 0124 0192     		str	r2, [sp, #4]
 269              	.LVL41:
 270 0126 264A     		ldr	r2, .L28+8
 271 0128 546C     		ldr	r4, [r2, #68]
 272 012a 44F48044 		orr	r4, r4, #16384
 273 012e 5464     		str	r4, [r2, #68]
 274 0130 526C     		ldr	r2, [r2, #68]
 275 0132 02F48042 		and	r2, r2, #16384
 276 0136 0192     		str	r2, [sp, #4]
 277 0138 019A     		ldr	r2, [sp, #4]
 278              	.LBE2:
 261:Src/Drivers/STM32F4xx_HAL_Driver/Src/stm32f4xx_hal_gpio.c ****         temp &= ~(0x0FU << (4U * (position & 0x03U)));
 279              		.loc 1 261 0
 280 013a 9C08     		lsrs	r4, r3, #2
 281 013c A61C     		adds	r6, r4, #2
 282 013e 1E4A     		ldr	r2, .L28
 283 0140 52F82670 		ldr	r7, [r2, r6, lsl #2]
 284              	.LVL42:
 262:Src/Drivers/STM32F4xx_HAL_Driver/Src/stm32f4xx_hal_gpio.c ****         temp |= ((uint32_t)(GPIO_GET_INDEX(GPIOx)) << (4U * (position & 0x03U)));
 285              		.loc 1 262 0
 286 0144 03F00302 		and	r2, r3, #3
 287 0148 9600     		lsls	r6, r2, #2
 288 014a 0F22     		movs	r2, #15
 289 014c B240     		lsls	r2, r2, r6
 290 014e 27EA0207 		bic	r7, r7, r2
 291              	.LVL43:
 263:Src/Drivers/STM32F4xx_HAL_Driver/Src/stm32f4xx_hal_gpio.c ****         SYSCFG->EXTICR[position >> 2U] = temp;
 292              		.loc 1 263 0
 293 0152 1C4A     		ldr	r2, .L28+12
 294 0154 9042     		cmp	r0, r2
 295 0156 3FF45CAF 		beq	.L14
ARM GAS  C:\Users\RodrigWi\AppData\Local\Temp\ccjulSdu.s 			page 12


 263:Src/Drivers/STM32F4xx_HAL_Driver/Src/stm32f4xx_hal_gpio.c ****         SYSCFG->EXTICR[position >> 2U] = temp;
 296              		.loc 1 263 0 is_stmt 0 discriminator 1
 297 015a 02F58062 		add	r2, r2, #1024
 298 015e 9042     		cmp	r0, r2
 299 0160 1AD0     		beq	.L15
 263:Src/Drivers/STM32F4xx_HAL_Driver/Src/stm32f4xx_hal_gpio.c ****         SYSCFG->EXTICR[position >> 2U] = temp;
 300              		.loc 1 263 0 discriminator 3
 301 0162 02F58062 		add	r2, r2, #1024
 302 0166 9042     		cmp	r0, r2
 303 0168 18D0     		beq	.L16
 263:Src/Drivers/STM32F4xx_HAL_Driver/Src/stm32f4xx_hal_gpio.c ****         SYSCFG->EXTICR[position >> 2U] = temp;
 304              		.loc 1 263 0 discriminator 5
 305 016a 02F58062 		add	r2, r2, #1024
 306 016e 9042     		cmp	r0, r2
 307 0170 16D0     		beq	.L17
 263:Src/Drivers/STM32F4xx_HAL_Driver/Src/stm32f4xx_hal_gpio.c ****         SYSCFG->EXTICR[position >> 2U] = temp;
 308              		.loc 1 263 0 discriminator 7
 309 0172 02F58062 		add	r2, r2, #1024
 310 0176 9042     		cmp	r0, r2
 311 0178 14D0     		beq	.L18
 263:Src/Drivers/STM32F4xx_HAL_Driver/Src/stm32f4xx_hal_gpio.c ****         SYSCFG->EXTICR[position >> 2U] = temp;
 312              		.loc 1 263 0 discriminator 9
 313 017a 02F58062 		add	r2, r2, #1024
 314 017e 9042     		cmp	r0, r2
 315 0180 12D0     		beq	.L19
 263:Src/Drivers/STM32F4xx_HAL_Driver/Src/stm32f4xx_hal_gpio.c ****         SYSCFG->EXTICR[position >> 2U] = temp;
 316              		.loc 1 263 0 discriminator 11
 317 0182 02F58062 		add	r2, r2, #1024
 318 0186 9042     		cmp	r0, r2
 319 0188 10D0     		beq	.L20
 263:Src/Drivers/STM32F4xx_HAL_Driver/Src/stm32f4xx_hal_gpio.c ****         SYSCFG->EXTICR[position >> 2U] = temp;
 320              		.loc 1 263 0 discriminator 13
 321 018a 02F58062 		add	r2, r2, #1024
 322 018e 9042     		cmp	r0, r2
 323 0190 3FF43DAF 		beq	.L27
 263:Src/Drivers/STM32F4xx_HAL_Driver/Src/stm32f4xx_hal_gpio.c ****         SYSCFG->EXTICR[position >> 2U] = temp;
 324              		.loc 1 263 0
 325 0194 0822     		movs	r2, #8
 326 0196 3DE7     		b	.L8
 327              	.L15:
 328 0198 0122     		movs	r2, #1
 329              	.LVL44:
 330 019a 3BE7     		b	.L8
 331              	.LVL45:
 332              	.L16:
 333 019c 0222     		movs	r2, #2
 334 019e 39E7     		b	.L8
 335              	.L17:
 336 01a0 0322     		movs	r2, #3
 337 01a2 37E7     		b	.L8
 338              	.L18:
 339 01a4 0422     		movs	r2, #4
 340 01a6 35E7     		b	.L8
 341              	.L19:
 342 01a8 0522     		movs	r2, #5
 343 01aa 33E7     		b	.L8
 344              	.L20:
ARM GAS  C:\Users\RodrigWi\AppData\Local\Temp\ccjulSdu.s 			page 13


 345 01ac 0622     		movs	r2, #6
 346 01ae 31E7     		b	.L8
 347              	.LVL46:
 348              	.L26:
 299:Src/Drivers/STM32F4xx_HAL_Driver/Src/stm32f4xx_hal_gpio.c ****       }
 300:Src/Drivers/STM32F4xx_HAL_Driver/Src/stm32f4xx_hal_gpio.c ****     }
 301:Src/Drivers/STM32F4xx_HAL_Driver/Src/stm32f4xx_hal_gpio.c ****   }
 302:Src/Drivers/STM32F4xx_HAL_Driver/Src/stm32f4xx_hal_gpio.c **** }
 349              		.loc 1 302 0 is_stmt 1
 350 01b0 02B0     		add	sp, sp, #8
 351              	.LCFI2:
 352              		.cfi_def_cfa_offset 16
 353              		@ sp needed
 354 01b2 F0BC     		pop	{r4, r5, r6, r7}
 355              	.LCFI3:
 356              		.cfi_restore 7
 357              		.cfi_restore 6
 358              		.cfi_restore 5
 359              		.cfi_restore 4
 360              		.cfi_def_cfa_offset 0
 361              	.LVL47:
 362 01b4 7047     		bx	lr
 363              	.LVL48:
 364              	.L25:
 365 01b6 7047     		bx	lr
 366              	.L29:
 367              		.align	2
 368              	.L28:
 369 01b8 00380140 		.word	1073821696
 370 01bc 003C0140 		.word	1073822720
 371 01c0 00380240 		.word	1073887232
 372 01c4 00000240 		.word	1073872896
 373              		.cfi_endproc
 374              	.LFE126:
 376              		.section	.text.HAL_GPIO_DeInit,"ax",%progbits
 377              		.align	1
 378              		.global	HAL_GPIO_DeInit
 379              		.syntax unified
 380              		.thumb
 381              		.thumb_func
 382              		.fpu fpv4-sp-d16
 384              	HAL_GPIO_DeInit:
 385              	.LFB127:
 303:Src/Drivers/STM32F4xx_HAL_Driver/Src/stm32f4xx_hal_gpio.c **** 
 304:Src/Drivers/STM32F4xx_HAL_Driver/Src/stm32f4xx_hal_gpio.c **** /**
 305:Src/Drivers/STM32F4xx_HAL_Driver/Src/stm32f4xx_hal_gpio.c ****   * @brief  De-initializes the GPIOx peripheral registers to their default reset values.
 306:Src/Drivers/STM32F4xx_HAL_Driver/Src/stm32f4xx_hal_gpio.c ****   * @param  GPIOx where x can be (A..K) to select the GPIO peripheral for STM32F429X device or
 307:Src/Drivers/STM32F4xx_HAL_Driver/Src/stm32f4xx_hal_gpio.c ****   *                      x can be (A..I) to select the GPIO peripheral for STM32F40XX and STM32F427
 308:Src/Drivers/STM32F4xx_HAL_Driver/Src/stm32f4xx_hal_gpio.c ****   * @param  GPIO_Pin specifies the port bit to be written.
 309:Src/Drivers/STM32F4xx_HAL_Driver/Src/stm32f4xx_hal_gpio.c ****   *          This parameter can be one of GPIO_PIN_x where x can be (0..15).
 310:Src/Drivers/STM32F4xx_HAL_Driver/Src/stm32f4xx_hal_gpio.c ****   * @retval None
 311:Src/Drivers/STM32F4xx_HAL_Driver/Src/stm32f4xx_hal_gpio.c ****   */
 312:Src/Drivers/STM32F4xx_HAL_Driver/Src/stm32f4xx_hal_gpio.c **** void HAL_GPIO_DeInit(GPIO_TypeDef  *GPIOx, uint32_t GPIO_Pin)
 313:Src/Drivers/STM32F4xx_HAL_Driver/Src/stm32f4xx_hal_gpio.c **** {
 386              		.loc 1 313 0
 387              		.cfi_startproc
 388              		@ args = 0, pretend = 0, frame = 0
ARM GAS  C:\Users\RodrigWi\AppData\Local\Temp\ccjulSdu.s 			page 14


 389              		@ frame_needed = 0, uses_anonymous_args = 0
 390              	.LVL49:
 314:Src/Drivers/STM32F4xx_HAL_Driver/Src/stm32f4xx_hal_gpio.c ****   uint32_t position;
 315:Src/Drivers/STM32F4xx_HAL_Driver/Src/stm32f4xx_hal_gpio.c ****   uint32_t ioposition = 0x00U;
 316:Src/Drivers/STM32F4xx_HAL_Driver/Src/stm32f4xx_hal_gpio.c ****   uint32_t iocurrent = 0x00U;
 317:Src/Drivers/STM32F4xx_HAL_Driver/Src/stm32f4xx_hal_gpio.c ****   uint32_t tmp = 0x00U;
 318:Src/Drivers/STM32F4xx_HAL_Driver/Src/stm32f4xx_hal_gpio.c **** 
 319:Src/Drivers/STM32F4xx_HAL_Driver/Src/stm32f4xx_hal_gpio.c ****   /* Check the parameters */
 320:Src/Drivers/STM32F4xx_HAL_Driver/Src/stm32f4xx_hal_gpio.c ****   assert_param(IS_GPIO_ALL_INSTANCE(GPIOx));
 321:Src/Drivers/STM32F4xx_HAL_Driver/Src/stm32f4xx_hal_gpio.c ****   
 322:Src/Drivers/STM32F4xx_HAL_Driver/Src/stm32f4xx_hal_gpio.c ****   /* Configure the port pins */
 323:Src/Drivers/STM32F4xx_HAL_Driver/Src/stm32f4xx_hal_gpio.c ****   for(position = 0U; position < GPIO_NUMBER; position++)
 391              		.loc 1 323 0
 392 0000 0023     		movs	r3, #0
 393              	.LVL50:
 394 0002 0F2B     		cmp	r3, #15
 395 0004 00F28580 		bhi	.L46
 313:Src/Drivers/STM32F4xx_HAL_Driver/Src/stm32f4xx_hal_gpio.c ****   uint32_t position;
 396              		.loc 1 313 0
 397 0008 F0B5     		push	{r4, r5, r6, r7, lr}
 398              	.LCFI4:
 399              		.cfi_def_cfa_offset 20
 400              		.cfi_offset 4, -20
 401              		.cfi_offset 5, -16
 402              		.cfi_offset 6, -12
 403              		.cfi_offset 7, -8
 404              		.cfi_offset 14, -4
 405 000a 09E0     		b	.L34
 406              	.LVL51:
 407              	.L49:
 324:Src/Drivers/STM32F4xx_HAL_Driver/Src/stm32f4xx_hal_gpio.c ****   {
 325:Src/Drivers/STM32F4xx_HAL_Driver/Src/stm32f4xx_hal_gpio.c ****     /* Get the IO position */
 326:Src/Drivers/STM32F4xx_HAL_Driver/Src/stm32f4xx_hal_gpio.c ****     ioposition = 0x01U << position;
 327:Src/Drivers/STM32F4xx_HAL_Driver/Src/stm32f4xx_hal_gpio.c ****     /* Get the current IO position */
 328:Src/Drivers/STM32F4xx_HAL_Driver/Src/stm32f4xx_hal_gpio.c ****     iocurrent = (GPIO_Pin) & ioposition;
 329:Src/Drivers/STM32F4xx_HAL_Driver/Src/stm32f4xx_hal_gpio.c **** 
 330:Src/Drivers/STM32F4xx_HAL_Driver/Src/stm32f4xx_hal_gpio.c ****     if(iocurrent == ioposition)
 331:Src/Drivers/STM32F4xx_HAL_Driver/Src/stm32f4xx_hal_gpio.c ****     {
 332:Src/Drivers/STM32F4xx_HAL_Driver/Src/stm32f4xx_hal_gpio.c ****       /*------------------------- GPIO Mode Configuration --------------------*/
 333:Src/Drivers/STM32F4xx_HAL_Driver/Src/stm32f4xx_hal_gpio.c ****       /* Configure IO Direction in Input Floating Mode */
 334:Src/Drivers/STM32F4xx_HAL_Driver/Src/stm32f4xx_hal_gpio.c ****       GPIOx->MODER &= ~(GPIO_MODER_MODER0 << (position * 2U));
 335:Src/Drivers/STM32F4xx_HAL_Driver/Src/stm32f4xx_hal_gpio.c **** 
 336:Src/Drivers/STM32F4xx_HAL_Driver/Src/stm32f4xx_hal_gpio.c ****       /* Configure the default Alternate Function in current IO */
 337:Src/Drivers/STM32F4xx_HAL_Driver/Src/stm32f4xx_hal_gpio.c ****       GPIOx->AFR[position >> 3U] &= ~(0xFU << ((uint32_t)(position & 0x07U) * 4U)) ;
 338:Src/Drivers/STM32F4xx_HAL_Driver/Src/stm32f4xx_hal_gpio.c **** 
 339:Src/Drivers/STM32F4xx_HAL_Driver/Src/stm32f4xx_hal_gpio.c ****       /* Configure the default value for IO Speed */
 340:Src/Drivers/STM32F4xx_HAL_Driver/Src/stm32f4xx_hal_gpio.c ****       GPIOx->OSPEEDR &= ~(GPIO_OSPEEDER_OSPEEDR0 << (position * 2U));
 341:Src/Drivers/STM32F4xx_HAL_Driver/Src/stm32f4xx_hal_gpio.c **** 
 342:Src/Drivers/STM32F4xx_HAL_Driver/Src/stm32f4xx_hal_gpio.c ****       /* Configure the default value IO Output Type */
 343:Src/Drivers/STM32F4xx_HAL_Driver/Src/stm32f4xx_hal_gpio.c ****       GPIOx->OTYPER  &= ~(GPIO_OTYPER_OT_0 << position) ;
 344:Src/Drivers/STM32F4xx_HAL_Driver/Src/stm32f4xx_hal_gpio.c **** 
 345:Src/Drivers/STM32F4xx_HAL_Driver/Src/stm32f4xx_hal_gpio.c ****       /* Deactivate the Pull-up and Pull-down resistor for the current IO */
 346:Src/Drivers/STM32F4xx_HAL_Driver/Src/stm32f4xx_hal_gpio.c ****       GPIOx->PUPDR &= ~(GPIO_PUPDR_PUPDR0 << (position * 2U));
 347:Src/Drivers/STM32F4xx_HAL_Driver/Src/stm32f4xx_hal_gpio.c **** 
 348:Src/Drivers/STM32F4xx_HAL_Driver/Src/stm32f4xx_hal_gpio.c ****       /*------------------------- EXTI Mode Configuration --------------------*/
 349:Src/Drivers/STM32F4xx_HAL_Driver/Src/stm32f4xx_hal_gpio.c ****       tmp = SYSCFG->EXTICR[position >> 2U];
 350:Src/Drivers/STM32F4xx_HAL_Driver/Src/stm32f4xx_hal_gpio.c ****       tmp &= (0x0FU << (4U * (position & 0x03U)));
ARM GAS  C:\Users\RodrigWi\AppData\Local\Temp\ccjulSdu.s 			page 15


 351:Src/Drivers/STM32F4xx_HAL_Driver/Src/stm32f4xx_hal_gpio.c ****       if(tmp == ((uint32_t)(GPIO_GET_INDEX(GPIOx)) << (4U * (position & 0x03U))))
 408              		.loc 1 351 0
 409 000c 0725     		movs	r5, #7
 410 000e 00E0     		b	.L33
 411              	.L35:
 412 0010 0025     		movs	r5, #0
 413              	.L33:
 414              		.loc 1 351 0 is_stmt 0 discriminator 32
 415 0012 05FA02F2 		lsl	r2, r5, r2
 416 0016 A242     		cmp	r2, r4
 417 0018 62D0     		beq	.L47
 418              	.LVL52:
 419              	.L32:
 323:Src/Drivers/STM32F4xx_HAL_Driver/Src/stm32f4xx_hal_gpio.c ****   {
 420              		.loc 1 323 0 is_stmt 1 discriminator 2
 421 001a 0133     		adds	r3, r3, #1
 422              	.LVL53:
 423 001c 0F2B     		cmp	r3, #15
 424 001e 77D8     		bhi	.L48
 425              	.LVL54:
 426              	.L34:
 326:Src/Drivers/STM32F4xx_HAL_Driver/Src/stm32f4xx_hal_gpio.c ****     /* Get the current IO position */
 427              		.loc 1 326 0
 428 0020 0122     		movs	r2, #1
 429 0022 9A40     		lsls	r2, r2, r3
 430              	.LVL55:
 328:Src/Drivers/STM32F4xx_HAL_Driver/Src/stm32f4xx_hal_gpio.c **** 
 431              		.loc 1 328 0
 432 0024 02EA0106 		and	r6, r2, r1
 433              	.LVL56:
 330:Src/Drivers/STM32F4xx_HAL_Driver/Src/stm32f4xx_hal_gpio.c ****     {
 434              		.loc 1 330 0
 435 0028 B242     		cmp	r2, r6
 436 002a F6D1     		bne	.L32
 334:Src/Drivers/STM32F4xx_HAL_Driver/Src/stm32f4xx_hal_gpio.c **** 
 437              		.loc 1 334 0
 438 002c 0568     		ldr	r5, [r0]
 439 002e 5F00     		lsls	r7, r3, #1
 440 0030 0324     		movs	r4, #3
 441 0032 BC40     		lsls	r4, r4, r7
 442 0034 E443     		mvns	r4, r4
 443 0036 2540     		ands	r5, r5, r4
 444 0038 0560     		str	r5, [r0]
 337:Src/Drivers/STM32F4xx_HAL_Driver/Src/stm32f4xx_hal_gpio.c **** 
 445              		.loc 1 337 0
 446 003a 4FEAD30C 		lsr	ip, r3, #3
 447 003e 0CF1080C 		add	ip, ip, #8
 448 0042 50F82CE0 		ldr	lr, [r0, ip, lsl #2]
 449 0046 03F00705 		and	r5, r3, #7
 450 004a AD00     		lsls	r5, r5, #2
 451 004c 0F27     		movs	r7, #15
 452 004e 07FA05F5 		lsl	r5, r7, r5
 453 0052 2EEA0505 		bic	r5, lr, r5
 454 0056 40F82C50 		str	r5, [r0, ip, lsl #2]
 340:Src/Drivers/STM32F4xx_HAL_Driver/Src/stm32f4xx_hal_gpio.c **** 
 455              		.loc 1 340 0
 456 005a 8568     		ldr	r5, [r0, #8]
ARM GAS  C:\Users\RodrigWi\AppData\Local\Temp\ccjulSdu.s 			page 16


 457 005c 2540     		ands	r5, r5, r4
 458 005e 8560     		str	r5, [r0, #8]
 343:Src/Drivers/STM32F4xx_HAL_Driver/Src/stm32f4xx_hal_gpio.c **** 
 459              		.loc 1 343 0
 460 0060 4568     		ldr	r5, [r0, #4]
 461 0062 25EA0202 		bic	r2, r5, r2
 462              	.LVL57:
 463 0066 4260     		str	r2, [r0, #4]
 346:Src/Drivers/STM32F4xx_HAL_Driver/Src/stm32f4xx_hal_gpio.c **** 
 464              		.loc 1 346 0
 465 0068 C268     		ldr	r2, [r0, #12]
 466 006a 1440     		ands	r4, r4, r2
 467 006c C460     		str	r4, [r0, #12]
 349:Src/Drivers/STM32F4xx_HAL_Driver/Src/stm32f4xx_hal_gpio.c ****       tmp &= (0x0FU << (4U * (position & 0x03U)));
 468              		.loc 1 349 0
 469 006e 4FEA930C 		lsr	ip, r3, #2
 470 0072 0CF10204 		add	r4, ip, #2
 471 0076 274A     		ldr	r2, .L50
 472 0078 52F82440 		ldr	r4, [r2, r4, lsl #2]
 473              	.LVL58:
 350:Src/Drivers/STM32F4xx_HAL_Driver/Src/stm32f4xx_hal_gpio.c ****       if(tmp == ((uint32_t)(GPIO_GET_INDEX(GPIOx)) << (4U * (position & 0x03U))))
 474              		.loc 1 350 0
 475 007c 03F00302 		and	r2, r3, #3
 476 0080 9200     		lsls	r2, r2, #2
 477 0082 9740     		lsls	r7, r7, r2
 478 0084 3C40     		ands	r4, r4, r7
 479              	.LVL59:
 480              		.loc 1 351 0
 481 0086 244D     		ldr	r5, .L50+4
 482 0088 A842     		cmp	r0, r5
 483 008a C1D0     		beq	.L35
 484              		.loc 1 351 0 is_stmt 0 discriminator 1
 485 008c 05F58065 		add	r5, r5, #1024
 486 0090 A842     		cmp	r0, r5
 487 0092 19D0     		beq	.L36
 488              		.loc 1 351 0 discriminator 3
 489 0094 05F58065 		add	r5, r5, #1024
 490 0098 A842     		cmp	r0, r5
 491 009a 17D0     		beq	.L37
 492              		.loc 1 351 0 discriminator 5
 493 009c 05F58065 		add	r5, r5, #1024
 494 00a0 A842     		cmp	r0, r5
 495 00a2 15D0     		beq	.L38
 496              		.loc 1 351 0 discriminator 7
 497 00a4 05F58065 		add	r5, r5, #1024
 498 00a8 A842     		cmp	r0, r5
 499 00aa 13D0     		beq	.L39
 500              		.loc 1 351 0 discriminator 9
 501 00ac 05F58065 		add	r5, r5, #1024
 502 00b0 A842     		cmp	r0, r5
 503 00b2 11D0     		beq	.L40
 504              		.loc 1 351 0 discriminator 11
 505 00b4 05F58065 		add	r5, r5, #1024
 506 00b8 A842     		cmp	r0, r5
 507 00ba 0FD0     		beq	.L41
 508              		.loc 1 351 0 discriminator 13
 509 00bc 05F58065 		add	r5, r5, #1024
ARM GAS  C:\Users\RodrigWi\AppData\Local\Temp\ccjulSdu.s 			page 17


 510 00c0 A842     		cmp	r0, r5
 511 00c2 A3D0     		beq	.L49
 512              		.loc 1 351 0
 513 00c4 0825     		movs	r5, #8
 514 00c6 A4E7     		b	.L33
 515              	.L36:
 516 00c8 0125     		movs	r5, #1
 517              	.LVL60:
 518 00ca A2E7     		b	.L33
 519              	.LVL61:
 520              	.L37:
 521 00cc 0225     		movs	r5, #2
 522 00ce A0E7     		b	.L33
 523              	.L38:
 524 00d0 0325     		movs	r5, #3
 525 00d2 9EE7     		b	.L33
 526              	.L39:
 527 00d4 0425     		movs	r5, #4
 528 00d6 9CE7     		b	.L33
 529              	.L40:
 530 00d8 0525     		movs	r5, #5
 531 00da 9AE7     		b	.L33
 532              	.L41:
 533 00dc 0625     		movs	r5, #6
 534 00de 98E7     		b	.L33
 535              	.L47:
 536              	.LVL62:
 352:Src/Drivers/STM32F4xx_HAL_Driver/Src/stm32f4xx_hal_gpio.c ****       {
 353:Src/Drivers/STM32F4xx_HAL_Driver/Src/stm32f4xx_hal_gpio.c ****         /* Configure the External Interrupt or event for the current IO */
 354:Src/Drivers/STM32F4xx_HAL_Driver/Src/stm32f4xx_hal_gpio.c ****         tmp = 0x0FU << (4U * (position & 0x03U));
 355:Src/Drivers/STM32F4xx_HAL_Driver/Src/stm32f4xx_hal_gpio.c ****         SYSCFG->EXTICR[position >> 2U] &= ~tmp;
 537              		.loc 1 355 0 is_stmt 1
 538 00e0 0C4D     		ldr	r5, .L50
 539 00e2 0CF10202 		add	r2, ip, #2
 540 00e6 55F82240 		ldr	r4, [r5, r2, lsl #2]
 541 00ea 24EA0707 		bic	r7, r4, r7
 542              	.LVL63:
 543 00ee 45F82270 		str	r7, [r5, r2, lsl #2]
 356:Src/Drivers/STM32F4xx_HAL_Driver/Src/stm32f4xx_hal_gpio.c **** 
 357:Src/Drivers/STM32F4xx_HAL_Driver/Src/stm32f4xx_hal_gpio.c ****         /* Clear EXTI line configuration */
 358:Src/Drivers/STM32F4xx_HAL_Driver/Src/stm32f4xx_hal_gpio.c ****         EXTI->IMR &= ~((uint32_t)iocurrent);
 544              		.loc 1 358 0
 545 00f2 0A4C     		ldr	r4, .L50+8
 546 00f4 2568     		ldr	r5, [r4]
 547 00f6 F243     		mvns	r2, r6
 548 00f8 1540     		ands	r5, r5, r2
 549 00fa 2560     		str	r5, [r4]
 359:Src/Drivers/STM32F4xx_HAL_Driver/Src/stm32f4xx_hal_gpio.c ****         EXTI->EMR &= ~((uint32_t)iocurrent);
 550              		.loc 1 359 0
 551 00fc 6568     		ldr	r5, [r4, #4]
 552 00fe 1540     		ands	r5, r5, r2
 553 0100 6560     		str	r5, [r4, #4]
 360:Src/Drivers/STM32F4xx_HAL_Driver/Src/stm32f4xx_hal_gpio.c ****         
 361:Src/Drivers/STM32F4xx_HAL_Driver/Src/stm32f4xx_hal_gpio.c ****         /* Clear Rising Falling edge configuration */
 362:Src/Drivers/STM32F4xx_HAL_Driver/Src/stm32f4xx_hal_gpio.c ****         EXTI->RTSR &= ~((uint32_t)iocurrent);
 554              		.loc 1 362 0
 555 0102 A568     		ldr	r5, [r4, #8]
ARM GAS  C:\Users\RodrigWi\AppData\Local\Temp\ccjulSdu.s 			page 18


 556 0104 1540     		ands	r5, r5, r2
 557 0106 A560     		str	r5, [r4, #8]
 363:Src/Drivers/STM32F4xx_HAL_Driver/Src/stm32f4xx_hal_gpio.c ****         EXTI->FTSR &= ~((uint32_t)iocurrent);
 558              		.loc 1 363 0
 559 0108 E568     		ldr	r5, [r4, #12]
 560 010a 2A40     		ands	r2, r2, r5
 561 010c E260     		str	r2, [r4, #12]
 562 010e 84E7     		b	.L32
 563              	.LVL64:
 564              	.L48:
 364:Src/Drivers/STM32F4xx_HAL_Driver/Src/stm32f4xx_hal_gpio.c ****       }
 365:Src/Drivers/STM32F4xx_HAL_Driver/Src/stm32f4xx_hal_gpio.c ****     }
 366:Src/Drivers/STM32F4xx_HAL_Driver/Src/stm32f4xx_hal_gpio.c ****   }
 367:Src/Drivers/STM32F4xx_HAL_Driver/Src/stm32f4xx_hal_gpio.c **** }
 565              		.loc 1 367 0
 566 0110 F0BD     		pop	{r4, r5, r6, r7, pc}
 567              	.LVL65:
 568              	.L46:
 569              	.LCFI5:
 570              		.cfi_def_cfa_offset 0
 571              		.cfi_restore 4
 572              		.cfi_restore 5
 573              		.cfi_restore 6
 574              		.cfi_restore 7
 575              		.cfi_restore 14
 576 0112 7047     		bx	lr
 577              	.L51:
 578              		.align	2
 579              	.L50:
 580 0114 00380140 		.word	1073821696
 581 0118 00000240 		.word	1073872896
 582 011c 003C0140 		.word	1073822720
 583              		.cfi_endproc
 584              	.LFE127:
 586              		.section	.text.HAL_GPIO_ReadPin,"ax",%progbits
 587              		.align	1
 588              		.global	HAL_GPIO_ReadPin
 589              		.syntax unified
 590              		.thumb
 591              		.thumb_func
 592              		.fpu fpv4-sp-d16
 594              	HAL_GPIO_ReadPin:
 595              	.LFB128:
 368:Src/Drivers/STM32F4xx_HAL_Driver/Src/stm32f4xx_hal_gpio.c **** 
 369:Src/Drivers/STM32F4xx_HAL_Driver/Src/stm32f4xx_hal_gpio.c **** /**
 370:Src/Drivers/STM32F4xx_HAL_Driver/Src/stm32f4xx_hal_gpio.c ****   * @}
 371:Src/Drivers/STM32F4xx_HAL_Driver/Src/stm32f4xx_hal_gpio.c ****   */
 372:Src/Drivers/STM32F4xx_HAL_Driver/Src/stm32f4xx_hal_gpio.c **** 
 373:Src/Drivers/STM32F4xx_HAL_Driver/Src/stm32f4xx_hal_gpio.c **** /** @defgroup GPIO_Exported_Functions_Group2 IO operation functions 
 374:Src/Drivers/STM32F4xx_HAL_Driver/Src/stm32f4xx_hal_gpio.c ****   *  @brief   GPIO Read and Write
 375:Src/Drivers/STM32F4xx_HAL_Driver/Src/stm32f4xx_hal_gpio.c ****   *
 376:Src/Drivers/STM32F4xx_HAL_Driver/Src/stm32f4xx_hal_gpio.c **** @verbatim
 377:Src/Drivers/STM32F4xx_HAL_Driver/Src/stm32f4xx_hal_gpio.c ****  ===============================================================================
 378:Src/Drivers/STM32F4xx_HAL_Driver/Src/stm32f4xx_hal_gpio.c ****                        ##### IO operation functions #####
 379:Src/Drivers/STM32F4xx_HAL_Driver/Src/stm32f4xx_hal_gpio.c ****  ===============================================================================
 380:Src/Drivers/STM32F4xx_HAL_Driver/Src/stm32f4xx_hal_gpio.c **** 
 381:Src/Drivers/STM32F4xx_HAL_Driver/Src/stm32f4xx_hal_gpio.c **** @endverbatim
ARM GAS  C:\Users\RodrigWi\AppData\Local\Temp\ccjulSdu.s 			page 19


 382:Src/Drivers/STM32F4xx_HAL_Driver/Src/stm32f4xx_hal_gpio.c ****   * @{
 383:Src/Drivers/STM32F4xx_HAL_Driver/Src/stm32f4xx_hal_gpio.c ****   */
 384:Src/Drivers/STM32F4xx_HAL_Driver/Src/stm32f4xx_hal_gpio.c **** 
 385:Src/Drivers/STM32F4xx_HAL_Driver/Src/stm32f4xx_hal_gpio.c **** /**
 386:Src/Drivers/STM32F4xx_HAL_Driver/Src/stm32f4xx_hal_gpio.c ****   * @brief  Reads the specified input port pin.
 387:Src/Drivers/STM32F4xx_HAL_Driver/Src/stm32f4xx_hal_gpio.c ****   * @param  GPIOx where x can be (A..K) to select the GPIO peripheral for STM32F429X device or
 388:Src/Drivers/STM32F4xx_HAL_Driver/Src/stm32f4xx_hal_gpio.c ****   *                      x can be (A..I) to select the GPIO peripheral for STM32F40XX and STM32F427
 389:Src/Drivers/STM32F4xx_HAL_Driver/Src/stm32f4xx_hal_gpio.c ****   * @param  GPIO_Pin specifies the port bit to read.
 390:Src/Drivers/STM32F4xx_HAL_Driver/Src/stm32f4xx_hal_gpio.c ****   *         This parameter can be GPIO_PIN_x where x can be (0..15).
 391:Src/Drivers/STM32F4xx_HAL_Driver/Src/stm32f4xx_hal_gpio.c ****   * @retval The input port pin value.
 392:Src/Drivers/STM32F4xx_HAL_Driver/Src/stm32f4xx_hal_gpio.c ****   */
 393:Src/Drivers/STM32F4xx_HAL_Driver/Src/stm32f4xx_hal_gpio.c **** GPIO_PinState HAL_GPIO_ReadPin(GPIO_TypeDef* GPIOx, uint16_t GPIO_Pin)
 394:Src/Drivers/STM32F4xx_HAL_Driver/Src/stm32f4xx_hal_gpio.c **** {
 596              		.loc 1 394 0
 597              		.cfi_startproc
 598              		@ args = 0, pretend = 0, frame = 0
 599              		@ frame_needed = 0, uses_anonymous_args = 0
 600              		@ link register save eliminated.
 601              	.LVL66:
 395:Src/Drivers/STM32F4xx_HAL_Driver/Src/stm32f4xx_hal_gpio.c ****   GPIO_PinState bitstatus;
 396:Src/Drivers/STM32F4xx_HAL_Driver/Src/stm32f4xx_hal_gpio.c **** 
 397:Src/Drivers/STM32F4xx_HAL_Driver/Src/stm32f4xx_hal_gpio.c ****   /* Check the parameters */
 398:Src/Drivers/STM32F4xx_HAL_Driver/Src/stm32f4xx_hal_gpio.c ****   assert_param(IS_GPIO_PIN(GPIO_Pin));
 399:Src/Drivers/STM32F4xx_HAL_Driver/Src/stm32f4xx_hal_gpio.c **** 
 400:Src/Drivers/STM32F4xx_HAL_Driver/Src/stm32f4xx_hal_gpio.c ****   if((GPIOx->IDR & GPIO_Pin) != (uint32_t)GPIO_PIN_RESET)
 602              		.loc 1 400 0
 603 0000 0369     		ldr	r3, [r0, #16]
 604 0002 1942     		tst	r1, r3
 605 0004 01D1     		bne	.L55
 401:Src/Drivers/STM32F4xx_HAL_Driver/Src/stm32f4xx_hal_gpio.c ****   {
 402:Src/Drivers/STM32F4xx_HAL_Driver/Src/stm32f4xx_hal_gpio.c ****     bitstatus = GPIO_PIN_SET;
 403:Src/Drivers/STM32F4xx_HAL_Driver/Src/stm32f4xx_hal_gpio.c ****   }
 404:Src/Drivers/STM32F4xx_HAL_Driver/Src/stm32f4xx_hal_gpio.c ****   else
 405:Src/Drivers/STM32F4xx_HAL_Driver/Src/stm32f4xx_hal_gpio.c ****   {
 406:Src/Drivers/STM32F4xx_HAL_Driver/Src/stm32f4xx_hal_gpio.c ****     bitstatus = GPIO_PIN_RESET;
 606              		.loc 1 406 0
 607 0006 0020     		movs	r0, #0
 608              	.LVL67:
 407:Src/Drivers/STM32F4xx_HAL_Driver/Src/stm32f4xx_hal_gpio.c ****   }
 408:Src/Drivers/STM32F4xx_HAL_Driver/Src/stm32f4xx_hal_gpio.c ****   return bitstatus;
 409:Src/Drivers/STM32F4xx_HAL_Driver/Src/stm32f4xx_hal_gpio.c **** }
 609              		.loc 1 409 0
 610 0008 7047     		bx	lr
 611              	.LVL68:
 612              	.L55:
 402:Src/Drivers/STM32F4xx_HAL_Driver/Src/stm32f4xx_hal_gpio.c ****   }
 613              		.loc 1 402 0
 614 000a 0120     		movs	r0, #1
 615              	.LVL69:
 616 000c 7047     		bx	lr
 617              		.cfi_endproc
 618              	.LFE128:
 620              		.section	.text.HAL_GPIO_WritePin,"ax",%progbits
 621              		.align	1
 622              		.global	HAL_GPIO_WritePin
 623              		.syntax unified
 624              		.thumb
ARM GAS  C:\Users\RodrigWi\AppData\Local\Temp\ccjulSdu.s 			page 20


 625              		.thumb_func
 626              		.fpu fpv4-sp-d16
 628              	HAL_GPIO_WritePin:
 629              	.LFB129:
 410:Src/Drivers/STM32F4xx_HAL_Driver/Src/stm32f4xx_hal_gpio.c **** 
 411:Src/Drivers/STM32F4xx_HAL_Driver/Src/stm32f4xx_hal_gpio.c **** /**
 412:Src/Drivers/STM32F4xx_HAL_Driver/Src/stm32f4xx_hal_gpio.c ****   * @brief  Sets or clears the selected data port bit.
 413:Src/Drivers/STM32F4xx_HAL_Driver/Src/stm32f4xx_hal_gpio.c ****   *
 414:Src/Drivers/STM32F4xx_HAL_Driver/Src/stm32f4xx_hal_gpio.c ****   * @note   This function uses GPIOx_BSRR register to allow atomic read/modify
 415:Src/Drivers/STM32F4xx_HAL_Driver/Src/stm32f4xx_hal_gpio.c ****   *         accesses. In this way, there is no risk of an IRQ occurring between
 416:Src/Drivers/STM32F4xx_HAL_Driver/Src/stm32f4xx_hal_gpio.c ****   *         the read and the modify access.
 417:Src/Drivers/STM32F4xx_HAL_Driver/Src/stm32f4xx_hal_gpio.c ****   *
 418:Src/Drivers/STM32F4xx_HAL_Driver/Src/stm32f4xx_hal_gpio.c ****   * @param  GPIOx where x can be (A..K) to select the GPIO peripheral for STM32F429X device or
 419:Src/Drivers/STM32F4xx_HAL_Driver/Src/stm32f4xx_hal_gpio.c ****   *                      x can be (A..I) to select the GPIO peripheral for STM32F40XX and STM32F427
 420:Src/Drivers/STM32F4xx_HAL_Driver/Src/stm32f4xx_hal_gpio.c ****   * @param  GPIO_Pin specifies the port bit to be written.
 421:Src/Drivers/STM32F4xx_HAL_Driver/Src/stm32f4xx_hal_gpio.c ****   *          This parameter can be one of GPIO_PIN_x where x can be (0..15).
 422:Src/Drivers/STM32F4xx_HAL_Driver/Src/stm32f4xx_hal_gpio.c ****   * @param  PinState specifies the value to be written to the selected bit.
 423:Src/Drivers/STM32F4xx_HAL_Driver/Src/stm32f4xx_hal_gpio.c ****   *          This parameter can be one of the GPIO_PinState enum values:
 424:Src/Drivers/STM32F4xx_HAL_Driver/Src/stm32f4xx_hal_gpio.c ****   *            @arg GPIO_PIN_RESET: to clear the port pin
 425:Src/Drivers/STM32F4xx_HAL_Driver/Src/stm32f4xx_hal_gpio.c ****   *            @arg GPIO_PIN_SET: to set the port pin
 426:Src/Drivers/STM32F4xx_HAL_Driver/Src/stm32f4xx_hal_gpio.c ****   * @retval None
 427:Src/Drivers/STM32F4xx_HAL_Driver/Src/stm32f4xx_hal_gpio.c ****   */
 428:Src/Drivers/STM32F4xx_HAL_Driver/Src/stm32f4xx_hal_gpio.c **** void HAL_GPIO_WritePin(GPIO_TypeDef* GPIOx, uint16_t GPIO_Pin, GPIO_PinState PinState)
 429:Src/Drivers/STM32F4xx_HAL_Driver/Src/stm32f4xx_hal_gpio.c **** {
 630              		.loc 1 429 0
 631              		.cfi_startproc
 632              		@ args = 0, pretend = 0, frame = 0
 633              		@ frame_needed = 0, uses_anonymous_args = 0
 634              		@ link register save eliminated.
 635              	.LVL70:
 430:Src/Drivers/STM32F4xx_HAL_Driver/Src/stm32f4xx_hal_gpio.c ****   /* Check the parameters */
 431:Src/Drivers/STM32F4xx_HAL_Driver/Src/stm32f4xx_hal_gpio.c ****   assert_param(IS_GPIO_PIN(GPIO_Pin));
 432:Src/Drivers/STM32F4xx_HAL_Driver/Src/stm32f4xx_hal_gpio.c ****   assert_param(IS_GPIO_PIN_ACTION(PinState));
 433:Src/Drivers/STM32F4xx_HAL_Driver/Src/stm32f4xx_hal_gpio.c **** 
 434:Src/Drivers/STM32F4xx_HAL_Driver/Src/stm32f4xx_hal_gpio.c ****   if(PinState != GPIO_PIN_RESET)
 636              		.loc 1 434 0
 637 0000 12B9     		cbnz	r2, .L59
 435:Src/Drivers/STM32F4xx_HAL_Driver/Src/stm32f4xx_hal_gpio.c ****   {
 436:Src/Drivers/STM32F4xx_HAL_Driver/Src/stm32f4xx_hal_gpio.c ****     GPIOx->BSRR = GPIO_Pin;
 437:Src/Drivers/STM32F4xx_HAL_Driver/Src/stm32f4xx_hal_gpio.c ****   }
 438:Src/Drivers/STM32F4xx_HAL_Driver/Src/stm32f4xx_hal_gpio.c ****   else
 439:Src/Drivers/STM32F4xx_HAL_Driver/Src/stm32f4xx_hal_gpio.c ****   {
 440:Src/Drivers/STM32F4xx_HAL_Driver/Src/stm32f4xx_hal_gpio.c ****     GPIOx->BSRR = (uint32_t)GPIO_Pin << 16U;
 638              		.loc 1 440 0
 639 0002 0904     		lsls	r1, r1, #16
 640              	.LVL71:
 641 0004 8161     		str	r1, [r0, #24]
 441:Src/Drivers/STM32F4xx_HAL_Driver/Src/stm32f4xx_hal_gpio.c ****   }
 442:Src/Drivers/STM32F4xx_HAL_Driver/Src/stm32f4xx_hal_gpio.c **** }
 642              		.loc 1 442 0
 643 0006 7047     		bx	lr
 644              	.LVL72:
 645              	.L59:
 436:Src/Drivers/STM32F4xx_HAL_Driver/Src/stm32f4xx_hal_gpio.c ****   }
 646              		.loc 1 436 0
 647 0008 8161     		str	r1, [r0, #24]
 648 000a 7047     		bx	lr
ARM GAS  C:\Users\RodrigWi\AppData\Local\Temp\ccjulSdu.s 			page 21


 649              		.cfi_endproc
 650              	.LFE129:
 652              		.section	.text.HAL_GPIO_TogglePin,"ax",%progbits
 653              		.align	1
 654              		.global	HAL_GPIO_TogglePin
 655              		.syntax unified
 656              		.thumb
 657              		.thumb_func
 658              		.fpu fpv4-sp-d16
 660              	HAL_GPIO_TogglePin:
 661              	.LFB130:
 443:Src/Drivers/STM32F4xx_HAL_Driver/Src/stm32f4xx_hal_gpio.c **** 
 444:Src/Drivers/STM32F4xx_HAL_Driver/Src/stm32f4xx_hal_gpio.c **** /**
 445:Src/Drivers/STM32F4xx_HAL_Driver/Src/stm32f4xx_hal_gpio.c ****   * @brief  Toggles the specified GPIO pins.
 446:Src/Drivers/STM32F4xx_HAL_Driver/Src/stm32f4xx_hal_gpio.c ****   * @param  GPIOx Where x can be (A..K) to select the GPIO peripheral for STM32F429X device or
 447:Src/Drivers/STM32F4xx_HAL_Driver/Src/stm32f4xx_hal_gpio.c ****   *                      x can be (A..I) to select the GPIO peripheral for STM32F40XX and STM32F427
 448:Src/Drivers/STM32F4xx_HAL_Driver/Src/stm32f4xx_hal_gpio.c ****   * @param  GPIO_Pin Specifies the pins to be toggled.
 449:Src/Drivers/STM32F4xx_HAL_Driver/Src/stm32f4xx_hal_gpio.c ****   * @retval None
 450:Src/Drivers/STM32F4xx_HAL_Driver/Src/stm32f4xx_hal_gpio.c ****   */
 451:Src/Drivers/STM32F4xx_HAL_Driver/Src/stm32f4xx_hal_gpio.c **** void HAL_GPIO_TogglePin(GPIO_TypeDef* GPIOx, uint16_t GPIO_Pin)
 452:Src/Drivers/STM32F4xx_HAL_Driver/Src/stm32f4xx_hal_gpio.c **** {
 662              		.loc 1 452 0
 663              		.cfi_startproc
 664              		@ args = 0, pretend = 0, frame = 0
 665              		@ frame_needed = 0, uses_anonymous_args = 0
 666              		@ link register save eliminated.
 667              	.LVL73:
 453:Src/Drivers/STM32F4xx_HAL_Driver/Src/stm32f4xx_hal_gpio.c ****   /* Check the parameters */
 454:Src/Drivers/STM32F4xx_HAL_Driver/Src/stm32f4xx_hal_gpio.c ****   assert_param(IS_GPIO_PIN(GPIO_Pin));
 455:Src/Drivers/STM32F4xx_HAL_Driver/Src/stm32f4xx_hal_gpio.c **** 
 456:Src/Drivers/STM32F4xx_HAL_Driver/Src/stm32f4xx_hal_gpio.c ****   GPIOx->ODR ^= GPIO_Pin;
 668              		.loc 1 456 0
 669 0000 4369     		ldr	r3, [r0, #20]
 670 0002 5940     		eors	r1, r1, r3
 671              	.LVL74:
 672 0004 4161     		str	r1, [r0, #20]
 457:Src/Drivers/STM32F4xx_HAL_Driver/Src/stm32f4xx_hal_gpio.c **** }
 673              		.loc 1 457 0
 674 0006 7047     		bx	lr
 675              		.cfi_endproc
 676              	.LFE130:
 678              		.section	.text.HAL_GPIO_LockPin,"ax",%progbits
 679              		.align	1
 680              		.global	HAL_GPIO_LockPin
 681              		.syntax unified
 682              		.thumb
 683              		.thumb_func
 684              		.fpu fpv4-sp-d16
 686              	HAL_GPIO_LockPin:
 687              	.LFB131:
 458:Src/Drivers/STM32F4xx_HAL_Driver/Src/stm32f4xx_hal_gpio.c **** 
 459:Src/Drivers/STM32F4xx_HAL_Driver/Src/stm32f4xx_hal_gpio.c **** /**
 460:Src/Drivers/STM32F4xx_HAL_Driver/Src/stm32f4xx_hal_gpio.c ****   * @brief  Locks GPIO Pins configuration registers.
 461:Src/Drivers/STM32F4xx_HAL_Driver/Src/stm32f4xx_hal_gpio.c ****   * @note   The locked registers are GPIOx_MODER, GPIOx_OTYPER, GPIOx_OSPEEDR,
 462:Src/Drivers/STM32F4xx_HAL_Driver/Src/stm32f4xx_hal_gpio.c ****   *         GPIOx_PUPDR, GPIOx_AFRL and GPIOx_AFRH.
 463:Src/Drivers/STM32F4xx_HAL_Driver/Src/stm32f4xx_hal_gpio.c ****   * @note   The configuration of the locked GPIO pins can no longer be modified
 464:Src/Drivers/STM32F4xx_HAL_Driver/Src/stm32f4xx_hal_gpio.c ****   *         until the next reset.
ARM GAS  C:\Users\RodrigWi\AppData\Local\Temp\ccjulSdu.s 			page 22


 465:Src/Drivers/STM32F4xx_HAL_Driver/Src/stm32f4xx_hal_gpio.c ****   * @param  GPIOx where x can be (A..F) to select the GPIO peripheral for STM32F4 family
 466:Src/Drivers/STM32F4xx_HAL_Driver/Src/stm32f4xx_hal_gpio.c ****   * @param  GPIO_Pin specifies the port bit to be locked.
 467:Src/Drivers/STM32F4xx_HAL_Driver/Src/stm32f4xx_hal_gpio.c ****   *         This parameter can be any combination of GPIO_PIN_x where x can be (0..15).
 468:Src/Drivers/STM32F4xx_HAL_Driver/Src/stm32f4xx_hal_gpio.c ****   * @retval None
 469:Src/Drivers/STM32F4xx_HAL_Driver/Src/stm32f4xx_hal_gpio.c ****   */
 470:Src/Drivers/STM32F4xx_HAL_Driver/Src/stm32f4xx_hal_gpio.c **** HAL_StatusTypeDef HAL_GPIO_LockPin(GPIO_TypeDef* GPIOx, uint16_t GPIO_Pin)
 471:Src/Drivers/STM32F4xx_HAL_Driver/Src/stm32f4xx_hal_gpio.c **** {
 688              		.loc 1 471 0
 689              		.cfi_startproc
 690              		@ args = 0, pretend = 0, frame = 8
 691              		@ frame_needed = 0, uses_anonymous_args = 0
 692              		@ link register save eliminated.
 693              	.LVL75:
 694 0000 82B0     		sub	sp, sp, #8
 695              	.LCFI6:
 696              		.cfi_def_cfa_offset 8
 472:Src/Drivers/STM32F4xx_HAL_Driver/Src/stm32f4xx_hal_gpio.c ****   __IO uint32_t tmp = GPIO_LCKR_LCKK;
 697              		.loc 1 472 0
 698 0002 4FF48033 		mov	r3, #65536
 699 0006 0193     		str	r3, [sp, #4]
 473:Src/Drivers/STM32F4xx_HAL_Driver/Src/stm32f4xx_hal_gpio.c **** 
 474:Src/Drivers/STM32F4xx_HAL_Driver/Src/stm32f4xx_hal_gpio.c ****   /* Check the parameters */
 475:Src/Drivers/STM32F4xx_HAL_Driver/Src/stm32f4xx_hal_gpio.c ****   assert_param(IS_GPIO_PIN(GPIO_Pin));
 476:Src/Drivers/STM32F4xx_HAL_Driver/Src/stm32f4xx_hal_gpio.c **** 
 477:Src/Drivers/STM32F4xx_HAL_Driver/Src/stm32f4xx_hal_gpio.c ****   /* Apply lock key write sequence */
 478:Src/Drivers/STM32F4xx_HAL_Driver/Src/stm32f4xx_hal_gpio.c ****   tmp |= GPIO_Pin;
 700              		.loc 1 478 0
 701 0008 019B     		ldr	r3, [sp, #4]
 702 000a 0B43     		orrs	r3, r3, r1
 703 000c 0193     		str	r3, [sp, #4]
 479:Src/Drivers/STM32F4xx_HAL_Driver/Src/stm32f4xx_hal_gpio.c ****   /* Set LCKx bit(s): LCKK='1' + LCK[15-0] */
 480:Src/Drivers/STM32F4xx_HAL_Driver/Src/stm32f4xx_hal_gpio.c ****   GPIOx->LCKR = tmp;
 704              		.loc 1 480 0
 705 000e 019B     		ldr	r3, [sp, #4]
 706 0010 C361     		str	r3, [r0, #28]
 481:Src/Drivers/STM32F4xx_HAL_Driver/Src/stm32f4xx_hal_gpio.c ****   /* Reset LCKx bit(s): LCKK='0' + LCK[15-0] */
 482:Src/Drivers/STM32F4xx_HAL_Driver/Src/stm32f4xx_hal_gpio.c ****   GPIOx->LCKR = GPIO_Pin;
 707              		.loc 1 482 0
 708 0012 C161     		str	r1, [r0, #28]
 483:Src/Drivers/STM32F4xx_HAL_Driver/Src/stm32f4xx_hal_gpio.c ****   /* Set LCKx bit(s): LCKK='1' + LCK[15-0] */
 484:Src/Drivers/STM32F4xx_HAL_Driver/Src/stm32f4xx_hal_gpio.c ****   GPIOx->LCKR = tmp;
 709              		.loc 1 484 0
 710 0014 019B     		ldr	r3, [sp, #4]
 711 0016 C361     		str	r3, [r0, #28]
 485:Src/Drivers/STM32F4xx_HAL_Driver/Src/stm32f4xx_hal_gpio.c ****   /* Read LCKK bit*/
 486:Src/Drivers/STM32F4xx_HAL_Driver/Src/stm32f4xx_hal_gpio.c ****   tmp = GPIOx->LCKR;
 712              		.loc 1 486 0
 713 0018 C369     		ldr	r3, [r0, #28]
 714 001a 0193     		str	r3, [sp, #4]
 487:Src/Drivers/STM32F4xx_HAL_Driver/Src/stm32f4xx_hal_gpio.c **** 
 488:Src/Drivers/STM32F4xx_HAL_Driver/Src/stm32f4xx_hal_gpio.c ****  if((GPIOx->LCKR & GPIO_LCKR_LCKK) != RESET)
 715              		.loc 1 488 0
 716 001c C369     		ldr	r3, [r0, #28]
 717 001e 13F4803F 		tst	r3, #65536
 718 0022 02D1     		bne	.L65
 489:Src/Drivers/STM32F4xx_HAL_Driver/Src/stm32f4xx_hal_gpio.c ****   {
 490:Src/Drivers/STM32F4xx_HAL_Driver/Src/stm32f4xx_hal_gpio.c ****     return HAL_OK;
ARM GAS  C:\Users\RodrigWi\AppData\Local\Temp\ccjulSdu.s 			page 23


 491:Src/Drivers/STM32F4xx_HAL_Driver/Src/stm32f4xx_hal_gpio.c ****   }
 492:Src/Drivers/STM32F4xx_HAL_Driver/Src/stm32f4xx_hal_gpio.c ****   else
 493:Src/Drivers/STM32F4xx_HAL_Driver/Src/stm32f4xx_hal_gpio.c ****   {
 494:Src/Drivers/STM32F4xx_HAL_Driver/Src/stm32f4xx_hal_gpio.c ****     return HAL_ERROR;
 719              		.loc 1 494 0
 720 0024 0120     		movs	r0, #1
 721              	.LVL76:
 722              	.L62:
 495:Src/Drivers/STM32F4xx_HAL_Driver/Src/stm32f4xx_hal_gpio.c ****   }
 496:Src/Drivers/STM32F4xx_HAL_Driver/Src/stm32f4xx_hal_gpio.c **** }
 723              		.loc 1 496 0
 724 0026 02B0     		add	sp, sp, #8
 725              	.LCFI7:
 726              		.cfi_remember_state
 727              		.cfi_def_cfa_offset 0
 728              		@ sp needed
 729 0028 7047     		bx	lr
 730              	.LVL77:
 731              	.L65:
 732              	.LCFI8:
 733              		.cfi_restore_state
 490:Src/Drivers/STM32F4xx_HAL_Driver/Src/stm32f4xx_hal_gpio.c ****   }
 734              		.loc 1 490 0
 735 002a 0020     		movs	r0, #0
 736              	.LVL78:
 737 002c FBE7     		b	.L62
 738              		.cfi_endproc
 739              	.LFE131:
 741              		.section	.text.HAL_GPIO_EXTI_Callback,"ax",%progbits
 742              		.align	1
 743              		.weak	HAL_GPIO_EXTI_Callback
 744              		.syntax unified
 745              		.thumb
 746              		.thumb_func
 747              		.fpu fpv4-sp-d16
 749              	HAL_GPIO_EXTI_Callback:
 750              	.LFB133:
 497:Src/Drivers/STM32F4xx_HAL_Driver/Src/stm32f4xx_hal_gpio.c **** 
 498:Src/Drivers/STM32F4xx_HAL_Driver/Src/stm32f4xx_hal_gpio.c **** /**
 499:Src/Drivers/STM32F4xx_HAL_Driver/Src/stm32f4xx_hal_gpio.c ****   * @brief  This function handles EXTI interrupt request.
 500:Src/Drivers/STM32F4xx_HAL_Driver/Src/stm32f4xx_hal_gpio.c ****   * @param  GPIO_Pin Specifies the pins connected EXTI line
 501:Src/Drivers/STM32F4xx_HAL_Driver/Src/stm32f4xx_hal_gpio.c ****   * @retval None
 502:Src/Drivers/STM32F4xx_HAL_Driver/Src/stm32f4xx_hal_gpio.c ****   */
 503:Src/Drivers/STM32F4xx_HAL_Driver/Src/stm32f4xx_hal_gpio.c **** void HAL_GPIO_EXTI_IRQHandler(uint16_t GPIO_Pin)
 504:Src/Drivers/STM32F4xx_HAL_Driver/Src/stm32f4xx_hal_gpio.c **** {
 505:Src/Drivers/STM32F4xx_HAL_Driver/Src/stm32f4xx_hal_gpio.c ****   /* EXTI line interrupt detected */
 506:Src/Drivers/STM32F4xx_HAL_Driver/Src/stm32f4xx_hal_gpio.c ****   if(__HAL_GPIO_EXTI_GET_IT(GPIO_Pin) != RESET)
 507:Src/Drivers/STM32F4xx_HAL_Driver/Src/stm32f4xx_hal_gpio.c ****   {
 508:Src/Drivers/STM32F4xx_HAL_Driver/Src/stm32f4xx_hal_gpio.c ****     __HAL_GPIO_EXTI_CLEAR_IT(GPIO_Pin);
 509:Src/Drivers/STM32F4xx_HAL_Driver/Src/stm32f4xx_hal_gpio.c ****     HAL_GPIO_EXTI_Callback(GPIO_Pin);
 510:Src/Drivers/STM32F4xx_HAL_Driver/Src/stm32f4xx_hal_gpio.c ****   }
 511:Src/Drivers/STM32F4xx_HAL_Driver/Src/stm32f4xx_hal_gpio.c **** }
 512:Src/Drivers/STM32F4xx_HAL_Driver/Src/stm32f4xx_hal_gpio.c **** 
 513:Src/Drivers/STM32F4xx_HAL_Driver/Src/stm32f4xx_hal_gpio.c **** /**
 514:Src/Drivers/STM32F4xx_HAL_Driver/Src/stm32f4xx_hal_gpio.c ****   * @brief  EXTI line detection callbacks.
 515:Src/Drivers/STM32F4xx_HAL_Driver/Src/stm32f4xx_hal_gpio.c ****   * @param  GPIO_Pin Specifies the pins connected EXTI line
 516:Src/Drivers/STM32F4xx_HAL_Driver/Src/stm32f4xx_hal_gpio.c ****   * @retval None
ARM GAS  C:\Users\RodrigWi\AppData\Local\Temp\ccjulSdu.s 			page 24


 517:Src/Drivers/STM32F4xx_HAL_Driver/Src/stm32f4xx_hal_gpio.c ****   */
 518:Src/Drivers/STM32F4xx_HAL_Driver/Src/stm32f4xx_hal_gpio.c **** __weak void HAL_GPIO_EXTI_Callback(uint16_t GPIO_Pin)
 519:Src/Drivers/STM32F4xx_HAL_Driver/Src/stm32f4xx_hal_gpio.c **** {
 751              		.loc 1 519 0
 752              		.cfi_startproc
 753              		@ args = 0, pretend = 0, frame = 0
 754              		@ frame_needed = 0, uses_anonymous_args = 0
 755              		@ link register save eliminated.
 756              	.LVL79:
 520:Src/Drivers/STM32F4xx_HAL_Driver/Src/stm32f4xx_hal_gpio.c ****   /* Prevent unused argument(s) compilation warning */
 521:Src/Drivers/STM32F4xx_HAL_Driver/Src/stm32f4xx_hal_gpio.c ****   UNUSED(GPIO_Pin);
 522:Src/Drivers/STM32F4xx_HAL_Driver/Src/stm32f4xx_hal_gpio.c ****   /* NOTE: This function Should not be modified, when the callback is needed,
 523:Src/Drivers/STM32F4xx_HAL_Driver/Src/stm32f4xx_hal_gpio.c ****            the HAL_GPIO_EXTI_Callback could be implemented in the user file
 524:Src/Drivers/STM32F4xx_HAL_Driver/Src/stm32f4xx_hal_gpio.c ****    */
 525:Src/Drivers/STM32F4xx_HAL_Driver/Src/stm32f4xx_hal_gpio.c **** }
 757              		.loc 1 525 0
 758 0000 7047     		bx	lr
 759              		.cfi_endproc
 760              	.LFE133:
 762              		.section	.text.HAL_GPIO_EXTI_IRQHandler,"ax",%progbits
 763              		.align	1
 764              		.global	HAL_GPIO_EXTI_IRQHandler
 765              		.syntax unified
 766              		.thumb
 767              		.thumb_func
 768              		.fpu fpv4-sp-d16
 770              	HAL_GPIO_EXTI_IRQHandler:
 771              	.LFB132:
 504:Src/Drivers/STM32F4xx_HAL_Driver/Src/stm32f4xx_hal_gpio.c ****   /* EXTI line interrupt detected */
 772              		.loc 1 504 0
 773              		.cfi_startproc
 774              		@ args = 0, pretend = 0, frame = 0
 775              		@ frame_needed = 0, uses_anonymous_args = 0
 776              	.LVL80:
 777 0000 08B5     		push	{r3, lr}
 778              	.LCFI9:
 779              		.cfi_def_cfa_offset 8
 780              		.cfi_offset 3, -8
 781              		.cfi_offset 14, -4
 506:Src/Drivers/STM32F4xx_HAL_Driver/Src/stm32f4xx_hal_gpio.c ****   {
 782              		.loc 1 506 0
 783 0002 054B     		ldr	r3, .L71
 784 0004 5B69     		ldr	r3, [r3, #20]
 785 0006 0342     		tst	r3, r0
 786 0008 00D1     		bne	.L70
 787              	.LVL81:
 788              	.L67:
 511:Src/Drivers/STM32F4xx_HAL_Driver/Src/stm32f4xx_hal_gpio.c **** 
 789              		.loc 1 511 0
 790 000a 08BD     		pop	{r3, pc}
 791              	.LVL82:
 792              	.L70:
 508:Src/Drivers/STM32F4xx_HAL_Driver/Src/stm32f4xx_hal_gpio.c ****     HAL_GPIO_EXTI_Callback(GPIO_Pin);
 793              		.loc 1 508 0
 794 000c 024B     		ldr	r3, .L71
 795 000e 5861     		str	r0, [r3, #20]
 509:Src/Drivers/STM32F4xx_HAL_Driver/Src/stm32f4xx_hal_gpio.c ****   }
ARM GAS  C:\Users\RodrigWi\AppData\Local\Temp\ccjulSdu.s 			page 25


 796              		.loc 1 509 0
 797 0010 FFF7FEFF 		bl	HAL_GPIO_EXTI_Callback
 798              	.LVL83:
 511:Src/Drivers/STM32F4xx_HAL_Driver/Src/stm32f4xx_hal_gpio.c **** 
 799              		.loc 1 511 0
 800 0014 F9E7     		b	.L67
 801              	.L72:
 802 0016 00BF     		.align	2
 803              	.L71:
 804 0018 003C0140 		.word	1073822720
 805              		.cfi_endproc
 806              	.LFE132:
 808              		.text
 809              	.Letext0:
 810              		.file 2 "c:\\program files (x86)\\gnu tools arm embedded\\7 2018-q2-update\\arm-none-eabi\\include
 811              		.file 3 "c:\\program files (x86)\\gnu tools arm embedded\\7 2018-q2-update\\arm-none-eabi\\include
 812              		.file 4 "Src/Drivers/CMSIS/Include/core_cm4.h"
 813              		.file 5 "Src/Drivers/CMSIS/Device/ST/STM32F4xx/Include/system_stm32f4xx.h"
 814              		.file 6 "Src/Drivers/CMSIS/Device/ST/STM32F4xx/Include/stm32f405xx.h"
 815              		.file 7 "c:\\program files (x86)\\gnu tools arm embedded\\7 2018-q2-update\\arm-none-eabi\\include
 816              		.file 8 "c:\\program files (x86)\\gnu tools arm embedded\\7 2018-q2-update\\arm-none-eabi\\include
 817              		.file 9 "c:\\program files (x86)\\gnu tools arm embedded\\7 2018-q2-update\\lib\\gcc\\arm-none-eab
 818              		.file 10 "c:\\program files (x86)\\gnu tools arm embedded\\7 2018-q2-update\\arm-none-eabi\\includ
 819              		.file 11 "Src/Drivers/CMSIS/Device/ST/STM32F4xx/Include/stm32f4xx.h"
 820              		.file 12 "Src/Drivers/STM32F4xx_HAL_Driver/Inc/stm32f4xx_hal_def.h"
 821              		.file 13 "Src/Drivers/STM32F4xx_HAL_Driver/Inc/stm32f4xx_hal_gpio.h"
ARM GAS  C:\Users\RodrigWi\AppData\Local\Temp\ccjulSdu.s 			page 26


DEFINED SYMBOLS
                            *ABS*:00000000 stm32f4xx_hal_gpio.c
C:\Users\RodrigWi\AppData\Local\Temp\ccjulSdu.s:18     .text.HAL_GPIO_Init:00000000 $t
C:\Users\RodrigWi\AppData\Local\Temp\ccjulSdu.s:25     .text.HAL_GPIO_Init:00000000 HAL_GPIO_Init
C:\Users\RodrigWi\AppData\Local\Temp\ccjulSdu.s:369    .text.HAL_GPIO_Init:000001b8 $d
C:\Users\RodrigWi\AppData\Local\Temp\ccjulSdu.s:377    .text.HAL_GPIO_DeInit:00000000 $t
C:\Users\RodrigWi\AppData\Local\Temp\ccjulSdu.s:384    .text.HAL_GPIO_DeInit:00000000 HAL_GPIO_DeInit
C:\Users\RodrigWi\AppData\Local\Temp\ccjulSdu.s:580    .text.HAL_GPIO_DeInit:00000114 $d
C:\Users\RodrigWi\AppData\Local\Temp\ccjulSdu.s:587    .text.HAL_GPIO_ReadPin:00000000 $t
C:\Users\RodrigWi\AppData\Local\Temp\ccjulSdu.s:594    .text.HAL_GPIO_ReadPin:00000000 HAL_GPIO_ReadPin
C:\Users\RodrigWi\AppData\Local\Temp\ccjulSdu.s:621    .text.HAL_GPIO_WritePin:00000000 $t
C:\Users\RodrigWi\AppData\Local\Temp\ccjulSdu.s:628    .text.HAL_GPIO_WritePin:00000000 HAL_GPIO_WritePin
C:\Users\RodrigWi\AppData\Local\Temp\ccjulSdu.s:653    .text.HAL_GPIO_TogglePin:00000000 $t
C:\Users\RodrigWi\AppData\Local\Temp\ccjulSdu.s:660    .text.HAL_GPIO_TogglePin:00000000 HAL_GPIO_TogglePin
C:\Users\RodrigWi\AppData\Local\Temp\ccjulSdu.s:679    .text.HAL_GPIO_LockPin:00000000 $t
C:\Users\RodrigWi\AppData\Local\Temp\ccjulSdu.s:686    .text.HAL_GPIO_LockPin:00000000 HAL_GPIO_LockPin
C:\Users\RodrigWi\AppData\Local\Temp\ccjulSdu.s:742    .text.HAL_GPIO_EXTI_Callback:00000000 $t
C:\Users\RodrigWi\AppData\Local\Temp\ccjulSdu.s:749    .text.HAL_GPIO_EXTI_Callback:00000000 HAL_GPIO_EXTI_Callback
C:\Users\RodrigWi\AppData\Local\Temp\ccjulSdu.s:763    .text.HAL_GPIO_EXTI_IRQHandler:00000000 $t
C:\Users\RodrigWi\AppData\Local\Temp\ccjulSdu.s:770    .text.HAL_GPIO_EXTI_IRQHandler:00000000 HAL_GPIO_EXTI_IRQHandler
C:\Users\RodrigWi\AppData\Local\Temp\ccjulSdu.s:804    .text.HAL_GPIO_EXTI_IRQHandler:00000018 $d

NO UNDEFINED SYMBOLS
