ARM GAS  C:\Users\RodrigWi\AppData\Local\Temp\cc7TsLuv.s 			page 1


   1              		.cpu cortex-m4
   2              		.eabi_attribute 27, 1
   3              		.eabi_attribute 28, 1
   4              		.eabi_attribute 20, 1
   5              		.eabi_attribute 21, 1
   6              		.eabi_attribute 23, 3
   7              		.eabi_attribute 24, 1
   8              		.eabi_attribute 25, 1
   9              		.eabi_attribute 26, 1
  10              		.eabi_attribute 30, 1
  11              		.eabi_attribute 34, 1
  12              		.eabi_attribute 18, 4
  13              		.file	"stm32f4xx_hal.c"
  14              		.text
  15              	.Ltext0:
  16              		.cfi_sections	.debug_frame
  17              		.section	.text.HAL_MspInit,"ax",%progbits
  18              		.align	1
  19              		.weak	HAL_MspInit
  20              		.syntax unified
  21              		.thumb
  22              		.thumb_func
  23              		.fpu fpv4-sp-d16
  25              	HAL_MspInit:
  26              	.LFB128:
  27              		.file 1 "Src/Drivers/STM32F4xx_HAL_Driver/Src/stm32f4xx_hal.c"
   1:Src/Drivers/STM32F4xx_HAL_Driver/Src/stm32f4xx_hal.c **** /**
   2:Src/Drivers/STM32F4xx_HAL_Driver/Src/stm32f4xx_hal.c ****   ******************************************************************************
   3:Src/Drivers/STM32F4xx_HAL_Driver/Src/stm32f4xx_hal.c ****   * @file    stm32f4xx_hal.c
   4:Src/Drivers/STM32F4xx_HAL_Driver/Src/stm32f4xx_hal.c ****   * @author  MCD Application Team
   5:Src/Drivers/STM32F4xx_HAL_Driver/Src/stm32f4xx_hal.c ****   * @brief   HAL module driver.
   6:Src/Drivers/STM32F4xx_HAL_Driver/Src/stm32f4xx_hal.c ****   *          This is the common part of the HAL initialization
   7:Src/Drivers/STM32F4xx_HAL_Driver/Src/stm32f4xx_hal.c ****   *
   8:Src/Drivers/STM32F4xx_HAL_Driver/Src/stm32f4xx_hal.c ****   @verbatim
   9:Src/Drivers/STM32F4xx_HAL_Driver/Src/stm32f4xx_hal.c ****   ==============================================================================
  10:Src/Drivers/STM32F4xx_HAL_Driver/Src/stm32f4xx_hal.c ****                      ##### How to use this driver #####
  11:Src/Drivers/STM32F4xx_HAL_Driver/Src/stm32f4xx_hal.c ****   ==============================================================================
  12:Src/Drivers/STM32F4xx_HAL_Driver/Src/stm32f4xx_hal.c ****     [..]
  13:Src/Drivers/STM32F4xx_HAL_Driver/Src/stm32f4xx_hal.c ****     The common HAL driver contains a set of generic and common APIs that can be
  14:Src/Drivers/STM32F4xx_HAL_Driver/Src/stm32f4xx_hal.c ****     used by the PPP peripheral drivers and the user to start using the HAL. 
  15:Src/Drivers/STM32F4xx_HAL_Driver/Src/stm32f4xx_hal.c ****     [..]
  16:Src/Drivers/STM32F4xx_HAL_Driver/Src/stm32f4xx_hal.c ****     The HAL contains two APIs' categories: 
  17:Src/Drivers/STM32F4xx_HAL_Driver/Src/stm32f4xx_hal.c ****          (+) Common HAL APIs
  18:Src/Drivers/STM32F4xx_HAL_Driver/Src/stm32f4xx_hal.c ****          (+) Services HAL APIs
  19:Src/Drivers/STM32F4xx_HAL_Driver/Src/stm32f4xx_hal.c **** 
  20:Src/Drivers/STM32F4xx_HAL_Driver/Src/stm32f4xx_hal.c ****   @endverbatim
  21:Src/Drivers/STM32F4xx_HAL_Driver/Src/stm32f4xx_hal.c ****   ******************************************************************************
  22:Src/Drivers/STM32F4xx_HAL_Driver/Src/stm32f4xx_hal.c ****   * @attention
  23:Src/Drivers/STM32F4xx_HAL_Driver/Src/stm32f4xx_hal.c ****   *
  24:Src/Drivers/STM32F4xx_HAL_Driver/Src/stm32f4xx_hal.c ****   * <h2><center>&copy; COPYRIGHT(c) 2017 STMicroelectronics</center></h2>
  25:Src/Drivers/STM32F4xx_HAL_Driver/Src/stm32f4xx_hal.c ****   *
  26:Src/Drivers/STM32F4xx_HAL_Driver/Src/stm32f4xx_hal.c ****   * Redistribution and use in source and binary forms, with or without modification,
  27:Src/Drivers/STM32F4xx_HAL_Driver/Src/stm32f4xx_hal.c ****   * are permitted provided that the following conditions are met:
  28:Src/Drivers/STM32F4xx_HAL_Driver/Src/stm32f4xx_hal.c ****   *   1. Redistributions of source code must retain the above copyright notice,
  29:Src/Drivers/STM32F4xx_HAL_Driver/Src/stm32f4xx_hal.c ****   *      this list of conditions and the following disclaimer.
  30:Src/Drivers/STM32F4xx_HAL_Driver/Src/stm32f4xx_hal.c ****   *   2. Redistributions in binary form must reproduce the above copyright notice,
  31:Src/Drivers/STM32F4xx_HAL_Driver/Src/stm32f4xx_hal.c ****   *      this list of conditions and the following disclaimer in the documentation
ARM GAS  C:\Users\RodrigWi\AppData\Local\Temp\cc7TsLuv.s 			page 2


  32:Src/Drivers/STM32F4xx_HAL_Driver/Src/stm32f4xx_hal.c ****   *      and/or other materials provided with the distribution.
  33:Src/Drivers/STM32F4xx_HAL_Driver/Src/stm32f4xx_hal.c ****   *   3. Neither the name of STMicroelectronics nor the names of its contributors
  34:Src/Drivers/STM32F4xx_HAL_Driver/Src/stm32f4xx_hal.c ****   *      may be used to endorse or promote products derived from this software
  35:Src/Drivers/STM32F4xx_HAL_Driver/Src/stm32f4xx_hal.c ****   *      without specific prior written permission.
  36:Src/Drivers/STM32F4xx_HAL_Driver/Src/stm32f4xx_hal.c ****   *
  37:Src/Drivers/STM32F4xx_HAL_Driver/Src/stm32f4xx_hal.c ****   * THIS SOFTWARE IS PROVIDED BY THE COPYRIGHT HOLDERS AND CONTRIBUTORS "AS IS"
  38:Src/Drivers/STM32F4xx_HAL_Driver/Src/stm32f4xx_hal.c ****   * AND ANY EXPRESS OR IMPLIED WARRANTIES, INCLUDING, BUT NOT LIMITED TO, THE
  39:Src/Drivers/STM32F4xx_HAL_Driver/Src/stm32f4xx_hal.c ****   * IMPLIED WARRANTIES OF MERCHANTABILITY AND FITNESS FOR A PARTICULAR PURPOSE ARE
  40:Src/Drivers/STM32F4xx_HAL_Driver/Src/stm32f4xx_hal.c ****   * DISCLAIMED. IN NO EVENT SHALL THE COPYRIGHT HOLDER OR CONTRIBUTORS BE LIABLE
  41:Src/Drivers/STM32F4xx_HAL_Driver/Src/stm32f4xx_hal.c ****   * FOR ANY DIRECT, INDIRECT, INCIDENTAL, SPECIAL, EXEMPLARY, OR CONSEQUENTIAL
  42:Src/Drivers/STM32F4xx_HAL_Driver/Src/stm32f4xx_hal.c ****   * DAMAGES (INCLUDING, BUT NOT LIMITED TO, PROCUREMENT OF SUBSTITUTE GOODS OR
  43:Src/Drivers/STM32F4xx_HAL_Driver/Src/stm32f4xx_hal.c ****   * SERVICES; LOSS OF USE, DATA, OR PROFITS; OR BUSINESS INTERRUPTION) HOWEVER
  44:Src/Drivers/STM32F4xx_HAL_Driver/Src/stm32f4xx_hal.c ****   * CAUSED AND ON ANY THEORY OF LIABILITY, WHETHER IN CONTRACT, STRICT LIABILITY,
  45:Src/Drivers/STM32F4xx_HAL_Driver/Src/stm32f4xx_hal.c ****   * OR TORT (INCLUDING NEGLIGENCE OR OTHERWISE) ARISING IN ANY WAY OUT OF THE USE
  46:Src/Drivers/STM32F4xx_HAL_Driver/Src/stm32f4xx_hal.c ****   * OF THIS SOFTWARE, EVEN IF ADVISED OF THE POSSIBILITY OF SUCH DAMAGE.
  47:Src/Drivers/STM32F4xx_HAL_Driver/Src/stm32f4xx_hal.c ****   *
  48:Src/Drivers/STM32F4xx_HAL_Driver/Src/stm32f4xx_hal.c ****   ******************************************************************************
  49:Src/Drivers/STM32F4xx_HAL_Driver/Src/stm32f4xx_hal.c ****   */ 
  50:Src/Drivers/STM32F4xx_HAL_Driver/Src/stm32f4xx_hal.c **** 
  51:Src/Drivers/STM32F4xx_HAL_Driver/Src/stm32f4xx_hal.c **** /* Includes ------------------------------------------------------------------*/
  52:Src/Drivers/STM32F4xx_HAL_Driver/Src/stm32f4xx_hal.c **** #include "stm32f4xx_hal.h"
  53:Src/Drivers/STM32F4xx_HAL_Driver/Src/stm32f4xx_hal.c **** 
  54:Src/Drivers/STM32F4xx_HAL_Driver/Src/stm32f4xx_hal.c **** /** @addtogroup STM32F4xx_HAL_Driver
  55:Src/Drivers/STM32F4xx_HAL_Driver/Src/stm32f4xx_hal.c ****   * @{
  56:Src/Drivers/STM32F4xx_HAL_Driver/Src/stm32f4xx_hal.c ****   */
  57:Src/Drivers/STM32F4xx_HAL_Driver/Src/stm32f4xx_hal.c **** 
  58:Src/Drivers/STM32F4xx_HAL_Driver/Src/stm32f4xx_hal.c **** /** @defgroup HAL HAL
  59:Src/Drivers/STM32F4xx_HAL_Driver/Src/stm32f4xx_hal.c ****   * @brief HAL module driver.
  60:Src/Drivers/STM32F4xx_HAL_Driver/Src/stm32f4xx_hal.c ****   * @{
  61:Src/Drivers/STM32F4xx_HAL_Driver/Src/stm32f4xx_hal.c ****   */
  62:Src/Drivers/STM32F4xx_HAL_Driver/Src/stm32f4xx_hal.c **** 
  63:Src/Drivers/STM32F4xx_HAL_Driver/Src/stm32f4xx_hal.c **** /* Private typedef -----------------------------------------------------------*/
  64:Src/Drivers/STM32F4xx_HAL_Driver/Src/stm32f4xx_hal.c **** /* Private define ------------------------------------------------------------*/
  65:Src/Drivers/STM32F4xx_HAL_Driver/Src/stm32f4xx_hal.c **** /** @addtogroup HAL_Private_Constants
  66:Src/Drivers/STM32F4xx_HAL_Driver/Src/stm32f4xx_hal.c ****   * @{
  67:Src/Drivers/STM32F4xx_HAL_Driver/Src/stm32f4xx_hal.c ****   */
  68:Src/Drivers/STM32F4xx_HAL_Driver/Src/stm32f4xx_hal.c **** /**
  69:Src/Drivers/STM32F4xx_HAL_Driver/Src/stm32f4xx_hal.c ****   * @brief STM32F4xx HAL Driver version number V1.7.4
  70:Src/Drivers/STM32F4xx_HAL_Driver/Src/stm32f4xx_hal.c ****   */
  71:Src/Drivers/STM32F4xx_HAL_Driver/Src/stm32f4xx_hal.c **** #define __STM32F4xx_HAL_VERSION_MAIN   (0x01U) /*!< [31:24] main version */
  72:Src/Drivers/STM32F4xx_HAL_Driver/Src/stm32f4xx_hal.c **** #define __STM32F4xx_HAL_VERSION_SUB1   (0x07U) /*!< [23:16] sub1 version */
  73:Src/Drivers/STM32F4xx_HAL_Driver/Src/stm32f4xx_hal.c **** #define __STM32F4xx_HAL_VERSION_SUB2   (0x04U) /*!< [15:8]  sub2 version */
  74:Src/Drivers/STM32F4xx_HAL_Driver/Src/stm32f4xx_hal.c **** #define __STM32F4xx_HAL_VERSION_RC     (0x00U) /*!< [7:0]  release candidate */ 
  75:Src/Drivers/STM32F4xx_HAL_Driver/Src/stm32f4xx_hal.c **** #define __STM32F4xx_HAL_VERSION         ((__STM32F4xx_HAL_VERSION_MAIN << 24U)\
  76:Src/Drivers/STM32F4xx_HAL_Driver/Src/stm32f4xx_hal.c ****                                         |(__STM32F4xx_HAL_VERSION_SUB1 << 16U)\
  77:Src/Drivers/STM32F4xx_HAL_Driver/Src/stm32f4xx_hal.c ****                                         |(__STM32F4xx_HAL_VERSION_SUB2 << 8U )\
  78:Src/Drivers/STM32F4xx_HAL_Driver/Src/stm32f4xx_hal.c ****                                         |(__STM32F4xx_HAL_VERSION_RC))
  79:Src/Drivers/STM32F4xx_HAL_Driver/Src/stm32f4xx_hal.c ****                                         
  80:Src/Drivers/STM32F4xx_HAL_Driver/Src/stm32f4xx_hal.c **** #define IDCODE_DEVID_MASK    0x00000FFFU
  81:Src/Drivers/STM32F4xx_HAL_Driver/Src/stm32f4xx_hal.c **** 
  82:Src/Drivers/STM32F4xx_HAL_Driver/Src/stm32f4xx_hal.c **** /* ------------ RCC registers bit address in the alias region ----------- */
  83:Src/Drivers/STM32F4xx_HAL_Driver/Src/stm32f4xx_hal.c **** #define SYSCFG_OFFSET             (SYSCFG_BASE - PERIPH_BASE)
  84:Src/Drivers/STM32F4xx_HAL_Driver/Src/stm32f4xx_hal.c **** /* ---  MEMRMP Register ---*/ 
  85:Src/Drivers/STM32F4xx_HAL_Driver/Src/stm32f4xx_hal.c **** /* Alias word address of UFB_MODE bit */ 
  86:Src/Drivers/STM32F4xx_HAL_Driver/Src/stm32f4xx_hal.c **** #define MEMRMP_OFFSET             SYSCFG_OFFSET 
  87:Src/Drivers/STM32F4xx_HAL_Driver/Src/stm32f4xx_hal.c **** #define UFB_MODE_BIT_NUMBER       SYSCFG_MEMRMP_UFB_MODE_Pos
  88:Src/Drivers/STM32F4xx_HAL_Driver/Src/stm32f4xx_hal.c **** #define UFB_MODE_BB               (uint32_t)(PERIPH_BB_BASE + (MEMRMP_OFFSET * 32U) + (UFB_MODE_BIT
ARM GAS  C:\Users\RodrigWi\AppData\Local\Temp\cc7TsLuv.s 			page 3


  89:Src/Drivers/STM32F4xx_HAL_Driver/Src/stm32f4xx_hal.c **** 
  90:Src/Drivers/STM32F4xx_HAL_Driver/Src/stm32f4xx_hal.c **** /* ---  CMPCR Register ---*/ 
  91:Src/Drivers/STM32F4xx_HAL_Driver/Src/stm32f4xx_hal.c **** /* Alias word address of CMP_PD bit */ 
  92:Src/Drivers/STM32F4xx_HAL_Driver/Src/stm32f4xx_hal.c **** #define CMPCR_OFFSET              (SYSCFG_OFFSET + 0x20U) 
  93:Src/Drivers/STM32F4xx_HAL_Driver/Src/stm32f4xx_hal.c **** #define CMP_PD_BIT_NUMBER         SYSCFG_CMPCR_CMP_PD_Pos
  94:Src/Drivers/STM32F4xx_HAL_Driver/Src/stm32f4xx_hal.c **** #define CMPCR_CMP_PD_BB           (uint32_t)(PERIPH_BB_BASE + (CMPCR_OFFSET * 32U) + (CMP_PD_BIT_NU
  95:Src/Drivers/STM32F4xx_HAL_Driver/Src/stm32f4xx_hal.c **** 
  96:Src/Drivers/STM32F4xx_HAL_Driver/Src/stm32f4xx_hal.c **** /* ---  MCHDLYCR Register ---*/ 
  97:Src/Drivers/STM32F4xx_HAL_Driver/Src/stm32f4xx_hal.c **** /* Alias word address of BSCKSEL bit */ 
  98:Src/Drivers/STM32F4xx_HAL_Driver/Src/stm32f4xx_hal.c **** #define MCHDLYCR_OFFSET            (SYSCFG_OFFSET + 0x30U) 
  99:Src/Drivers/STM32F4xx_HAL_Driver/Src/stm32f4xx_hal.c **** #define BSCKSEL_BIT_NUMBER         SYSCFG_MCHDLYCR_BSCKSEL_Pos
 100:Src/Drivers/STM32F4xx_HAL_Driver/Src/stm32f4xx_hal.c **** #define MCHDLYCR_BSCKSEL_BB        (uint32_t)(PERIPH_BB_BASE + (MCHDLYCR_OFFSET * 32U) + (BSCKSEL_B
 101:Src/Drivers/STM32F4xx_HAL_Driver/Src/stm32f4xx_hal.c **** /**
 102:Src/Drivers/STM32F4xx_HAL_Driver/Src/stm32f4xx_hal.c ****   * @}
 103:Src/Drivers/STM32F4xx_HAL_Driver/Src/stm32f4xx_hal.c ****   */
 104:Src/Drivers/STM32F4xx_HAL_Driver/Src/stm32f4xx_hal.c **** 
 105:Src/Drivers/STM32F4xx_HAL_Driver/Src/stm32f4xx_hal.c **** /* Private macro -------------------------------------------------------------*/
 106:Src/Drivers/STM32F4xx_HAL_Driver/Src/stm32f4xx_hal.c **** /* Private variables ---------------------------------------------------------*/
 107:Src/Drivers/STM32F4xx_HAL_Driver/Src/stm32f4xx_hal.c **** /** @addtogroup HAL_Private_Variables
 108:Src/Drivers/STM32F4xx_HAL_Driver/Src/stm32f4xx_hal.c ****   * @{
 109:Src/Drivers/STM32F4xx_HAL_Driver/Src/stm32f4xx_hal.c ****   */
 110:Src/Drivers/STM32F4xx_HAL_Driver/Src/stm32f4xx_hal.c **** __IO uint32_t uwTick;
 111:Src/Drivers/STM32F4xx_HAL_Driver/Src/stm32f4xx_hal.c **** uint32_t uwTickPrio   = (1UL << __NVIC_PRIO_BITS); /* Invalid PRIO */
 112:Src/Drivers/STM32F4xx_HAL_Driver/Src/stm32f4xx_hal.c **** HAL_TickFreqTypeDef uwTickFreq = HAL_TICK_FREQ_DEFAULT;  /* 1KHz */
 113:Src/Drivers/STM32F4xx_HAL_Driver/Src/stm32f4xx_hal.c **** /**
 114:Src/Drivers/STM32F4xx_HAL_Driver/Src/stm32f4xx_hal.c ****   * @}
 115:Src/Drivers/STM32F4xx_HAL_Driver/Src/stm32f4xx_hal.c ****   */
 116:Src/Drivers/STM32F4xx_HAL_Driver/Src/stm32f4xx_hal.c **** /* Private function prototypes -----------------------------------------------*/
 117:Src/Drivers/STM32F4xx_HAL_Driver/Src/stm32f4xx_hal.c **** /* Private functions ---------------------------------------------------------*/
 118:Src/Drivers/STM32F4xx_HAL_Driver/Src/stm32f4xx_hal.c **** 
 119:Src/Drivers/STM32F4xx_HAL_Driver/Src/stm32f4xx_hal.c **** /** @defgroup HAL_Exported_Functions HAL Exported Functions
 120:Src/Drivers/STM32F4xx_HAL_Driver/Src/stm32f4xx_hal.c ****   * @{
 121:Src/Drivers/STM32F4xx_HAL_Driver/Src/stm32f4xx_hal.c ****   */
 122:Src/Drivers/STM32F4xx_HAL_Driver/Src/stm32f4xx_hal.c **** 
 123:Src/Drivers/STM32F4xx_HAL_Driver/Src/stm32f4xx_hal.c **** /** @defgroup HAL_Exported_Functions_Group1 Initialization and de-initialization Functions 
 124:Src/Drivers/STM32F4xx_HAL_Driver/Src/stm32f4xx_hal.c ****  *  @brief    Initialization and de-initialization functions
 125:Src/Drivers/STM32F4xx_HAL_Driver/Src/stm32f4xx_hal.c ****  *
 126:Src/Drivers/STM32F4xx_HAL_Driver/Src/stm32f4xx_hal.c **** @verbatim    
 127:Src/Drivers/STM32F4xx_HAL_Driver/Src/stm32f4xx_hal.c ****  ===============================================================================
 128:Src/Drivers/STM32F4xx_HAL_Driver/Src/stm32f4xx_hal.c ****               ##### Initialization and Configuration functions #####
 129:Src/Drivers/STM32F4xx_HAL_Driver/Src/stm32f4xx_hal.c ****  ===============================================================================
 130:Src/Drivers/STM32F4xx_HAL_Driver/Src/stm32f4xx_hal.c ****     [..]  This section provides functions allowing to:
 131:Src/Drivers/STM32F4xx_HAL_Driver/Src/stm32f4xx_hal.c ****       (+) Initializes the Flash interface the NVIC allocation and initial clock 
 132:Src/Drivers/STM32F4xx_HAL_Driver/Src/stm32f4xx_hal.c ****           configuration. It initializes the systick also when timeout is needed 
 133:Src/Drivers/STM32F4xx_HAL_Driver/Src/stm32f4xx_hal.c ****           and the backup domain when enabled.
 134:Src/Drivers/STM32F4xx_HAL_Driver/Src/stm32f4xx_hal.c ****       (+) De-Initializes common part of the HAL.
 135:Src/Drivers/STM32F4xx_HAL_Driver/Src/stm32f4xx_hal.c ****       (+) Configure the time base source to have 1ms time base with a dedicated 
 136:Src/Drivers/STM32F4xx_HAL_Driver/Src/stm32f4xx_hal.c ****           Tick interrupt priority. 
 137:Src/Drivers/STM32F4xx_HAL_Driver/Src/stm32f4xx_hal.c ****         (++) SysTick timer is used by default as source of time base, but user
 138:Src/Drivers/STM32F4xx_HAL_Driver/Src/stm32f4xx_hal.c ****              can eventually implement his proper time base source (a general purpose 
 139:Src/Drivers/STM32F4xx_HAL_Driver/Src/stm32f4xx_hal.c ****              timer for example or other time source), keeping in mind that Time base 
 140:Src/Drivers/STM32F4xx_HAL_Driver/Src/stm32f4xx_hal.c ****              duration should be kept 1ms since PPP_TIMEOUT_VALUEs are defined and 
 141:Src/Drivers/STM32F4xx_HAL_Driver/Src/stm32f4xx_hal.c ****              handled in milliseconds basis.
 142:Src/Drivers/STM32F4xx_HAL_Driver/Src/stm32f4xx_hal.c ****         (++) Time base configuration function (HAL_InitTick ()) is called automatically 
 143:Src/Drivers/STM32F4xx_HAL_Driver/Src/stm32f4xx_hal.c ****              at the beginning of the program after reset by HAL_Init() or at any time 
 144:Src/Drivers/STM32F4xx_HAL_Driver/Src/stm32f4xx_hal.c ****              when clock is configured, by HAL_RCC_ClockConfig(). 
 145:Src/Drivers/STM32F4xx_HAL_Driver/Src/stm32f4xx_hal.c ****         (++) Source of time base is configured  to generate interrupts at regular 
ARM GAS  C:\Users\RodrigWi\AppData\Local\Temp\cc7TsLuv.s 			page 4


 146:Src/Drivers/STM32F4xx_HAL_Driver/Src/stm32f4xx_hal.c ****              time intervals. Care must be taken if HAL_Delay() is called from a 
 147:Src/Drivers/STM32F4xx_HAL_Driver/Src/stm32f4xx_hal.c ****              peripheral ISR process, the Tick interrupt line must have higher priority 
 148:Src/Drivers/STM32F4xx_HAL_Driver/Src/stm32f4xx_hal.c ****             (numerically lower) than the peripheral interrupt. Otherwise the caller 
 149:Src/Drivers/STM32F4xx_HAL_Driver/Src/stm32f4xx_hal.c ****             ISR process will be blocked. 
 150:Src/Drivers/STM32F4xx_HAL_Driver/Src/stm32f4xx_hal.c ****        (++) functions affecting time base configurations are declared as __weak  
 151:Src/Drivers/STM32F4xx_HAL_Driver/Src/stm32f4xx_hal.c ****              to make  override possible  in case of other  implementations in user file.
 152:Src/Drivers/STM32F4xx_HAL_Driver/Src/stm32f4xx_hal.c **** @endverbatim
 153:Src/Drivers/STM32F4xx_HAL_Driver/Src/stm32f4xx_hal.c ****   * @{
 154:Src/Drivers/STM32F4xx_HAL_Driver/Src/stm32f4xx_hal.c ****   */
 155:Src/Drivers/STM32F4xx_HAL_Driver/Src/stm32f4xx_hal.c **** 
 156:Src/Drivers/STM32F4xx_HAL_Driver/Src/stm32f4xx_hal.c **** /**
 157:Src/Drivers/STM32F4xx_HAL_Driver/Src/stm32f4xx_hal.c ****   * @brief  This function is used to initialize the HAL Library; it must be the first 
 158:Src/Drivers/STM32F4xx_HAL_Driver/Src/stm32f4xx_hal.c ****   *         instruction to be executed in the main program (before to call any other
 159:Src/Drivers/STM32F4xx_HAL_Driver/Src/stm32f4xx_hal.c ****   *         HAL function), it performs the following:
 160:Src/Drivers/STM32F4xx_HAL_Driver/Src/stm32f4xx_hal.c ****   *           Configure the Flash prefetch, instruction and Data caches.
 161:Src/Drivers/STM32F4xx_HAL_Driver/Src/stm32f4xx_hal.c ****   *           Configures the SysTick to generate an interrupt each 1 millisecond,
 162:Src/Drivers/STM32F4xx_HAL_Driver/Src/stm32f4xx_hal.c ****   *           which is clocked by the HSI (at this stage, the clock is not yet
 163:Src/Drivers/STM32F4xx_HAL_Driver/Src/stm32f4xx_hal.c ****   *           configured and thus the system is running from the internal HSI at 16 MHz).
 164:Src/Drivers/STM32F4xx_HAL_Driver/Src/stm32f4xx_hal.c ****   *           Set NVIC Group Priority to 4.
 165:Src/Drivers/STM32F4xx_HAL_Driver/Src/stm32f4xx_hal.c ****   *           Calls the HAL_MspInit() callback function defined in user file 
 166:Src/Drivers/STM32F4xx_HAL_Driver/Src/stm32f4xx_hal.c ****   *           "stm32f4xx_hal_msp.c" to do the global low level hardware initialization 
 167:Src/Drivers/STM32F4xx_HAL_Driver/Src/stm32f4xx_hal.c ****   *            
 168:Src/Drivers/STM32F4xx_HAL_Driver/Src/stm32f4xx_hal.c ****   * @note   SysTick is used as time base for the HAL_Delay() function, the application
 169:Src/Drivers/STM32F4xx_HAL_Driver/Src/stm32f4xx_hal.c ****   *         need to ensure that the SysTick time base is always set to 1 millisecond
 170:Src/Drivers/STM32F4xx_HAL_Driver/Src/stm32f4xx_hal.c ****   *         to have correct HAL operation.
 171:Src/Drivers/STM32F4xx_HAL_Driver/Src/stm32f4xx_hal.c ****   * @retval HAL status
 172:Src/Drivers/STM32F4xx_HAL_Driver/Src/stm32f4xx_hal.c ****   */
 173:Src/Drivers/STM32F4xx_HAL_Driver/Src/stm32f4xx_hal.c **** HAL_StatusTypeDef HAL_Init(void)
 174:Src/Drivers/STM32F4xx_HAL_Driver/Src/stm32f4xx_hal.c **** {
 175:Src/Drivers/STM32F4xx_HAL_Driver/Src/stm32f4xx_hal.c ****   /* Configure Flash prefetch, Instruction cache, Data cache */ 
 176:Src/Drivers/STM32F4xx_HAL_Driver/Src/stm32f4xx_hal.c **** #if (INSTRUCTION_CACHE_ENABLE != 0U)
 177:Src/Drivers/STM32F4xx_HAL_Driver/Src/stm32f4xx_hal.c ****   __HAL_FLASH_INSTRUCTION_CACHE_ENABLE();
 178:Src/Drivers/STM32F4xx_HAL_Driver/Src/stm32f4xx_hal.c **** #endif /* INSTRUCTION_CACHE_ENABLE */
 179:Src/Drivers/STM32F4xx_HAL_Driver/Src/stm32f4xx_hal.c **** 
 180:Src/Drivers/STM32F4xx_HAL_Driver/Src/stm32f4xx_hal.c **** #if (DATA_CACHE_ENABLE != 0U)
 181:Src/Drivers/STM32F4xx_HAL_Driver/Src/stm32f4xx_hal.c ****   __HAL_FLASH_DATA_CACHE_ENABLE();
 182:Src/Drivers/STM32F4xx_HAL_Driver/Src/stm32f4xx_hal.c **** #endif /* DATA_CACHE_ENABLE */
 183:Src/Drivers/STM32F4xx_HAL_Driver/Src/stm32f4xx_hal.c **** 
 184:Src/Drivers/STM32F4xx_HAL_Driver/Src/stm32f4xx_hal.c **** #if (PREFETCH_ENABLE != 0U)
 185:Src/Drivers/STM32F4xx_HAL_Driver/Src/stm32f4xx_hal.c ****   __HAL_FLASH_PREFETCH_BUFFER_ENABLE();
 186:Src/Drivers/STM32F4xx_HAL_Driver/Src/stm32f4xx_hal.c **** #endif /* PREFETCH_ENABLE */
 187:Src/Drivers/STM32F4xx_HAL_Driver/Src/stm32f4xx_hal.c **** 
 188:Src/Drivers/STM32F4xx_HAL_Driver/Src/stm32f4xx_hal.c ****   /* Set Interrupt Group Priority */
 189:Src/Drivers/STM32F4xx_HAL_Driver/Src/stm32f4xx_hal.c ****   HAL_NVIC_SetPriorityGrouping(NVIC_PRIORITYGROUP_4);
 190:Src/Drivers/STM32F4xx_HAL_Driver/Src/stm32f4xx_hal.c **** 
 191:Src/Drivers/STM32F4xx_HAL_Driver/Src/stm32f4xx_hal.c ****   /* Use systick as time base source and configure 1ms tick (default clock after Reset is HSI) */
 192:Src/Drivers/STM32F4xx_HAL_Driver/Src/stm32f4xx_hal.c ****  // HAL_InitTick(TICK_INT_PRIORITY);
 193:Src/Drivers/STM32F4xx_HAL_Driver/Src/stm32f4xx_hal.c **** 
 194:Src/Drivers/STM32F4xx_HAL_Driver/Src/stm32f4xx_hal.c ****   /* Init the low level hardware */
 195:Src/Drivers/STM32F4xx_HAL_Driver/Src/stm32f4xx_hal.c ****   HAL_MspInit();
 196:Src/Drivers/STM32F4xx_HAL_Driver/Src/stm32f4xx_hal.c **** 
 197:Src/Drivers/STM32F4xx_HAL_Driver/Src/stm32f4xx_hal.c ****   /* Return function status */
 198:Src/Drivers/STM32F4xx_HAL_Driver/Src/stm32f4xx_hal.c ****   return HAL_OK;
 199:Src/Drivers/STM32F4xx_HAL_Driver/Src/stm32f4xx_hal.c **** }
 200:Src/Drivers/STM32F4xx_HAL_Driver/Src/stm32f4xx_hal.c **** 
 201:Src/Drivers/STM32F4xx_HAL_Driver/Src/stm32f4xx_hal.c **** /**
 202:Src/Drivers/STM32F4xx_HAL_Driver/Src/stm32f4xx_hal.c ****   * @brief  This function de-Initializes common part of the HAL and stops the systick.
ARM GAS  C:\Users\RodrigWi\AppData\Local\Temp\cc7TsLuv.s 			page 5


 203:Src/Drivers/STM32F4xx_HAL_Driver/Src/stm32f4xx_hal.c ****   *         This function is optional.   
 204:Src/Drivers/STM32F4xx_HAL_Driver/Src/stm32f4xx_hal.c ****   * @retval HAL status
 205:Src/Drivers/STM32F4xx_HAL_Driver/Src/stm32f4xx_hal.c ****   */
 206:Src/Drivers/STM32F4xx_HAL_Driver/Src/stm32f4xx_hal.c **** HAL_StatusTypeDef HAL_DeInit(void)
 207:Src/Drivers/STM32F4xx_HAL_Driver/Src/stm32f4xx_hal.c **** {
 208:Src/Drivers/STM32F4xx_HAL_Driver/Src/stm32f4xx_hal.c ****   /* Reset of all peripherals */
 209:Src/Drivers/STM32F4xx_HAL_Driver/Src/stm32f4xx_hal.c ****   __HAL_RCC_APB1_FORCE_RESET();
 210:Src/Drivers/STM32F4xx_HAL_Driver/Src/stm32f4xx_hal.c ****   __HAL_RCC_APB1_RELEASE_RESET();
 211:Src/Drivers/STM32F4xx_HAL_Driver/Src/stm32f4xx_hal.c **** 
 212:Src/Drivers/STM32F4xx_HAL_Driver/Src/stm32f4xx_hal.c ****   __HAL_RCC_APB2_FORCE_RESET();
 213:Src/Drivers/STM32F4xx_HAL_Driver/Src/stm32f4xx_hal.c ****   __HAL_RCC_APB2_RELEASE_RESET();
 214:Src/Drivers/STM32F4xx_HAL_Driver/Src/stm32f4xx_hal.c **** 
 215:Src/Drivers/STM32F4xx_HAL_Driver/Src/stm32f4xx_hal.c ****   __HAL_RCC_AHB1_FORCE_RESET();
 216:Src/Drivers/STM32F4xx_HAL_Driver/Src/stm32f4xx_hal.c ****   __HAL_RCC_AHB1_RELEASE_RESET();
 217:Src/Drivers/STM32F4xx_HAL_Driver/Src/stm32f4xx_hal.c **** 
 218:Src/Drivers/STM32F4xx_HAL_Driver/Src/stm32f4xx_hal.c ****   __HAL_RCC_AHB2_FORCE_RESET();
 219:Src/Drivers/STM32F4xx_HAL_Driver/Src/stm32f4xx_hal.c ****   __HAL_RCC_AHB2_RELEASE_RESET();
 220:Src/Drivers/STM32F4xx_HAL_Driver/Src/stm32f4xx_hal.c **** 
 221:Src/Drivers/STM32F4xx_HAL_Driver/Src/stm32f4xx_hal.c ****   __HAL_RCC_AHB3_FORCE_RESET();
 222:Src/Drivers/STM32F4xx_HAL_Driver/Src/stm32f4xx_hal.c ****   __HAL_RCC_AHB3_RELEASE_RESET();
 223:Src/Drivers/STM32F4xx_HAL_Driver/Src/stm32f4xx_hal.c **** 
 224:Src/Drivers/STM32F4xx_HAL_Driver/Src/stm32f4xx_hal.c ****   /* De-Init the low level hardware */
 225:Src/Drivers/STM32F4xx_HAL_Driver/Src/stm32f4xx_hal.c ****   HAL_MspDeInit();
 226:Src/Drivers/STM32F4xx_HAL_Driver/Src/stm32f4xx_hal.c ****     
 227:Src/Drivers/STM32F4xx_HAL_Driver/Src/stm32f4xx_hal.c ****   /* Return function status */
 228:Src/Drivers/STM32F4xx_HAL_Driver/Src/stm32f4xx_hal.c ****   return HAL_OK;
 229:Src/Drivers/STM32F4xx_HAL_Driver/Src/stm32f4xx_hal.c **** }
 230:Src/Drivers/STM32F4xx_HAL_Driver/Src/stm32f4xx_hal.c **** 
 231:Src/Drivers/STM32F4xx_HAL_Driver/Src/stm32f4xx_hal.c **** /**
 232:Src/Drivers/STM32F4xx_HAL_Driver/Src/stm32f4xx_hal.c ****   * @brief  Initialize the MSP.
 233:Src/Drivers/STM32F4xx_HAL_Driver/Src/stm32f4xx_hal.c ****   * @retval None
 234:Src/Drivers/STM32F4xx_HAL_Driver/Src/stm32f4xx_hal.c ****   */
 235:Src/Drivers/STM32F4xx_HAL_Driver/Src/stm32f4xx_hal.c **** __weak void HAL_MspInit(void)
 236:Src/Drivers/STM32F4xx_HAL_Driver/Src/stm32f4xx_hal.c **** {
  28              		.loc 1 236 0
  29              		.cfi_startproc
  30              		@ args = 0, pretend = 0, frame = 0
  31              		@ frame_needed = 0, uses_anonymous_args = 0
  32              		@ link register save eliminated.
 237:Src/Drivers/STM32F4xx_HAL_Driver/Src/stm32f4xx_hal.c ****   /* NOTE : This function should not be modified, when the callback is needed,
 238:Src/Drivers/STM32F4xx_HAL_Driver/Src/stm32f4xx_hal.c ****             the HAL_MspInit could be implemented in the user file
 239:Src/Drivers/STM32F4xx_HAL_Driver/Src/stm32f4xx_hal.c ****    */
 240:Src/Drivers/STM32F4xx_HAL_Driver/Src/stm32f4xx_hal.c **** }
  33              		.loc 1 240 0
  34 0000 7047     		bx	lr
  35              		.cfi_endproc
  36              	.LFE128:
  38              		.section	.text.HAL_Init,"ax",%progbits
  39              		.align	1
  40              		.global	HAL_Init
  41              		.syntax unified
  42              		.thumb
  43              		.thumb_func
  44              		.fpu fpv4-sp-d16
  46              	HAL_Init:
  47              	.LFB126:
 174:Src/Drivers/STM32F4xx_HAL_Driver/Src/stm32f4xx_hal.c ****   /* Configure Flash prefetch, Instruction cache, Data cache */ 
ARM GAS  C:\Users\RodrigWi\AppData\Local\Temp\cc7TsLuv.s 			page 6


  48              		.loc 1 174 0
  49              		.cfi_startproc
  50              		@ args = 0, pretend = 0, frame = 0
  51              		@ frame_needed = 0, uses_anonymous_args = 0
  52 0000 08B5     		push	{r3, lr}
  53              	.LCFI0:
  54              		.cfi_def_cfa_offset 8
  55              		.cfi_offset 3, -8
  56              		.cfi_offset 14, -4
 177:Src/Drivers/STM32F4xx_HAL_Driver/Src/stm32f4xx_hal.c **** #endif /* INSTRUCTION_CACHE_ENABLE */
  57              		.loc 1 177 0
  58 0002 0A4B     		ldr	r3, .L4
  59 0004 1A68     		ldr	r2, [r3]
  60 0006 42F40072 		orr	r2, r2, #512
  61 000a 1A60     		str	r2, [r3]
 181:Src/Drivers/STM32F4xx_HAL_Driver/Src/stm32f4xx_hal.c **** #endif /* DATA_CACHE_ENABLE */
  62              		.loc 1 181 0
  63 000c 1A68     		ldr	r2, [r3]
  64 000e 42F48062 		orr	r2, r2, #1024
  65 0012 1A60     		str	r2, [r3]
 185:Src/Drivers/STM32F4xx_HAL_Driver/Src/stm32f4xx_hal.c **** #endif /* PREFETCH_ENABLE */
  66              		.loc 1 185 0
  67 0014 1A68     		ldr	r2, [r3]
  68 0016 42F48072 		orr	r2, r2, #256
  69 001a 1A60     		str	r2, [r3]
 189:Src/Drivers/STM32F4xx_HAL_Driver/Src/stm32f4xx_hal.c **** 
  70              		.loc 1 189 0
  71 001c 0320     		movs	r0, #3
  72 001e FFF7FEFF 		bl	HAL_NVIC_SetPriorityGrouping
  73              	.LVL0:
 195:Src/Drivers/STM32F4xx_HAL_Driver/Src/stm32f4xx_hal.c **** 
  74              		.loc 1 195 0
  75 0022 FFF7FEFF 		bl	HAL_MspInit
  76              	.LVL1:
 199:Src/Drivers/STM32F4xx_HAL_Driver/Src/stm32f4xx_hal.c **** 
  77              		.loc 1 199 0
  78 0026 0020     		movs	r0, #0
  79 0028 08BD     		pop	{r3, pc}
  80              	.L5:
  81 002a 00BF     		.align	2
  82              	.L4:
  83 002c 003C0240 		.word	1073888256
  84              		.cfi_endproc
  85              	.LFE126:
  87              		.section	.text.HAL_MspDeInit,"ax",%progbits
  88              		.align	1
  89              		.weak	HAL_MspDeInit
  90              		.syntax unified
  91              		.thumb
  92              		.thumb_func
  93              		.fpu fpv4-sp-d16
  95              	HAL_MspDeInit:
  96              	.LFB129:
 241:Src/Drivers/STM32F4xx_HAL_Driver/Src/stm32f4xx_hal.c **** 
 242:Src/Drivers/STM32F4xx_HAL_Driver/Src/stm32f4xx_hal.c **** /**
 243:Src/Drivers/STM32F4xx_HAL_Driver/Src/stm32f4xx_hal.c ****   * @brief  DeInitializes the MSP.
 244:Src/Drivers/STM32F4xx_HAL_Driver/Src/stm32f4xx_hal.c ****   * @retval None
ARM GAS  C:\Users\RodrigWi\AppData\Local\Temp\cc7TsLuv.s 			page 7


 245:Src/Drivers/STM32F4xx_HAL_Driver/Src/stm32f4xx_hal.c ****   */
 246:Src/Drivers/STM32F4xx_HAL_Driver/Src/stm32f4xx_hal.c **** __weak void HAL_MspDeInit(void)
 247:Src/Drivers/STM32F4xx_HAL_Driver/Src/stm32f4xx_hal.c **** {
  97              		.loc 1 247 0
  98              		.cfi_startproc
  99              		@ args = 0, pretend = 0, frame = 0
 100              		@ frame_needed = 0, uses_anonymous_args = 0
 101              		@ link register save eliminated.
 248:Src/Drivers/STM32F4xx_HAL_Driver/Src/stm32f4xx_hal.c ****   /* NOTE : This function should not be modified, when the callback is needed,
 249:Src/Drivers/STM32F4xx_HAL_Driver/Src/stm32f4xx_hal.c ****             the HAL_MspDeInit could be implemented in the user file
 250:Src/Drivers/STM32F4xx_HAL_Driver/Src/stm32f4xx_hal.c ****    */ 
 251:Src/Drivers/STM32F4xx_HAL_Driver/Src/stm32f4xx_hal.c **** }
 102              		.loc 1 251 0
 103 0000 7047     		bx	lr
 104              		.cfi_endproc
 105              	.LFE129:
 107              		.section	.text.HAL_DeInit,"ax",%progbits
 108              		.align	1
 109              		.global	HAL_DeInit
 110              		.syntax unified
 111              		.thumb
 112              		.thumb_func
 113              		.fpu fpv4-sp-d16
 115              	HAL_DeInit:
 116              	.LFB127:
 207:Src/Drivers/STM32F4xx_HAL_Driver/Src/stm32f4xx_hal.c ****   /* Reset of all peripherals */
 117              		.loc 1 207 0
 118              		.cfi_startproc
 119              		@ args = 0, pretend = 0, frame = 0
 120              		@ frame_needed = 0, uses_anonymous_args = 0
 121 0000 10B5     		push	{r4, lr}
 122              	.LCFI1:
 123              		.cfi_def_cfa_offset 8
 124              		.cfi_offset 4, -8
 125              		.cfi_offset 14, -4
 209:Src/Drivers/STM32F4xx_HAL_Driver/Src/stm32f4xx_hal.c ****   __HAL_RCC_APB1_RELEASE_RESET();
 126              		.loc 1 209 0
 127 0002 094B     		ldr	r3, .L9
 128 0004 4FF0FF32 		mov	r2, #-1
 129 0008 1A62     		str	r2, [r3, #32]
 210:Src/Drivers/STM32F4xx_HAL_Driver/Src/stm32f4xx_hal.c **** 
 130              		.loc 1 210 0
 131 000a 0024     		movs	r4, #0
 132 000c 1C62     		str	r4, [r3, #32]
 212:Src/Drivers/STM32F4xx_HAL_Driver/Src/stm32f4xx_hal.c ****   __HAL_RCC_APB2_RELEASE_RESET();
 133              		.loc 1 212 0
 134 000e 5A62     		str	r2, [r3, #36]
 213:Src/Drivers/STM32F4xx_HAL_Driver/Src/stm32f4xx_hal.c **** 
 135              		.loc 1 213 0
 136 0010 5C62     		str	r4, [r3, #36]
 215:Src/Drivers/STM32F4xx_HAL_Driver/Src/stm32f4xx_hal.c ****   __HAL_RCC_AHB1_RELEASE_RESET();
 137              		.loc 1 215 0
 138 0012 1A61     		str	r2, [r3, #16]
 216:Src/Drivers/STM32F4xx_HAL_Driver/Src/stm32f4xx_hal.c **** 
 139              		.loc 1 216 0
 140 0014 1C61     		str	r4, [r3, #16]
 218:Src/Drivers/STM32F4xx_HAL_Driver/Src/stm32f4xx_hal.c ****   __HAL_RCC_AHB2_RELEASE_RESET();
ARM GAS  C:\Users\RodrigWi\AppData\Local\Temp\cc7TsLuv.s 			page 8


 141              		.loc 1 218 0
 142 0016 5A61     		str	r2, [r3, #20]
 219:Src/Drivers/STM32F4xx_HAL_Driver/Src/stm32f4xx_hal.c **** 
 143              		.loc 1 219 0
 144 0018 5C61     		str	r4, [r3, #20]
 221:Src/Drivers/STM32F4xx_HAL_Driver/Src/stm32f4xx_hal.c ****   __HAL_RCC_AHB3_RELEASE_RESET();
 145              		.loc 1 221 0
 146 001a 9A61     		str	r2, [r3, #24]
 222:Src/Drivers/STM32F4xx_HAL_Driver/Src/stm32f4xx_hal.c **** 
 147              		.loc 1 222 0
 148 001c 9C61     		str	r4, [r3, #24]
 225:Src/Drivers/STM32F4xx_HAL_Driver/Src/stm32f4xx_hal.c ****     
 149              		.loc 1 225 0
 150 001e FFF7FEFF 		bl	HAL_MspDeInit
 151              	.LVL2:
 229:Src/Drivers/STM32F4xx_HAL_Driver/Src/stm32f4xx_hal.c **** 
 152              		.loc 1 229 0
 153 0022 2046     		mov	r0, r4
 154 0024 10BD     		pop	{r4, pc}
 155              	.L10:
 156 0026 00BF     		.align	2
 157              	.L9:
 158 0028 00380240 		.word	1073887232
 159              		.cfi_endproc
 160              	.LFE127:
 162              		.section	.text.HAL_InitTick,"ax",%progbits
 163              		.align	1
 164              		.weak	HAL_InitTick
 165              		.syntax unified
 166              		.thumb
 167              		.thumb_func
 168              		.fpu fpv4-sp-d16
 170              	HAL_InitTick:
 171              	.LFB130:
 252:Src/Drivers/STM32F4xx_HAL_Driver/Src/stm32f4xx_hal.c **** 
 253:Src/Drivers/STM32F4xx_HAL_Driver/Src/stm32f4xx_hal.c **** /**
 254:Src/Drivers/STM32F4xx_HAL_Driver/Src/stm32f4xx_hal.c ****   * @brief This function configures the source of the time base.
 255:Src/Drivers/STM32F4xx_HAL_Driver/Src/stm32f4xx_hal.c ****   *        The time source is configured  to have 1ms time base with a dedicated 
 256:Src/Drivers/STM32F4xx_HAL_Driver/Src/stm32f4xx_hal.c ****   *        Tick interrupt priority.
 257:Src/Drivers/STM32F4xx_HAL_Driver/Src/stm32f4xx_hal.c ****   * @note This function is called  automatically at the beginning of program after
 258:Src/Drivers/STM32F4xx_HAL_Driver/Src/stm32f4xx_hal.c ****   *       reset by HAL_Init() or at any time when clock is reconfigured  by HAL_RCC_ClockConfig().
 259:Src/Drivers/STM32F4xx_HAL_Driver/Src/stm32f4xx_hal.c ****   * @note In the default implementation, SysTick timer is the source of time base. 
 260:Src/Drivers/STM32F4xx_HAL_Driver/Src/stm32f4xx_hal.c ****   *       It is used to generate interrupts at regular time intervals. 
 261:Src/Drivers/STM32F4xx_HAL_Driver/Src/stm32f4xx_hal.c ****   *       Care must be taken if HAL_Delay() is called from a peripheral ISR process, 
 262:Src/Drivers/STM32F4xx_HAL_Driver/Src/stm32f4xx_hal.c ****   *       The SysTick interrupt must have higher priority (numerically lower)
 263:Src/Drivers/STM32F4xx_HAL_Driver/Src/stm32f4xx_hal.c ****   *       than the peripheral interrupt. Otherwise the caller ISR process will be blocked.
 264:Src/Drivers/STM32F4xx_HAL_Driver/Src/stm32f4xx_hal.c ****   *       The function is declared as __weak  to be overwritten  in case of other
 265:Src/Drivers/STM32F4xx_HAL_Driver/Src/stm32f4xx_hal.c ****   *       implementation  in user file.
 266:Src/Drivers/STM32F4xx_HAL_Driver/Src/stm32f4xx_hal.c ****   * @param TickPriority Tick interrupt priority.
 267:Src/Drivers/STM32F4xx_HAL_Driver/Src/stm32f4xx_hal.c ****   * @retval HAL status
 268:Src/Drivers/STM32F4xx_HAL_Driver/Src/stm32f4xx_hal.c ****   */
 269:Src/Drivers/STM32F4xx_HAL_Driver/Src/stm32f4xx_hal.c **** __weak HAL_StatusTypeDef HAL_InitTick(uint32_t TickPriority)
 270:Src/Drivers/STM32F4xx_HAL_Driver/Src/stm32f4xx_hal.c **** {
 172              		.loc 1 270 0
 173              		.cfi_startproc
 174              		@ args = 0, pretend = 0, frame = 0
 175              		@ frame_needed = 0, uses_anonymous_args = 0
ARM GAS  C:\Users\RodrigWi\AppData\Local\Temp\cc7TsLuv.s 			page 9


 176              	.LVL3:
 177 0000 10B5     		push	{r4, lr}
 178              	.LCFI2:
 179              		.cfi_def_cfa_offset 8
 180              		.cfi_offset 4, -8
 181              		.cfi_offset 14, -4
 182 0002 0446     		mov	r4, r0
 271:Src/Drivers/STM32F4xx_HAL_Driver/Src/stm32f4xx_hal.c ****   /* Configure the SysTick to have interrupt in 1ms time basis*/
 272:Src/Drivers/STM32F4xx_HAL_Driver/Src/stm32f4xx_hal.c ****   if (HAL_SYSTICK_Config(SystemCoreClock / (1000U / uwTickFreq)) > 0U)
 183              		.loc 1 272 0
 184 0004 0E4B     		ldr	r3, .L17
 185 0006 1878     		ldrb	r0, [r3]	@ zero_extendqisi2
 186              	.LVL4:
 187 0008 4FF47A73 		mov	r3, #1000
 188 000c B3FBF0F3 		udiv	r3, r3, r0
 189 0010 0C4A     		ldr	r2, .L17+4
 190 0012 1068     		ldr	r0, [r2]
 191 0014 B0FBF3F0 		udiv	r0, r0, r3
 192 0018 FFF7FEFF 		bl	HAL_SYSTICK_Config
 193              	.LVL5:
 194 001c 68B9     		cbnz	r0, .L13
 273:Src/Drivers/STM32F4xx_HAL_Driver/Src/stm32f4xx_hal.c ****   {
 274:Src/Drivers/STM32F4xx_HAL_Driver/Src/stm32f4xx_hal.c ****     return HAL_ERROR;
 275:Src/Drivers/STM32F4xx_HAL_Driver/Src/stm32f4xx_hal.c ****   }
 276:Src/Drivers/STM32F4xx_HAL_Driver/Src/stm32f4xx_hal.c **** 
 277:Src/Drivers/STM32F4xx_HAL_Driver/Src/stm32f4xx_hal.c ****   /* Configure the SysTick IRQ priority */
 278:Src/Drivers/STM32F4xx_HAL_Driver/Src/stm32f4xx_hal.c ****   if (TickPriority < (1UL << __NVIC_PRIO_BITS))
 195              		.loc 1 278 0
 196 001e 0F2C     		cmp	r4, #15
 197 0020 01D9     		bls	.L16
 279:Src/Drivers/STM32F4xx_HAL_Driver/Src/stm32f4xx_hal.c ****   {
 280:Src/Drivers/STM32F4xx_HAL_Driver/Src/stm32f4xx_hal.c ****     HAL_NVIC_SetPriority(SysTick_IRQn, TickPriority, 0U);
 281:Src/Drivers/STM32F4xx_HAL_Driver/Src/stm32f4xx_hal.c ****     uwTickPrio = TickPriority;
 282:Src/Drivers/STM32F4xx_HAL_Driver/Src/stm32f4xx_hal.c ****   }
 283:Src/Drivers/STM32F4xx_HAL_Driver/Src/stm32f4xx_hal.c ****   else
 284:Src/Drivers/STM32F4xx_HAL_Driver/Src/stm32f4xx_hal.c ****   {
 285:Src/Drivers/STM32F4xx_HAL_Driver/Src/stm32f4xx_hal.c ****     return HAL_ERROR;
 198              		.loc 1 285 0
 199 0022 0120     		movs	r0, #1
 200 0024 0AE0     		b	.L12
 201              	.L16:
 280:Src/Drivers/STM32F4xx_HAL_Driver/Src/stm32f4xx_hal.c ****     uwTickPrio = TickPriority;
 202              		.loc 1 280 0
 203 0026 0022     		movs	r2, #0
 204 0028 2146     		mov	r1, r4
 205 002a 4FF0FF30 		mov	r0, #-1
 206 002e FFF7FEFF 		bl	HAL_NVIC_SetPriority
 207              	.LVL6:
 281:Src/Drivers/STM32F4xx_HAL_Driver/Src/stm32f4xx_hal.c ****   }
 208              		.loc 1 281 0
 209 0032 054B     		ldr	r3, .L17+8
 210 0034 1C60     		str	r4, [r3]
 286:Src/Drivers/STM32F4xx_HAL_Driver/Src/stm32f4xx_hal.c ****   }
 287:Src/Drivers/STM32F4xx_HAL_Driver/Src/stm32f4xx_hal.c **** 
 288:Src/Drivers/STM32F4xx_HAL_Driver/Src/stm32f4xx_hal.c ****   /* Return function status */
 289:Src/Drivers/STM32F4xx_HAL_Driver/Src/stm32f4xx_hal.c ****   return HAL_OK;
 211              		.loc 1 289 0
ARM GAS  C:\Users\RodrigWi\AppData\Local\Temp\cc7TsLuv.s 			page 10


 212 0036 0020     		movs	r0, #0
 213 0038 00E0     		b	.L12
 214              	.L13:
 274:Src/Drivers/STM32F4xx_HAL_Driver/Src/stm32f4xx_hal.c ****   }
 215              		.loc 1 274 0
 216 003a 0120     		movs	r0, #1
 217              	.L12:
 290:Src/Drivers/STM32F4xx_HAL_Driver/Src/stm32f4xx_hal.c **** }
 218              		.loc 1 290 0
 219 003c 10BD     		pop	{r4, pc}
 220              	.LVL7:
 221              	.L18:
 222 003e 00BF     		.align	2
 223              	.L17:
 224 0040 00000000 		.word	.LANCHOR0
 225 0044 00000000 		.word	SystemCoreClock
 226 0048 00000000 		.word	.LANCHOR1
 227              		.cfi_endproc
 228              	.LFE130:
 230              		.section	.text.HAL_IncTick,"ax",%progbits
 231              		.align	1
 232              		.weak	HAL_IncTick
 233              		.syntax unified
 234              		.thumb
 235              		.thumb_func
 236              		.fpu fpv4-sp-d16
 238              	HAL_IncTick:
 239              	.LFB131:
 291:Src/Drivers/STM32F4xx_HAL_Driver/Src/stm32f4xx_hal.c **** 
 292:Src/Drivers/STM32F4xx_HAL_Driver/Src/stm32f4xx_hal.c **** /**
 293:Src/Drivers/STM32F4xx_HAL_Driver/Src/stm32f4xx_hal.c ****   * @}
 294:Src/Drivers/STM32F4xx_HAL_Driver/Src/stm32f4xx_hal.c ****   */
 295:Src/Drivers/STM32F4xx_HAL_Driver/Src/stm32f4xx_hal.c **** 
 296:Src/Drivers/STM32F4xx_HAL_Driver/Src/stm32f4xx_hal.c **** /** @defgroup HAL_Exported_Functions_Group2 HAL Control functions 
 297:Src/Drivers/STM32F4xx_HAL_Driver/Src/stm32f4xx_hal.c ****  *  @brief    HAL Control functions
 298:Src/Drivers/STM32F4xx_HAL_Driver/Src/stm32f4xx_hal.c ****  *
 299:Src/Drivers/STM32F4xx_HAL_Driver/Src/stm32f4xx_hal.c **** @verbatim
 300:Src/Drivers/STM32F4xx_HAL_Driver/Src/stm32f4xx_hal.c ****  ===============================================================================
 301:Src/Drivers/STM32F4xx_HAL_Driver/Src/stm32f4xx_hal.c ****                       ##### HAL Control functions #####
 302:Src/Drivers/STM32F4xx_HAL_Driver/Src/stm32f4xx_hal.c ****  ===============================================================================
 303:Src/Drivers/STM32F4xx_HAL_Driver/Src/stm32f4xx_hal.c ****     [..]  This section provides functions allowing to:
 304:Src/Drivers/STM32F4xx_HAL_Driver/Src/stm32f4xx_hal.c ****       (+) Provide a tick value in millisecond
 305:Src/Drivers/STM32F4xx_HAL_Driver/Src/stm32f4xx_hal.c ****       (+) Provide a blocking delay in millisecond
 306:Src/Drivers/STM32F4xx_HAL_Driver/Src/stm32f4xx_hal.c ****       (+) Suspend the time base source interrupt
 307:Src/Drivers/STM32F4xx_HAL_Driver/Src/stm32f4xx_hal.c ****       (+) Resume the time base source interrupt
 308:Src/Drivers/STM32F4xx_HAL_Driver/Src/stm32f4xx_hal.c ****       (+) Get the HAL API driver version
 309:Src/Drivers/STM32F4xx_HAL_Driver/Src/stm32f4xx_hal.c ****       (+) Get the device identifier
 310:Src/Drivers/STM32F4xx_HAL_Driver/Src/stm32f4xx_hal.c ****       (+) Get the device revision identifier
 311:Src/Drivers/STM32F4xx_HAL_Driver/Src/stm32f4xx_hal.c ****       (+) Enable/Disable Debug module during SLEEP mode
 312:Src/Drivers/STM32F4xx_HAL_Driver/Src/stm32f4xx_hal.c ****       (+) Enable/Disable Debug module during STOP mode
 313:Src/Drivers/STM32F4xx_HAL_Driver/Src/stm32f4xx_hal.c ****       (+) Enable/Disable Debug module during STANDBY mode
 314:Src/Drivers/STM32F4xx_HAL_Driver/Src/stm32f4xx_hal.c **** 
 315:Src/Drivers/STM32F4xx_HAL_Driver/Src/stm32f4xx_hal.c **** @endverbatim
 316:Src/Drivers/STM32F4xx_HAL_Driver/Src/stm32f4xx_hal.c ****   * @{
 317:Src/Drivers/STM32F4xx_HAL_Driver/Src/stm32f4xx_hal.c ****   */
 318:Src/Drivers/STM32F4xx_HAL_Driver/Src/stm32f4xx_hal.c **** 
 319:Src/Drivers/STM32F4xx_HAL_Driver/Src/stm32f4xx_hal.c **** /**
ARM GAS  C:\Users\RodrigWi\AppData\Local\Temp\cc7TsLuv.s 			page 11


 320:Src/Drivers/STM32F4xx_HAL_Driver/Src/stm32f4xx_hal.c ****   * @brief This function is called to increment  a global variable "uwTick"
 321:Src/Drivers/STM32F4xx_HAL_Driver/Src/stm32f4xx_hal.c ****   *        used as application time base.
 322:Src/Drivers/STM32F4xx_HAL_Driver/Src/stm32f4xx_hal.c ****   * @note In the default implementation, this variable is incremented each 1ms
 323:Src/Drivers/STM32F4xx_HAL_Driver/Src/stm32f4xx_hal.c ****   *       in SysTick ISR.
 324:Src/Drivers/STM32F4xx_HAL_Driver/Src/stm32f4xx_hal.c ****  * @note This function is declared as __weak to be overwritten in case of other 
 325:Src/Drivers/STM32F4xx_HAL_Driver/Src/stm32f4xx_hal.c ****   *      implementations in user file.
 326:Src/Drivers/STM32F4xx_HAL_Driver/Src/stm32f4xx_hal.c ****   * @retval None
 327:Src/Drivers/STM32F4xx_HAL_Driver/Src/stm32f4xx_hal.c ****   */
 328:Src/Drivers/STM32F4xx_HAL_Driver/Src/stm32f4xx_hal.c **** __weak void HAL_IncTick(void)
 329:Src/Drivers/STM32F4xx_HAL_Driver/Src/stm32f4xx_hal.c **** {
 240              		.loc 1 329 0
 241              		.cfi_startproc
 242              		@ args = 0, pretend = 0, frame = 0
 243              		@ frame_needed = 0, uses_anonymous_args = 0
 244              		@ link register save eliminated.
 330:Src/Drivers/STM32F4xx_HAL_Driver/Src/stm32f4xx_hal.c ****   uwTick += uwTickFreq;
 245              		.loc 1 330 0
 246 0000 034A     		ldr	r2, .L20
 247 0002 1168     		ldr	r1, [r2]
 248 0004 034B     		ldr	r3, .L20+4
 249 0006 1B78     		ldrb	r3, [r3]	@ zero_extendqisi2
 250 0008 0B44     		add	r3, r3, r1
 251 000a 1360     		str	r3, [r2]
 331:Src/Drivers/STM32F4xx_HAL_Driver/Src/stm32f4xx_hal.c **** }
 252              		.loc 1 331 0
 253 000c 7047     		bx	lr
 254              	.L21:
 255 000e 00BF     		.align	2
 256              	.L20:
 257 0010 00000000 		.word	uwTick
 258 0014 00000000 		.word	.LANCHOR0
 259              		.cfi_endproc
 260              	.LFE131:
 262              		.section	.text.HAL_GetTick,"ax",%progbits
 263              		.align	1
 264              		.weak	HAL_GetTick
 265              		.syntax unified
 266              		.thumb
 267              		.thumb_func
 268              		.fpu fpv4-sp-d16
 270              	HAL_GetTick:
 271              	.LFB132:
 332:Src/Drivers/STM32F4xx_HAL_Driver/Src/stm32f4xx_hal.c **** 
 333:Src/Drivers/STM32F4xx_HAL_Driver/Src/stm32f4xx_hal.c **** /**
 334:Src/Drivers/STM32F4xx_HAL_Driver/Src/stm32f4xx_hal.c ****   * @brief Provides a tick value in millisecond.
 335:Src/Drivers/STM32F4xx_HAL_Driver/Src/stm32f4xx_hal.c ****   * @note This function is declared as __weak to be overwritten in case of other 
 336:Src/Drivers/STM32F4xx_HAL_Driver/Src/stm32f4xx_hal.c ****   *       implementations in user file.
 337:Src/Drivers/STM32F4xx_HAL_Driver/Src/stm32f4xx_hal.c ****   * @retval tick value
 338:Src/Drivers/STM32F4xx_HAL_Driver/Src/stm32f4xx_hal.c ****   */
 339:Src/Drivers/STM32F4xx_HAL_Driver/Src/stm32f4xx_hal.c **** __weak uint32_t HAL_GetTick(void)
 340:Src/Drivers/STM32F4xx_HAL_Driver/Src/stm32f4xx_hal.c **** {
 272              		.loc 1 340 0
 273              		.cfi_startproc
 274              		@ args = 0, pretend = 0, frame = 0
 275              		@ frame_needed = 0, uses_anonymous_args = 0
 276              		@ link register save eliminated.
 341:Src/Drivers/STM32F4xx_HAL_Driver/Src/stm32f4xx_hal.c ****   return uwTick;
ARM GAS  C:\Users\RodrigWi\AppData\Local\Temp\cc7TsLuv.s 			page 12


 277              		.loc 1 341 0
 278 0000 014B     		ldr	r3, .L23
 279 0002 1868     		ldr	r0, [r3]
 342:Src/Drivers/STM32F4xx_HAL_Driver/Src/stm32f4xx_hal.c **** }
 280              		.loc 1 342 0
 281 0004 7047     		bx	lr
 282              	.L24:
 283 0006 00BF     		.align	2
 284              	.L23:
 285 0008 00000000 		.word	uwTick
 286              		.cfi_endproc
 287              	.LFE132:
 289              		.section	.text.HAL_GetTickPrio,"ax",%progbits
 290              		.align	1
 291              		.global	HAL_GetTickPrio
 292              		.syntax unified
 293              		.thumb
 294              		.thumb_func
 295              		.fpu fpv4-sp-d16
 297              	HAL_GetTickPrio:
 298              	.LFB133:
 343:Src/Drivers/STM32F4xx_HAL_Driver/Src/stm32f4xx_hal.c **** 
 344:Src/Drivers/STM32F4xx_HAL_Driver/Src/stm32f4xx_hal.c **** /**
 345:Src/Drivers/STM32F4xx_HAL_Driver/Src/stm32f4xx_hal.c ****   * @brief This function returns a tick priority.
 346:Src/Drivers/STM32F4xx_HAL_Driver/Src/stm32f4xx_hal.c ****   * @retval tick priority
 347:Src/Drivers/STM32F4xx_HAL_Driver/Src/stm32f4xx_hal.c ****   */
 348:Src/Drivers/STM32F4xx_HAL_Driver/Src/stm32f4xx_hal.c **** uint32_t HAL_GetTickPrio(void)
 349:Src/Drivers/STM32F4xx_HAL_Driver/Src/stm32f4xx_hal.c **** {
 299              		.loc 1 349 0
 300              		.cfi_startproc
 301              		@ args = 0, pretend = 0, frame = 0
 302              		@ frame_needed = 0, uses_anonymous_args = 0
 303              		@ link register save eliminated.
 350:Src/Drivers/STM32F4xx_HAL_Driver/Src/stm32f4xx_hal.c ****   return uwTickPrio;
 351:Src/Drivers/STM32F4xx_HAL_Driver/Src/stm32f4xx_hal.c **** }
 304              		.loc 1 351 0
 305 0000 014B     		ldr	r3, .L26
 306 0002 1868     		ldr	r0, [r3]
 307 0004 7047     		bx	lr
 308              	.L27:
 309 0006 00BF     		.align	2
 310              	.L26:
 311 0008 00000000 		.word	.LANCHOR1
 312              		.cfi_endproc
 313              	.LFE133:
 315              		.section	.text.HAL_SetTickFreq,"ax",%progbits
 316              		.align	1
 317              		.global	HAL_SetTickFreq
 318              		.syntax unified
 319              		.thumb
 320              		.thumb_func
 321              		.fpu fpv4-sp-d16
 323              	HAL_SetTickFreq:
 324              	.LFB134:
 352:Src/Drivers/STM32F4xx_HAL_Driver/Src/stm32f4xx_hal.c **** 
 353:Src/Drivers/STM32F4xx_HAL_Driver/Src/stm32f4xx_hal.c **** /**
 354:Src/Drivers/STM32F4xx_HAL_Driver/Src/stm32f4xx_hal.c ****   * @brief Set new tick Freq.
ARM GAS  C:\Users\RodrigWi\AppData\Local\Temp\cc7TsLuv.s 			page 13


 355:Src/Drivers/STM32F4xx_HAL_Driver/Src/stm32f4xx_hal.c ****   * @retval Status
 356:Src/Drivers/STM32F4xx_HAL_Driver/Src/stm32f4xx_hal.c ****   */
 357:Src/Drivers/STM32F4xx_HAL_Driver/Src/stm32f4xx_hal.c **** HAL_StatusTypeDef HAL_SetTickFreq(HAL_TickFreqTypeDef Freq)
 358:Src/Drivers/STM32F4xx_HAL_Driver/Src/stm32f4xx_hal.c **** {
 325              		.loc 1 358 0
 326              		.cfi_startproc
 327              		@ args = 0, pretend = 0, frame = 0
 328              		@ frame_needed = 0, uses_anonymous_args = 0
 329              	.LVL8:
 330 0000 08B5     		push	{r3, lr}
 331              	.LCFI3:
 332              		.cfi_def_cfa_offset 8
 333              		.cfi_offset 3, -8
 334              		.cfi_offset 14, -4
 335              	.LVL9:
 359:Src/Drivers/STM32F4xx_HAL_Driver/Src/stm32f4xx_hal.c ****   HAL_StatusTypeDef status  = HAL_OK;
 360:Src/Drivers/STM32F4xx_HAL_Driver/Src/stm32f4xx_hal.c ****   assert_param(IS_TICKFREQ(Freq));
 361:Src/Drivers/STM32F4xx_HAL_Driver/Src/stm32f4xx_hal.c **** 
 362:Src/Drivers/STM32F4xx_HAL_Driver/Src/stm32f4xx_hal.c ****   if (uwTickFreq != Freq)
 336              		.loc 1 362 0
 337 0002 064B     		ldr	r3, .L32
 338 0004 1B78     		ldrb	r3, [r3]	@ zero_extendqisi2
 339 0006 8342     		cmp	r3, r0
 340 0008 06D0     		beq	.L30
 363:Src/Drivers/STM32F4xx_HAL_Driver/Src/stm32f4xx_hal.c ****   {
 364:Src/Drivers/STM32F4xx_HAL_Driver/Src/stm32f4xx_hal.c ****     uwTickFreq = Freq;
 341              		.loc 1 364 0
 342 000a 044B     		ldr	r3, .L32
 343 000c 1870     		strb	r0, [r3]
 365:Src/Drivers/STM32F4xx_HAL_Driver/Src/stm32f4xx_hal.c **** 
 366:Src/Drivers/STM32F4xx_HAL_Driver/Src/stm32f4xx_hal.c ****     /* Apply the new tick Freq  */
 367:Src/Drivers/STM32F4xx_HAL_Driver/Src/stm32f4xx_hal.c ****     status = HAL_InitTick(uwTickPrio);
 344              		.loc 1 367 0
 345 000e 044B     		ldr	r3, .L32+4
 346 0010 1868     		ldr	r0, [r3]
 347              	.LVL10:
 348 0012 FFF7FEFF 		bl	HAL_InitTick
 349              	.LVL11:
 350              	.L29:
 368:Src/Drivers/STM32F4xx_HAL_Driver/Src/stm32f4xx_hal.c ****   }
 369:Src/Drivers/STM32F4xx_HAL_Driver/Src/stm32f4xx_hal.c **** 
 370:Src/Drivers/STM32F4xx_HAL_Driver/Src/stm32f4xx_hal.c ****   return status;
 371:Src/Drivers/STM32F4xx_HAL_Driver/Src/stm32f4xx_hal.c **** }
 351              		.loc 1 371 0
 352 0016 08BD     		pop	{r3, pc}
 353              	.LVL12:
 354              	.L30:
 359:Src/Drivers/STM32F4xx_HAL_Driver/Src/stm32f4xx_hal.c ****   assert_param(IS_TICKFREQ(Freq));
 355              		.loc 1 359 0
 356 0018 0020     		movs	r0, #0
 357              	.LVL13:
 358 001a FCE7     		b	.L29
 359              	.L33:
 360              		.align	2
 361              	.L32:
 362 001c 00000000 		.word	.LANCHOR0
 363 0020 00000000 		.word	.LANCHOR1
ARM GAS  C:\Users\RodrigWi\AppData\Local\Temp\cc7TsLuv.s 			page 14


 364              		.cfi_endproc
 365              	.LFE134:
 367              		.section	.text.HAL_GetTickFreq,"ax",%progbits
 368              		.align	1
 369              		.global	HAL_GetTickFreq
 370              		.syntax unified
 371              		.thumb
 372              		.thumb_func
 373              		.fpu fpv4-sp-d16
 375              	HAL_GetTickFreq:
 376              	.LFB135:
 372:Src/Drivers/STM32F4xx_HAL_Driver/Src/stm32f4xx_hal.c **** 
 373:Src/Drivers/STM32F4xx_HAL_Driver/Src/stm32f4xx_hal.c **** /**
 374:Src/Drivers/STM32F4xx_HAL_Driver/Src/stm32f4xx_hal.c ****   * @brief Return tick frequency.
 375:Src/Drivers/STM32F4xx_HAL_Driver/Src/stm32f4xx_hal.c ****   * @retval tick period in Hz
 376:Src/Drivers/STM32F4xx_HAL_Driver/Src/stm32f4xx_hal.c ****   */
 377:Src/Drivers/STM32F4xx_HAL_Driver/Src/stm32f4xx_hal.c **** HAL_TickFreqTypeDef HAL_GetTickFreq(void)
 378:Src/Drivers/STM32F4xx_HAL_Driver/Src/stm32f4xx_hal.c **** {
 377              		.loc 1 378 0
 378              		.cfi_startproc
 379              		@ args = 0, pretend = 0, frame = 0
 380              		@ frame_needed = 0, uses_anonymous_args = 0
 381              		@ link register save eliminated.
 379:Src/Drivers/STM32F4xx_HAL_Driver/Src/stm32f4xx_hal.c ****   return uwTickFreq;
 380:Src/Drivers/STM32F4xx_HAL_Driver/Src/stm32f4xx_hal.c **** }
 382              		.loc 1 380 0
 383 0000 014B     		ldr	r3, .L35
 384 0002 1878     		ldrb	r0, [r3]	@ zero_extendqisi2
 385 0004 7047     		bx	lr
 386              	.L36:
 387 0006 00BF     		.align	2
 388              	.L35:
 389 0008 00000000 		.word	.LANCHOR0
 390              		.cfi_endproc
 391              	.LFE135:
 393              		.section	.text.HAL_Delay,"ax",%progbits
 394              		.align	1
 395              		.weak	HAL_Delay
 396              		.syntax unified
 397              		.thumb
 398              		.thumb_func
 399              		.fpu fpv4-sp-d16
 401              	HAL_Delay:
 402              	.LFB136:
 381:Src/Drivers/STM32F4xx_HAL_Driver/Src/stm32f4xx_hal.c **** 
 382:Src/Drivers/STM32F4xx_HAL_Driver/Src/stm32f4xx_hal.c **** /**
 383:Src/Drivers/STM32F4xx_HAL_Driver/Src/stm32f4xx_hal.c ****   * @brief This function provides minimum delay (in milliseconds) based 
 384:Src/Drivers/STM32F4xx_HAL_Driver/Src/stm32f4xx_hal.c ****   *        on variable incremented.
 385:Src/Drivers/STM32F4xx_HAL_Driver/Src/stm32f4xx_hal.c ****   * @note In the default implementation , SysTick timer is the source of time base.
 386:Src/Drivers/STM32F4xx_HAL_Driver/Src/stm32f4xx_hal.c ****   *       It is used to generate interrupts at regular time intervals where uwTick
 387:Src/Drivers/STM32F4xx_HAL_Driver/Src/stm32f4xx_hal.c ****   *       is incremented.
 388:Src/Drivers/STM32F4xx_HAL_Driver/Src/stm32f4xx_hal.c ****   * @note This function is declared as __weak to be overwritten in case of other
 389:Src/Drivers/STM32F4xx_HAL_Driver/Src/stm32f4xx_hal.c ****   *       implementations in user file.
 390:Src/Drivers/STM32F4xx_HAL_Driver/Src/stm32f4xx_hal.c ****   * @param Delay specifies the delay time length, in milliseconds.
 391:Src/Drivers/STM32F4xx_HAL_Driver/Src/stm32f4xx_hal.c ****   * @retval None
 392:Src/Drivers/STM32F4xx_HAL_Driver/Src/stm32f4xx_hal.c ****   */
 393:Src/Drivers/STM32F4xx_HAL_Driver/Src/stm32f4xx_hal.c **** __weak void HAL_Delay(uint32_t Delay)
ARM GAS  C:\Users\RodrigWi\AppData\Local\Temp\cc7TsLuv.s 			page 15


 394:Src/Drivers/STM32F4xx_HAL_Driver/Src/stm32f4xx_hal.c **** {
 403              		.loc 1 394 0
 404              		.cfi_startproc
 405              		@ args = 0, pretend = 0, frame = 0
 406              		@ frame_needed = 0, uses_anonymous_args = 0
 407              	.LVL14:
 408 0000 38B5     		push	{r3, r4, r5, lr}
 409              	.LCFI4:
 410              		.cfi_def_cfa_offset 16
 411              		.cfi_offset 3, -16
 412              		.cfi_offset 4, -12
 413              		.cfi_offset 5, -8
 414              		.cfi_offset 14, -4
 415 0002 0446     		mov	r4, r0
 395:Src/Drivers/STM32F4xx_HAL_Driver/Src/stm32f4xx_hal.c ****   uint32_t tickstart = HAL_GetTick();
 416              		.loc 1 395 0
 417 0004 FFF7FEFF 		bl	HAL_GetTick
 418              	.LVL15:
 419 0008 0546     		mov	r5, r0
 420              	.LVL16:
 396:Src/Drivers/STM32F4xx_HAL_Driver/Src/stm32f4xx_hal.c ****   uint32_t wait = Delay;
 397:Src/Drivers/STM32F4xx_HAL_Driver/Src/stm32f4xx_hal.c **** 
 398:Src/Drivers/STM32F4xx_HAL_Driver/Src/stm32f4xx_hal.c ****   /* Add a freq to guarantee minimum wait */
 399:Src/Drivers/STM32F4xx_HAL_Driver/Src/stm32f4xx_hal.c ****   if (wait < HAL_MAX_DELAY)
 421              		.loc 1 399 0
 422 000a B4F1FF3F 		cmp	r4, #-1
 423 000e 02D0     		beq	.L39
 400:Src/Drivers/STM32F4xx_HAL_Driver/Src/stm32f4xx_hal.c ****   {
 401:Src/Drivers/STM32F4xx_HAL_Driver/Src/stm32f4xx_hal.c ****     wait += (uint32_t)(uwTickFreq);
 424              		.loc 1 401 0
 425 0010 044B     		ldr	r3, .L41
 426 0012 1B78     		ldrb	r3, [r3]	@ zero_extendqisi2
 427 0014 1C44     		add	r4, r4, r3
 428              	.LVL17:
 429              	.L39:
 402:Src/Drivers/STM32F4xx_HAL_Driver/Src/stm32f4xx_hal.c ****   }
 403:Src/Drivers/STM32F4xx_HAL_Driver/Src/stm32f4xx_hal.c **** 
 404:Src/Drivers/STM32F4xx_HAL_Driver/Src/stm32f4xx_hal.c ****   while((HAL_GetTick() - tickstart) < wait)
 430              		.loc 1 404 0 discriminator 1
 431 0016 FFF7FEFF 		bl	HAL_GetTick
 432              	.LVL18:
 433 001a 401B     		subs	r0, r0, r5
 434 001c A042     		cmp	r0, r4
 435 001e FAD3     		bcc	.L39
 405:Src/Drivers/STM32F4xx_HAL_Driver/Src/stm32f4xx_hal.c ****   {
 406:Src/Drivers/STM32F4xx_HAL_Driver/Src/stm32f4xx_hal.c ****   }
 407:Src/Drivers/STM32F4xx_HAL_Driver/Src/stm32f4xx_hal.c **** }
 436              		.loc 1 407 0
 437 0020 38BD     		pop	{r3, r4, r5, pc}
 438              	.LVL19:
 439              	.L42:
 440 0022 00BF     		.align	2
 441              	.L41:
 442 0024 00000000 		.word	.LANCHOR0
 443              		.cfi_endproc
 444              	.LFE136:
 446              		.section	.text.HAL_SuspendTick,"ax",%progbits
ARM GAS  C:\Users\RodrigWi\AppData\Local\Temp\cc7TsLuv.s 			page 16


 447              		.align	1
 448              		.weak	HAL_SuspendTick
 449              		.syntax unified
 450              		.thumb
 451              		.thumb_func
 452              		.fpu fpv4-sp-d16
 454              	HAL_SuspendTick:
 455              	.LFB137:
 408:Src/Drivers/STM32F4xx_HAL_Driver/Src/stm32f4xx_hal.c **** 
 409:Src/Drivers/STM32F4xx_HAL_Driver/Src/stm32f4xx_hal.c **** /**
 410:Src/Drivers/STM32F4xx_HAL_Driver/Src/stm32f4xx_hal.c ****   * @brief Suspend Tick increment.
 411:Src/Drivers/STM32F4xx_HAL_Driver/Src/stm32f4xx_hal.c ****   * @note In the default implementation , SysTick timer is the source of time base. It is
 412:Src/Drivers/STM32F4xx_HAL_Driver/Src/stm32f4xx_hal.c ****   *       used to generate interrupts at regular time intervals. Once HAL_SuspendTick()
 413:Src/Drivers/STM32F4xx_HAL_Driver/Src/stm32f4xx_hal.c ****   *       is called, the SysTick interrupt will be disabled and so Tick increment 
 414:Src/Drivers/STM32F4xx_HAL_Driver/Src/stm32f4xx_hal.c ****   *       is suspended.
 415:Src/Drivers/STM32F4xx_HAL_Driver/Src/stm32f4xx_hal.c ****   * @note This function is declared as __weak to be overwritten in case of other
 416:Src/Drivers/STM32F4xx_HAL_Driver/Src/stm32f4xx_hal.c ****   *       implementations in user file.
 417:Src/Drivers/STM32F4xx_HAL_Driver/Src/stm32f4xx_hal.c ****   * @retval None
 418:Src/Drivers/STM32F4xx_HAL_Driver/Src/stm32f4xx_hal.c ****   */
 419:Src/Drivers/STM32F4xx_HAL_Driver/Src/stm32f4xx_hal.c **** __weak void HAL_SuspendTick(void)
 420:Src/Drivers/STM32F4xx_HAL_Driver/Src/stm32f4xx_hal.c **** {
 456              		.loc 1 420 0
 457              		.cfi_startproc
 458              		@ args = 0, pretend = 0, frame = 0
 459              		@ frame_needed = 0, uses_anonymous_args = 0
 460              		@ link register save eliminated.
 421:Src/Drivers/STM32F4xx_HAL_Driver/Src/stm32f4xx_hal.c ****   /* Disable SysTick Interrupt */
 422:Src/Drivers/STM32F4xx_HAL_Driver/Src/stm32f4xx_hal.c ****   SysTick->CTRL &= ~SysTick_CTRL_TICKINT_Msk;
 461              		.loc 1 422 0
 462 0000 024A     		ldr	r2, .L44
 463 0002 1368     		ldr	r3, [r2]
 464 0004 23F00203 		bic	r3, r3, #2
 465 0008 1360     		str	r3, [r2]
 423:Src/Drivers/STM32F4xx_HAL_Driver/Src/stm32f4xx_hal.c **** }
 466              		.loc 1 423 0
 467 000a 7047     		bx	lr
 468              	.L45:
 469              		.align	2
 470              	.L44:
 471 000c 10E000E0 		.word	-536813552
 472              		.cfi_endproc
 473              	.LFE137:
 475              		.section	.text.HAL_ResumeTick,"ax",%progbits
 476              		.align	1
 477              		.weak	HAL_ResumeTick
 478              		.syntax unified
 479              		.thumb
 480              		.thumb_func
 481              		.fpu fpv4-sp-d16
 483              	HAL_ResumeTick:
 484              	.LFB138:
 424:Src/Drivers/STM32F4xx_HAL_Driver/Src/stm32f4xx_hal.c **** 
 425:Src/Drivers/STM32F4xx_HAL_Driver/Src/stm32f4xx_hal.c **** /**
 426:Src/Drivers/STM32F4xx_HAL_Driver/Src/stm32f4xx_hal.c ****   * @brief Resume Tick increment.
 427:Src/Drivers/STM32F4xx_HAL_Driver/Src/stm32f4xx_hal.c ****   * @note In the default implementation , SysTick timer is the source of time base. It is
 428:Src/Drivers/STM32F4xx_HAL_Driver/Src/stm32f4xx_hal.c ****   *       used to generate interrupts at regular time intervals. Once HAL_ResumeTick()
 429:Src/Drivers/STM32F4xx_HAL_Driver/Src/stm32f4xx_hal.c ****   *       is called, the SysTick interrupt will be enabled and so Tick increment 
ARM GAS  C:\Users\RodrigWi\AppData\Local\Temp\cc7TsLuv.s 			page 17


 430:Src/Drivers/STM32F4xx_HAL_Driver/Src/stm32f4xx_hal.c ****   *       is resumed.
 431:Src/Drivers/STM32F4xx_HAL_Driver/Src/stm32f4xx_hal.c ****   * @note This function is declared as __weak to be overwritten in case of other
 432:Src/Drivers/STM32F4xx_HAL_Driver/Src/stm32f4xx_hal.c ****   *       implementations in user file.
 433:Src/Drivers/STM32F4xx_HAL_Driver/Src/stm32f4xx_hal.c ****   * @retval None
 434:Src/Drivers/STM32F4xx_HAL_Driver/Src/stm32f4xx_hal.c ****   */
 435:Src/Drivers/STM32F4xx_HAL_Driver/Src/stm32f4xx_hal.c **** __weak void HAL_ResumeTick(void)
 436:Src/Drivers/STM32F4xx_HAL_Driver/Src/stm32f4xx_hal.c **** {
 485              		.loc 1 436 0
 486              		.cfi_startproc
 487              		@ args = 0, pretend = 0, frame = 0
 488              		@ frame_needed = 0, uses_anonymous_args = 0
 489              		@ link register save eliminated.
 437:Src/Drivers/STM32F4xx_HAL_Driver/Src/stm32f4xx_hal.c ****   /* Enable SysTick Interrupt */
 438:Src/Drivers/STM32F4xx_HAL_Driver/Src/stm32f4xx_hal.c ****   SysTick->CTRL  |= SysTick_CTRL_TICKINT_Msk;
 490              		.loc 1 438 0
 491 0000 024A     		ldr	r2, .L47
 492 0002 1368     		ldr	r3, [r2]
 493 0004 43F00203 		orr	r3, r3, #2
 494 0008 1360     		str	r3, [r2]
 439:Src/Drivers/STM32F4xx_HAL_Driver/Src/stm32f4xx_hal.c **** }
 495              		.loc 1 439 0
 496 000a 7047     		bx	lr
 497              	.L48:
 498              		.align	2
 499              	.L47:
 500 000c 10E000E0 		.word	-536813552
 501              		.cfi_endproc
 502              	.LFE138:
 504              		.section	.text.HAL_GetHalVersion,"ax",%progbits
 505              		.align	1
 506              		.global	HAL_GetHalVersion
 507              		.syntax unified
 508              		.thumb
 509              		.thumb_func
 510              		.fpu fpv4-sp-d16
 512              	HAL_GetHalVersion:
 513              	.LFB139:
 440:Src/Drivers/STM32F4xx_HAL_Driver/Src/stm32f4xx_hal.c **** 
 441:Src/Drivers/STM32F4xx_HAL_Driver/Src/stm32f4xx_hal.c **** /**
 442:Src/Drivers/STM32F4xx_HAL_Driver/Src/stm32f4xx_hal.c ****   * @brief  Returns the HAL revision
 443:Src/Drivers/STM32F4xx_HAL_Driver/Src/stm32f4xx_hal.c ****   * @retval version : 0xXYZR (8bits for each decimal, R for RC)
 444:Src/Drivers/STM32F4xx_HAL_Driver/Src/stm32f4xx_hal.c ****   */
 445:Src/Drivers/STM32F4xx_HAL_Driver/Src/stm32f4xx_hal.c **** uint32_t HAL_GetHalVersion(void)
 446:Src/Drivers/STM32F4xx_HAL_Driver/Src/stm32f4xx_hal.c **** {
 514              		.loc 1 446 0
 515              		.cfi_startproc
 516              		@ args = 0, pretend = 0, frame = 0
 517              		@ frame_needed = 0, uses_anonymous_args = 0
 518              		@ link register save eliminated.
 447:Src/Drivers/STM32F4xx_HAL_Driver/Src/stm32f4xx_hal.c ****   return __STM32F4xx_HAL_VERSION;
 448:Src/Drivers/STM32F4xx_HAL_Driver/Src/stm32f4xx_hal.c **** }
 519              		.loc 1 448 0
 520 0000 0048     		ldr	r0, .L50
 521 0002 7047     		bx	lr
 522              	.L51:
 523              		.align	2
 524              	.L50:
ARM GAS  C:\Users\RodrigWi\AppData\Local\Temp\cc7TsLuv.s 			page 18


 525 0004 00040701 		.word	17236992
 526              		.cfi_endproc
 527              	.LFE139:
 529              		.section	.text.HAL_GetREVID,"ax",%progbits
 530              		.align	1
 531              		.global	HAL_GetREVID
 532              		.syntax unified
 533              		.thumb
 534              		.thumb_func
 535              		.fpu fpv4-sp-d16
 537              	HAL_GetREVID:
 538              	.LFB140:
 449:Src/Drivers/STM32F4xx_HAL_Driver/Src/stm32f4xx_hal.c **** 
 450:Src/Drivers/STM32F4xx_HAL_Driver/Src/stm32f4xx_hal.c **** /**
 451:Src/Drivers/STM32F4xx_HAL_Driver/Src/stm32f4xx_hal.c ****   * @brief  Returns the device revision identifier.
 452:Src/Drivers/STM32F4xx_HAL_Driver/Src/stm32f4xx_hal.c ****   * @retval Device revision identifier
 453:Src/Drivers/STM32F4xx_HAL_Driver/Src/stm32f4xx_hal.c ****   */
 454:Src/Drivers/STM32F4xx_HAL_Driver/Src/stm32f4xx_hal.c **** uint32_t HAL_GetREVID(void)
 455:Src/Drivers/STM32F4xx_HAL_Driver/Src/stm32f4xx_hal.c **** {
 539              		.loc 1 455 0
 540              		.cfi_startproc
 541              		@ args = 0, pretend = 0, frame = 0
 542              		@ frame_needed = 0, uses_anonymous_args = 0
 543              		@ link register save eliminated.
 456:Src/Drivers/STM32F4xx_HAL_Driver/Src/stm32f4xx_hal.c ****   return((DBGMCU->IDCODE) >> 16U);
 544              		.loc 1 456 0
 545 0000 014B     		ldr	r3, .L53
 546 0002 1868     		ldr	r0, [r3]
 457:Src/Drivers/STM32F4xx_HAL_Driver/Src/stm32f4xx_hal.c **** }
 547              		.loc 1 457 0
 548 0004 000C     		lsrs	r0, r0, #16
 549 0006 7047     		bx	lr
 550              	.L54:
 551              		.align	2
 552              	.L53:
 553 0008 002004E0 		.word	-536600576
 554              		.cfi_endproc
 555              	.LFE140:
 557              		.section	.text.HAL_GetDEVID,"ax",%progbits
 558              		.align	1
 559              		.global	HAL_GetDEVID
 560              		.syntax unified
 561              		.thumb
 562              		.thumb_func
 563              		.fpu fpv4-sp-d16
 565              	HAL_GetDEVID:
 566              	.LFB141:
 458:Src/Drivers/STM32F4xx_HAL_Driver/Src/stm32f4xx_hal.c **** 
 459:Src/Drivers/STM32F4xx_HAL_Driver/Src/stm32f4xx_hal.c **** /**
 460:Src/Drivers/STM32F4xx_HAL_Driver/Src/stm32f4xx_hal.c ****   * @brief  Returns the device identifier.
 461:Src/Drivers/STM32F4xx_HAL_Driver/Src/stm32f4xx_hal.c ****   * @retval Device identifier
 462:Src/Drivers/STM32F4xx_HAL_Driver/Src/stm32f4xx_hal.c ****   */
 463:Src/Drivers/STM32F4xx_HAL_Driver/Src/stm32f4xx_hal.c **** uint32_t HAL_GetDEVID(void)
 464:Src/Drivers/STM32F4xx_HAL_Driver/Src/stm32f4xx_hal.c **** {
 567              		.loc 1 464 0
 568              		.cfi_startproc
 569              		@ args = 0, pretend = 0, frame = 0
ARM GAS  C:\Users\RodrigWi\AppData\Local\Temp\cc7TsLuv.s 			page 19


 570              		@ frame_needed = 0, uses_anonymous_args = 0
 571              		@ link register save eliminated.
 465:Src/Drivers/STM32F4xx_HAL_Driver/Src/stm32f4xx_hal.c ****   return((DBGMCU->IDCODE) & IDCODE_DEVID_MASK);
 572              		.loc 1 465 0
 573 0000 024B     		ldr	r3, .L56
 574 0002 1868     		ldr	r0, [r3]
 466:Src/Drivers/STM32F4xx_HAL_Driver/Src/stm32f4xx_hal.c **** }
 575              		.loc 1 466 0
 576 0004 C0F30B00 		ubfx	r0, r0, #0, #12
 577 0008 7047     		bx	lr
 578              	.L57:
 579 000a 00BF     		.align	2
 580              	.L56:
 581 000c 002004E0 		.word	-536600576
 582              		.cfi_endproc
 583              	.LFE141:
 585              		.section	.text.HAL_DBGMCU_EnableDBGSleepMode,"ax",%progbits
 586              		.align	1
 587              		.global	HAL_DBGMCU_EnableDBGSleepMode
 588              		.syntax unified
 589              		.thumb
 590              		.thumb_func
 591              		.fpu fpv4-sp-d16
 593              	HAL_DBGMCU_EnableDBGSleepMode:
 594              	.LFB142:
 467:Src/Drivers/STM32F4xx_HAL_Driver/Src/stm32f4xx_hal.c **** 
 468:Src/Drivers/STM32F4xx_HAL_Driver/Src/stm32f4xx_hal.c **** /**
 469:Src/Drivers/STM32F4xx_HAL_Driver/Src/stm32f4xx_hal.c ****   * @brief  Enable the Debug Module during SLEEP mode
 470:Src/Drivers/STM32F4xx_HAL_Driver/Src/stm32f4xx_hal.c ****   * @retval None
 471:Src/Drivers/STM32F4xx_HAL_Driver/Src/stm32f4xx_hal.c ****   */
 472:Src/Drivers/STM32F4xx_HAL_Driver/Src/stm32f4xx_hal.c **** void HAL_DBGMCU_EnableDBGSleepMode(void)
 473:Src/Drivers/STM32F4xx_HAL_Driver/Src/stm32f4xx_hal.c **** {
 595              		.loc 1 473 0
 596              		.cfi_startproc
 597              		@ args = 0, pretend = 0, frame = 0
 598              		@ frame_needed = 0, uses_anonymous_args = 0
 599              		@ link register save eliminated.
 474:Src/Drivers/STM32F4xx_HAL_Driver/Src/stm32f4xx_hal.c ****   SET_BIT(DBGMCU->CR, DBGMCU_CR_DBG_SLEEP);
 600              		.loc 1 474 0
 601 0000 024A     		ldr	r2, .L59
 602 0002 5368     		ldr	r3, [r2, #4]
 603 0004 43F00103 		orr	r3, r3, #1
 604 0008 5360     		str	r3, [r2, #4]
 475:Src/Drivers/STM32F4xx_HAL_Driver/Src/stm32f4xx_hal.c **** }
 605              		.loc 1 475 0
 606 000a 7047     		bx	lr
 607              	.L60:
 608              		.align	2
 609              	.L59:
 610 000c 002004E0 		.word	-536600576
 611              		.cfi_endproc
 612              	.LFE142:
 614              		.section	.text.HAL_DBGMCU_DisableDBGSleepMode,"ax",%progbits
 615              		.align	1
 616              		.global	HAL_DBGMCU_DisableDBGSleepMode
 617              		.syntax unified
 618              		.thumb
ARM GAS  C:\Users\RodrigWi\AppData\Local\Temp\cc7TsLuv.s 			page 20


 619              		.thumb_func
 620              		.fpu fpv4-sp-d16
 622              	HAL_DBGMCU_DisableDBGSleepMode:
 623              	.LFB143:
 476:Src/Drivers/STM32F4xx_HAL_Driver/Src/stm32f4xx_hal.c **** 
 477:Src/Drivers/STM32F4xx_HAL_Driver/Src/stm32f4xx_hal.c **** /**
 478:Src/Drivers/STM32F4xx_HAL_Driver/Src/stm32f4xx_hal.c ****   * @brief  Disable the Debug Module during SLEEP mode
 479:Src/Drivers/STM32F4xx_HAL_Driver/Src/stm32f4xx_hal.c ****   * @retval None
 480:Src/Drivers/STM32F4xx_HAL_Driver/Src/stm32f4xx_hal.c ****   */
 481:Src/Drivers/STM32F4xx_HAL_Driver/Src/stm32f4xx_hal.c **** void HAL_DBGMCU_DisableDBGSleepMode(void)
 482:Src/Drivers/STM32F4xx_HAL_Driver/Src/stm32f4xx_hal.c **** {
 624              		.loc 1 482 0
 625              		.cfi_startproc
 626              		@ args = 0, pretend = 0, frame = 0
 627              		@ frame_needed = 0, uses_anonymous_args = 0
 628              		@ link register save eliminated.
 483:Src/Drivers/STM32F4xx_HAL_Driver/Src/stm32f4xx_hal.c ****   CLEAR_BIT(DBGMCU->CR, DBGMCU_CR_DBG_SLEEP);
 629              		.loc 1 483 0
 630 0000 024A     		ldr	r2, .L62
 631 0002 5368     		ldr	r3, [r2, #4]
 632 0004 23F00103 		bic	r3, r3, #1
 633 0008 5360     		str	r3, [r2, #4]
 484:Src/Drivers/STM32F4xx_HAL_Driver/Src/stm32f4xx_hal.c **** }
 634              		.loc 1 484 0
 635 000a 7047     		bx	lr
 636              	.L63:
 637              		.align	2
 638              	.L62:
 639 000c 002004E0 		.word	-536600576
 640              		.cfi_endproc
 641              	.LFE143:
 643              		.section	.text.HAL_DBGMCU_EnableDBGStopMode,"ax",%progbits
 644              		.align	1
 645              		.global	HAL_DBGMCU_EnableDBGStopMode
 646              		.syntax unified
 647              		.thumb
 648              		.thumb_func
 649              		.fpu fpv4-sp-d16
 651              	HAL_DBGMCU_EnableDBGStopMode:
 652              	.LFB144:
 485:Src/Drivers/STM32F4xx_HAL_Driver/Src/stm32f4xx_hal.c **** 
 486:Src/Drivers/STM32F4xx_HAL_Driver/Src/stm32f4xx_hal.c **** /**
 487:Src/Drivers/STM32F4xx_HAL_Driver/Src/stm32f4xx_hal.c ****   * @brief  Enable the Debug Module during STOP mode
 488:Src/Drivers/STM32F4xx_HAL_Driver/Src/stm32f4xx_hal.c ****   * @retval None
 489:Src/Drivers/STM32F4xx_HAL_Driver/Src/stm32f4xx_hal.c ****   */
 490:Src/Drivers/STM32F4xx_HAL_Driver/Src/stm32f4xx_hal.c **** void HAL_DBGMCU_EnableDBGStopMode(void)
 491:Src/Drivers/STM32F4xx_HAL_Driver/Src/stm32f4xx_hal.c **** {
 653              		.loc 1 491 0
 654              		.cfi_startproc
 655              		@ args = 0, pretend = 0, frame = 0
 656              		@ frame_needed = 0, uses_anonymous_args = 0
 657              		@ link register save eliminated.
 492:Src/Drivers/STM32F4xx_HAL_Driver/Src/stm32f4xx_hal.c ****   SET_BIT(DBGMCU->CR, DBGMCU_CR_DBG_STOP);
 658              		.loc 1 492 0
 659 0000 024A     		ldr	r2, .L65
 660 0002 5368     		ldr	r3, [r2, #4]
 661 0004 43F00203 		orr	r3, r3, #2
ARM GAS  C:\Users\RodrigWi\AppData\Local\Temp\cc7TsLuv.s 			page 21


 662 0008 5360     		str	r3, [r2, #4]
 493:Src/Drivers/STM32F4xx_HAL_Driver/Src/stm32f4xx_hal.c **** }
 663              		.loc 1 493 0
 664 000a 7047     		bx	lr
 665              	.L66:
 666              		.align	2
 667              	.L65:
 668 000c 002004E0 		.word	-536600576
 669              		.cfi_endproc
 670              	.LFE144:
 672              		.section	.text.HAL_DBGMCU_DisableDBGStopMode,"ax",%progbits
 673              		.align	1
 674              		.global	HAL_DBGMCU_DisableDBGStopMode
 675              		.syntax unified
 676              		.thumb
 677              		.thumb_func
 678              		.fpu fpv4-sp-d16
 680              	HAL_DBGMCU_DisableDBGStopMode:
 681              	.LFB145:
 494:Src/Drivers/STM32F4xx_HAL_Driver/Src/stm32f4xx_hal.c **** 
 495:Src/Drivers/STM32F4xx_HAL_Driver/Src/stm32f4xx_hal.c **** /**
 496:Src/Drivers/STM32F4xx_HAL_Driver/Src/stm32f4xx_hal.c ****   * @brief  Disable the Debug Module during STOP mode
 497:Src/Drivers/STM32F4xx_HAL_Driver/Src/stm32f4xx_hal.c ****   * @retval None
 498:Src/Drivers/STM32F4xx_HAL_Driver/Src/stm32f4xx_hal.c ****   */
 499:Src/Drivers/STM32F4xx_HAL_Driver/Src/stm32f4xx_hal.c **** void HAL_DBGMCU_DisableDBGStopMode(void)
 500:Src/Drivers/STM32F4xx_HAL_Driver/Src/stm32f4xx_hal.c **** {
 682              		.loc 1 500 0
 683              		.cfi_startproc
 684              		@ args = 0, pretend = 0, frame = 0
 685              		@ frame_needed = 0, uses_anonymous_args = 0
 686              		@ link register save eliminated.
 501:Src/Drivers/STM32F4xx_HAL_Driver/Src/stm32f4xx_hal.c ****   CLEAR_BIT(DBGMCU->CR, DBGMCU_CR_DBG_STOP);
 687              		.loc 1 501 0
 688 0000 024A     		ldr	r2, .L68
 689 0002 5368     		ldr	r3, [r2, #4]
 690 0004 23F00203 		bic	r3, r3, #2
 691 0008 5360     		str	r3, [r2, #4]
 502:Src/Drivers/STM32F4xx_HAL_Driver/Src/stm32f4xx_hal.c **** }
 692              		.loc 1 502 0
 693 000a 7047     		bx	lr
 694              	.L69:
 695              		.align	2
 696              	.L68:
 697 000c 002004E0 		.word	-536600576
 698              		.cfi_endproc
 699              	.LFE145:
 701              		.section	.text.HAL_DBGMCU_EnableDBGStandbyMode,"ax",%progbits
 702              		.align	1
 703              		.global	HAL_DBGMCU_EnableDBGStandbyMode
 704              		.syntax unified
 705              		.thumb
 706              		.thumb_func
 707              		.fpu fpv4-sp-d16
 709              	HAL_DBGMCU_EnableDBGStandbyMode:
 710              	.LFB146:
 503:Src/Drivers/STM32F4xx_HAL_Driver/Src/stm32f4xx_hal.c **** 
 504:Src/Drivers/STM32F4xx_HAL_Driver/Src/stm32f4xx_hal.c **** /**
ARM GAS  C:\Users\RodrigWi\AppData\Local\Temp\cc7TsLuv.s 			page 22


 505:Src/Drivers/STM32F4xx_HAL_Driver/Src/stm32f4xx_hal.c ****   * @brief  Enable the Debug Module during STANDBY mode
 506:Src/Drivers/STM32F4xx_HAL_Driver/Src/stm32f4xx_hal.c ****   * @retval None
 507:Src/Drivers/STM32F4xx_HAL_Driver/Src/stm32f4xx_hal.c ****   */
 508:Src/Drivers/STM32F4xx_HAL_Driver/Src/stm32f4xx_hal.c **** void HAL_DBGMCU_EnableDBGStandbyMode(void)
 509:Src/Drivers/STM32F4xx_HAL_Driver/Src/stm32f4xx_hal.c **** {
 711              		.loc 1 509 0
 712              		.cfi_startproc
 713              		@ args = 0, pretend = 0, frame = 0
 714              		@ frame_needed = 0, uses_anonymous_args = 0
 715              		@ link register save eliminated.
 510:Src/Drivers/STM32F4xx_HAL_Driver/Src/stm32f4xx_hal.c ****   SET_BIT(DBGMCU->CR, DBGMCU_CR_DBG_STANDBY);
 716              		.loc 1 510 0
 717 0000 024A     		ldr	r2, .L71
 718 0002 5368     		ldr	r3, [r2, #4]
 719 0004 43F00403 		orr	r3, r3, #4
 720 0008 5360     		str	r3, [r2, #4]
 511:Src/Drivers/STM32F4xx_HAL_Driver/Src/stm32f4xx_hal.c **** }
 721              		.loc 1 511 0
 722 000a 7047     		bx	lr
 723              	.L72:
 724              		.align	2
 725              	.L71:
 726 000c 002004E0 		.word	-536600576
 727              		.cfi_endproc
 728              	.LFE146:
 730              		.section	.text.HAL_DBGMCU_DisableDBGStandbyMode,"ax",%progbits
 731              		.align	1
 732              		.global	HAL_DBGMCU_DisableDBGStandbyMode
 733              		.syntax unified
 734              		.thumb
 735              		.thumb_func
 736              		.fpu fpv4-sp-d16
 738              	HAL_DBGMCU_DisableDBGStandbyMode:
 739              	.LFB147:
 512:Src/Drivers/STM32F4xx_HAL_Driver/Src/stm32f4xx_hal.c **** 
 513:Src/Drivers/STM32F4xx_HAL_Driver/Src/stm32f4xx_hal.c **** /**
 514:Src/Drivers/STM32F4xx_HAL_Driver/Src/stm32f4xx_hal.c ****   * @brief  Disable the Debug Module during STANDBY mode
 515:Src/Drivers/STM32F4xx_HAL_Driver/Src/stm32f4xx_hal.c ****   * @retval None
 516:Src/Drivers/STM32F4xx_HAL_Driver/Src/stm32f4xx_hal.c ****   */
 517:Src/Drivers/STM32F4xx_HAL_Driver/Src/stm32f4xx_hal.c **** void HAL_DBGMCU_DisableDBGStandbyMode(void)
 518:Src/Drivers/STM32F4xx_HAL_Driver/Src/stm32f4xx_hal.c **** {
 740              		.loc 1 518 0
 741              		.cfi_startproc
 742              		@ args = 0, pretend = 0, frame = 0
 743              		@ frame_needed = 0, uses_anonymous_args = 0
 744              		@ link register save eliminated.
 519:Src/Drivers/STM32F4xx_HAL_Driver/Src/stm32f4xx_hal.c ****   CLEAR_BIT(DBGMCU->CR, DBGMCU_CR_DBG_STANDBY);
 745              		.loc 1 519 0
 746 0000 024A     		ldr	r2, .L74
 747 0002 5368     		ldr	r3, [r2, #4]
 748 0004 23F00403 		bic	r3, r3, #4
 749 0008 5360     		str	r3, [r2, #4]
 520:Src/Drivers/STM32F4xx_HAL_Driver/Src/stm32f4xx_hal.c **** }
 750              		.loc 1 520 0
 751 000a 7047     		bx	lr
 752              	.L75:
 753              		.align	2
ARM GAS  C:\Users\RodrigWi\AppData\Local\Temp\cc7TsLuv.s 			page 23


 754              	.L74:
 755 000c 002004E0 		.word	-536600576
 756              		.cfi_endproc
 757              	.LFE147:
 759              		.section	.text.HAL_EnableCompensationCell,"ax",%progbits
 760              		.align	1
 761              		.global	HAL_EnableCompensationCell
 762              		.syntax unified
 763              		.thumb
 764              		.thumb_func
 765              		.fpu fpv4-sp-d16
 767              	HAL_EnableCompensationCell:
 768              	.LFB148:
 521:Src/Drivers/STM32F4xx_HAL_Driver/Src/stm32f4xx_hal.c **** 
 522:Src/Drivers/STM32F4xx_HAL_Driver/Src/stm32f4xx_hal.c **** /**
 523:Src/Drivers/STM32F4xx_HAL_Driver/Src/stm32f4xx_hal.c ****   * @brief  Enables the I/O Compensation Cell.
 524:Src/Drivers/STM32F4xx_HAL_Driver/Src/stm32f4xx_hal.c ****   * @note   The I/O compensation cell can be used only when the device supply
 525:Src/Drivers/STM32F4xx_HAL_Driver/Src/stm32f4xx_hal.c ****   *         voltage ranges from 2.4 to 3.6 V.  
 526:Src/Drivers/STM32F4xx_HAL_Driver/Src/stm32f4xx_hal.c ****   * @retval None
 527:Src/Drivers/STM32F4xx_HAL_Driver/Src/stm32f4xx_hal.c ****   */
 528:Src/Drivers/STM32F4xx_HAL_Driver/Src/stm32f4xx_hal.c **** void HAL_EnableCompensationCell(void)
 529:Src/Drivers/STM32F4xx_HAL_Driver/Src/stm32f4xx_hal.c **** {
 769              		.loc 1 529 0
 770              		.cfi_startproc
 771              		@ args = 0, pretend = 0, frame = 0
 772              		@ frame_needed = 0, uses_anonymous_args = 0
 773              		@ link register save eliminated.
 530:Src/Drivers/STM32F4xx_HAL_Driver/Src/stm32f4xx_hal.c ****   *(__IO uint32_t *)CMPCR_CMP_PD_BB = (uint32_t)ENABLE;
 774              		.loc 1 530 0
 775 0000 014B     		ldr	r3, .L77
 776 0002 0122     		movs	r2, #1
 777 0004 1A60     		str	r2, [r3]
 531:Src/Drivers/STM32F4xx_HAL_Driver/Src/stm32f4xx_hal.c **** }
 778              		.loc 1 531 0
 779 0006 7047     		bx	lr
 780              	.L78:
 781              		.align	2
 782              	.L77:
 783 0008 00042742 		.word	1109853184
 784              		.cfi_endproc
 785              	.LFE148:
 787              		.section	.text.HAL_DisableCompensationCell,"ax",%progbits
 788              		.align	1
 789              		.global	HAL_DisableCompensationCell
 790              		.syntax unified
 791              		.thumb
 792              		.thumb_func
 793              		.fpu fpv4-sp-d16
 795              	HAL_DisableCompensationCell:
 796              	.LFB149:
 532:Src/Drivers/STM32F4xx_HAL_Driver/Src/stm32f4xx_hal.c **** 
 533:Src/Drivers/STM32F4xx_HAL_Driver/Src/stm32f4xx_hal.c **** /**
 534:Src/Drivers/STM32F4xx_HAL_Driver/Src/stm32f4xx_hal.c ****   * @brief  Power-down the I/O Compensation Cell.
 535:Src/Drivers/STM32F4xx_HAL_Driver/Src/stm32f4xx_hal.c ****   * @note   The I/O compensation cell can be used only when the device supply
 536:Src/Drivers/STM32F4xx_HAL_Driver/Src/stm32f4xx_hal.c ****   *         voltage ranges from 2.4 to 3.6 V.  
 537:Src/Drivers/STM32F4xx_HAL_Driver/Src/stm32f4xx_hal.c ****   * @retval None
 538:Src/Drivers/STM32F4xx_HAL_Driver/Src/stm32f4xx_hal.c ****   */
ARM GAS  C:\Users\RodrigWi\AppData\Local\Temp\cc7TsLuv.s 			page 24


 539:Src/Drivers/STM32F4xx_HAL_Driver/Src/stm32f4xx_hal.c **** void HAL_DisableCompensationCell(void)
 540:Src/Drivers/STM32F4xx_HAL_Driver/Src/stm32f4xx_hal.c **** {
 797              		.loc 1 540 0
 798              		.cfi_startproc
 799              		@ args = 0, pretend = 0, frame = 0
 800              		@ frame_needed = 0, uses_anonymous_args = 0
 801              		@ link register save eliminated.
 541:Src/Drivers/STM32F4xx_HAL_Driver/Src/stm32f4xx_hal.c ****   *(__IO uint32_t *)CMPCR_CMP_PD_BB = (uint32_t)DISABLE;
 802              		.loc 1 541 0
 803 0000 014B     		ldr	r3, .L80
 804 0002 0022     		movs	r2, #0
 805 0004 1A60     		str	r2, [r3]
 542:Src/Drivers/STM32F4xx_HAL_Driver/Src/stm32f4xx_hal.c **** }
 806              		.loc 1 542 0
 807 0006 7047     		bx	lr
 808              	.L81:
 809              		.align	2
 810              	.L80:
 811 0008 00042742 		.word	1109853184
 812              		.cfi_endproc
 813              	.LFE149:
 815              		.section	.text.HAL_GetUID,"ax",%progbits
 816              		.align	1
 817              		.global	HAL_GetUID
 818              		.syntax unified
 819              		.thumb
 820              		.thumb_func
 821              		.fpu fpv4-sp-d16
 823              	HAL_GetUID:
 824              	.LFB150:
 543:Src/Drivers/STM32F4xx_HAL_Driver/Src/stm32f4xx_hal.c **** 
 544:Src/Drivers/STM32F4xx_HAL_Driver/Src/stm32f4xx_hal.c **** /**
 545:Src/Drivers/STM32F4xx_HAL_Driver/Src/stm32f4xx_hal.c ****   * @brief Return the unique device identifier (UID based on 96 bits)
 546:Src/Drivers/STM32F4xx_HAL_Driver/Src/stm32f4xx_hal.c ****   * @param UID pointer to 3 words array.
 547:Src/Drivers/STM32F4xx_HAL_Driver/Src/stm32f4xx_hal.c ****   * @retval Device identifier
 548:Src/Drivers/STM32F4xx_HAL_Driver/Src/stm32f4xx_hal.c ****   */
 549:Src/Drivers/STM32F4xx_HAL_Driver/Src/stm32f4xx_hal.c **** void HAL_GetUID(uint32_t *UID)
 550:Src/Drivers/STM32F4xx_HAL_Driver/Src/stm32f4xx_hal.c **** {
 825              		.loc 1 550 0
 826              		.cfi_startproc
 827              		@ args = 0, pretend = 0, frame = 0
 828              		@ frame_needed = 0, uses_anonymous_args = 0
 829              		@ link register save eliminated.
 830              	.LVL20:
 551:Src/Drivers/STM32F4xx_HAL_Driver/Src/stm32f4xx_hal.c ****   UID[0] = (uint32_t)(READ_REG(*((uint32_t *)UID_BASE)));
 831              		.loc 1 551 0
 832 0000 044B     		ldr	r3, .L83
 833 0002 1B68     		ldr	r3, [r3]
 834 0004 0360     		str	r3, [r0]
 552:Src/Drivers/STM32F4xx_HAL_Driver/Src/stm32f4xx_hal.c ****   UID[1] = (uint32_t)(READ_REG(*((uint32_t *)(UID_BASE + 4U))));
 835              		.loc 1 552 0
 836 0006 044B     		ldr	r3, .L83+4
 837 0008 1B68     		ldr	r3, [r3]
 838 000a 4360     		str	r3, [r0, #4]
 553:Src/Drivers/STM32F4xx_HAL_Driver/Src/stm32f4xx_hal.c ****   UID[2] = (uint32_t)(READ_REG(*((uint32_t *)(UID_BASE + 8U))));
 839              		.loc 1 553 0
 840 000c 034B     		ldr	r3, .L83+8
ARM GAS  C:\Users\RodrigWi\AppData\Local\Temp\cc7TsLuv.s 			page 25


 841 000e 1B68     		ldr	r3, [r3]
 842 0010 8360     		str	r3, [r0, #8]
 554:Src/Drivers/STM32F4xx_HAL_Driver/Src/stm32f4xx_hal.c **** }
 843              		.loc 1 554 0
 844 0012 7047     		bx	lr
 845              	.L84:
 846              		.align	2
 847              	.L83:
 848 0014 107AFF1F 		.word	536836624
 849 0018 147AFF1F 		.word	536836628
 850 001c 187AFF1F 		.word	536836632
 851              		.cfi_endproc
 852              	.LFE150:
 854              		.global	uwTickFreq
 855              		.global	uwTickPrio
 856              		.comm	uwTick,4,4
 857              		.section	.data.uwTickFreq,"aw",%progbits
 858              		.set	.LANCHOR0,. + 0
 861              	uwTickFreq:
 862 0000 01       		.byte	1
 863              		.section	.data.uwTickPrio,"aw",%progbits
 864              		.align	2
 865              		.set	.LANCHOR1,. + 0
 868              	uwTickPrio:
 869 0000 10000000 		.word	16
 870              		.text
 871              	.Letext0:
 872              		.file 2 "c:\\program files (x86)\\gnu tools arm embedded\\7 2018-q2-update\\arm-none-eabi\\include
 873              		.file 3 "c:\\program files (x86)\\gnu tools arm embedded\\7 2018-q2-update\\arm-none-eabi\\include
 874              		.file 4 "Src/Drivers/CMSIS/Include/core_cm4.h"
 875              		.file 5 "Src/Drivers/CMSIS/Device/ST/STM32F4xx/Include/system_stm32f4xx.h"
 876              		.file 6 "Src/Drivers/CMSIS/Device/ST/STM32F4xx/Include/stm32f405xx.h"
 877              		.file 7 "Src/Drivers/CMSIS/Device/ST/STM32F4xx/Include/stm32f4xx.h"
 878              		.file 8 "c:\\program files (x86)\\gnu tools arm embedded\\7 2018-q2-update\\arm-none-eabi\\include
 879              		.file 9 "c:\\program files (x86)\\gnu tools arm embedded\\7 2018-q2-update\\arm-none-eabi\\include
 880              		.file 10 "c:\\program files (x86)\\gnu tools arm embedded\\7 2018-q2-update\\lib\\gcc\\arm-none-ea
 881              		.file 11 "c:\\program files (x86)\\gnu tools arm embedded\\7 2018-q2-update\\arm-none-eabi\\includ
 882              		.file 12 "Src/Drivers/STM32F4xx_HAL_Driver/Inc/stm32f4xx_hal_def.h"
 883              		.file 13 "Src/Drivers/STM32F4xx_HAL_Driver/Inc/stm32f4xx_hal.h"
 884              		.file 14 "Src/Drivers/STM32F4xx_HAL_Driver/Inc/stm32f4xx_hal_cortex.h"
ARM GAS  C:\Users\RodrigWi\AppData\Local\Temp\cc7TsLuv.s 			page 26


DEFINED SYMBOLS
                            *ABS*:00000000 stm32f4xx_hal.c
C:\Users\RodrigWi\AppData\Local\Temp\cc7TsLuv.s:18     .text.HAL_MspInit:00000000 $t
C:\Users\RodrigWi\AppData\Local\Temp\cc7TsLuv.s:25     .text.HAL_MspInit:00000000 HAL_MspInit
C:\Users\RodrigWi\AppData\Local\Temp\cc7TsLuv.s:39     .text.HAL_Init:00000000 $t
C:\Users\RodrigWi\AppData\Local\Temp\cc7TsLuv.s:46     .text.HAL_Init:00000000 HAL_Init
C:\Users\RodrigWi\AppData\Local\Temp\cc7TsLuv.s:83     .text.HAL_Init:0000002c $d
C:\Users\RodrigWi\AppData\Local\Temp\cc7TsLuv.s:88     .text.HAL_MspDeInit:00000000 $t
C:\Users\RodrigWi\AppData\Local\Temp\cc7TsLuv.s:95     .text.HAL_MspDeInit:00000000 HAL_MspDeInit
C:\Users\RodrigWi\AppData\Local\Temp\cc7TsLuv.s:108    .text.HAL_DeInit:00000000 $t
C:\Users\RodrigWi\AppData\Local\Temp\cc7TsLuv.s:115    .text.HAL_DeInit:00000000 HAL_DeInit
C:\Users\RodrigWi\AppData\Local\Temp\cc7TsLuv.s:158    .text.HAL_DeInit:00000028 $d
C:\Users\RodrigWi\AppData\Local\Temp\cc7TsLuv.s:163    .text.HAL_InitTick:00000000 $t
C:\Users\RodrigWi\AppData\Local\Temp\cc7TsLuv.s:170    .text.HAL_InitTick:00000000 HAL_InitTick
C:\Users\RodrigWi\AppData\Local\Temp\cc7TsLuv.s:224    .text.HAL_InitTick:00000040 $d
C:\Users\RodrigWi\AppData\Local\Temp\cc7TsLuv.s:231    .text.HAL_IncTick:00000000 $t
C:\Users\RodrigWi\AppData\Local\Temp\cc7TsLuv.s:238    .text.HAL_IncTick:00000000 HAL_IncTick
C:\Users\RodrigWi\AppData\Local\Temp\cc7TsLuv.s:257    .text.HAL_IncTick:00000010 $d
                            *COM*:00000004 uwTick
C:\Users\RodrigWi\AppData\Local\Temp\cc7TsLuv.s:263    .text.HAL_GetTick:00000000 $t
C:\Users\RodrigWi\AppData\Local\Temp\cc7TsLuv.s:270    .text.HAL_GetTick:00000000 HAL_GetTick
C:\Users\RodrigWi\AppData\Local\Temp\cc7TsLuv.s:285    .text.HAL_GetTick:00000008 $d
C:\Users\RodrigWi\AppData\Local\Temp\cc7TsLuv.s:290    .text.HAL_GetTickPrio:00000000 $t
C:\Users\RodrigWi\AppData\Local\Temp\cc7TsLuv.s:297    .text.HAL_GetTickPrio:00000000 HAL_GetTickPrio
C:\Users\RodrigWi\AppData\Local\Temp\cc7TsLuv.s:311    .text.HAL_GetTickPrio:00000008 $d
C:\Users\RodrigWi\AppData\Local\Temp\cc7TsLuv.s:316    .text.HAL_SetTickFreq:00000000 $t
C:\Users\RodrigWi\AppData\Local\Temp\cc7TsLuv.s:323    .text.HAL_SetTickFreq:00000000 HAL_SetTickFreq
C:\Users\RodrigWi\AppData\Local\Temp\cc7TsLuv.s:362    .text.HAL_SetTickFreq:0000001c $d
C:\Users\RodrigWi\AppData\Local\Temp\cc7TsLuv.s:368    .text.HAL_GetTickFreq:00000000 $t
C:\Users\RodrigWi\AppData\Local\Temp\cc7TsLuv.s:375    .text.HAL_GetTickFreq:00000000 HAL_GetTickFreq
C:\Users\RodrigWi\AppData\Local\Temp\cc7TsLuv.s:389    .text.HAL_GetTickFreq:00000008 $d
C:\Users\RodrigWi\AppData\Local\Temp\cc7TsLuv.s:394    .text.HAL_Delay:00000000 $t
C:\Users\RodrigWi\AppData\Local\Temp\cc7TsLuv.s:401    .text.HAL_Delay:00000000 HAL_Delay
C:\Users\RodrigWi\AppData\Local\Temp\cc7TsLuv.s:442    .text.HAL_Delay:00000024 $d
C:\Users\RodrigWi\AppData\Local\Temp\cc7TsLuv.s:447    .text.HAL_SuspendTick:00000000 $t
C:\Users\RodrigWi\AppData\Local\Temp\cc7TsLuv.s:454    .text.HAL_SuspendTick:00000000 HAL_SuspendTick
C:\Users\RodrigWi\AppData\Local\Temp\cc7TsLuv.s:471    .text.HAL_SuspendTick:0000000c $d
C:\Users\RodrigWi\AppData\Local\Temp\cc7TsLuv.s:476    .text.HAL_ResumeTick:00000000 $t
C:\Users\RodrigWi\AppData\Local\Temp\cc7TsLuv.s:483    .text.HAL_ResumeTick:00000000 HAL_ResumeTick
C:\Users\RodrigWi\AppData\Local\Temp\cc7TsLuv.s:500    .text.HAL_ResumeTick:0000000c $d
C:\Users\RodrigWi\AppData\Local\Temp\cc7TsLuv.s:505    .text.HAL_GetHalVersion:00000000 $t
C:\Users\RodrigWi\AppData\Local\Temp\cc7TsLuv.s:512    .text.HAL_GetHalVersion:00000000 HAL_GetHalVersion
C:\Users\RodrigWi\AppData\Local\Temp\cc7TsLuv.s:525    .text.HAL_GetHalVersion:00000004 $d
C:\Users\RodrigWi\AppData\Local\Temp\cc7TsLuv.s:530    .text.HAL_GetREVID:00000000 $t
C:\Users\RodrigWi\AppData\Local\Temp\cc7TsLuv.s:537    .text.HAL_GetREVID:00000000 HAL_GetREVID
C:\Users\RodrigWi\AppData\Local\Temp\cc7TsLuv.s:553    .text.HAL_GetREVID:00000008 $d
C:\Users\RodrigWi\AppData\Local\Temp\cc7TsLuv.s:558    .text.HAL_GetDEVID:00000000 $t
C:\Users\RodrigWi\AppData\Local\Temp\cc7TsLuv.s:565    .text.HAL_GetDEVID:00000000 HAL_GetDEVID
C:\Users\RodrigWi\AppData\Local\Temp\cc7TsLuv.s:581    .text.HAL_GetDEVID:0000000c $d
C:\Users\RodrigWi\AppData\Local\Temp\cc7TsLuv.s:586    .text.HAL_DBGMCU_EnableDBGSleepMode:00000000 $t
C:\Users\RodrigWi\AppData\Local\Temp\cc7TsLuv.s:593    .text.HAL_DBGMCU_EnableDBGSleepMode:00000000 HAL_DBGMCU_EnableDBGSleepMode
C:\Users\RodrigWi\AppData\Local\Temp\cc7TsLuv.s:610    .text.HAL_DBGMCU_EnableDBGSleepMode:0000000c $d
C:\Users\RodrigWi\AppData\Local\Temp\cc7TsLuv.s:615    .text.HAL_DBGMCU_DisableDBGSleepMode:00000000 $t
C:\Users\RodrigWi\AppData\Local\Temp\cc7TsLuv.s:622    .text.HAL_DBGMCU_DisableDBGSleepMode:00000000 HAL_DBGMCU_DisableDBGSleepMode
C:\Users\RodrigWi\AppData\Local\Temp\cc7TsLuv.s:639    .text.HAL_DBGMCU_DisableDBGSleepMode:0000000c $d
C:\Users\RodrigWi\AppData\Local\Temp\cc7TsLuv.s:644    .text.HAL_DBGMCU_EnableDBGStopMode:00000000 $t
C:\Users\RodrigWi\AppData\Local\Temp\cc7TsLuv.s:651    .text.HAL_DBGMCU_EnableDBGStopMode:00000000 HAL_DBGMCU_EnableDBGStopMode
ARM GAS  C:\Users\RodrigWi\AppData\Local\Temp\cc7TsLuv.s 			page 27


C:\Users\RodrigWi\AppData\Local\Temp\cc7TsLuv.s:668    .text.HAL_DBGMCU_EnableDBGStopMode:0000000c $d
C:\Users\RodrigWi\AppData\Local\Temp\cc7TsLuv.s:673    .text.HAL_DBGMCU_DisableDBGStopMode:00000000 $t
C:\Users\RodrigWi\AppData\Local\Temp\cc7TsLuv.s:680    .text.HAL_DBGMCU_DisableDBGStopMode:00000000 HAL_DBGMCU_DisableDBGStopMode
C:\Users\RodrigWi\AppData\Local\Temp\cc7TsLuv.s:697    .text.HAL_DBGMCU_DisableDBGStopMode:0000000c $d
C:\Users\RodrigWi\AppData\Local\Temp\cc7TsLuv.s:702    .text.HAL_DBGMCU_EnableDBGStandbyMode:00000000 $t
C:\Users\RodrigWi\AppData\Local\Temp\cc7TsLuv.s:709    .text.HAL_DBGMCU_EnableDBGStandbyMode:00000000 HAL_DBGMCU_EnableDBGStandbyMode
C:\Users\RodrigWi\AppData\Local\Temp\cc7TsLuv.s:726    .text.HAL_DBGMCU_EnableDBGStandbyMode:0000000c $d
C:\Users\RodrigWi\AppData\Local\Temp\cc7TsLuv.s:731    .text.HAL_DBGMCU_DisableDBGStandbyMode:00000000 $t
C:\Users\RodrigWi\AppData\Local\Temp\cc7TsLuv.s:738    .text.HAL_DBGMCU_DisableDBGStandbyMode:00000000 HAL_DBGMCU_DisableDBGStandbyMode
C:\Users\RodrigWi\AppData\Local\Temp\cc7TsLuv.s:755    .text.HAL_DBGMCU_DisableDBGStandbyMode:0000000c $d
C:\Users\RodrigWi\AppData\Local\Temp\cc7TsLuv.s:760    .text.HAL_EnableCompensationCell:00000000 $t
C:\Users\RodrigWi\AppData\Local\Temp\cc7TsLuv.s:767    .text.HAL_EnableCompensationCell:00000000 HAL_EnableCompensationCell
C:\Users\RodrigWi\AppData\Local\Temp\cc7TsLuv.s:783    .text.HAL_EnableCompensationCell:00000008 $d
C:\Users\RodrigWi\AppData\Local\Temp\cc7TsLuv.s:788    .text.HAL_DisableCompensationCell:00000000 $t
C:\Users\RodrigWi\AppData\Local\Temp\cc7TsLuv.s:795    .text.HAL_DisableCompensationCell:00000000 HAL_DisableCompensationCell
C:\Users\RodrigWi\AppData\Local\Temp\cc7TsLuv.s:811    .text.HAL_DisableCompensationCell:00000008 $d
C:\Users\RodrigWi\AppData\Local\Temp\cc7TsLuv.s:816    .text.HAL_GetUID:00000000 $t
C:\Users\RodrigWi\AppData\Local\Temp\cc7TsLuv.s:823    .text.HAL_GetUID:00000000 HAL_GetUID
C:\Users\RodrigWi\AppData\Local\Temp\cc7TsLuv.s:848    .text.HAL_GetUID:00000014 $d
C:\Users\RodrigWi\AppData\Local\Temp\cc7TsLuv.s:861    .data.uwTickFreq:00000000 uwTickFreq
C:\Users\RodrigWi\AppData\Local\Temp\cc7TsLuv.s:868    .data.uwTickPrio:00000000 uwTickPrio
C:\Users\RodrigWi\AppData\Local\Temp\cc7TsLuv.s:864    .data.uwTickPrio:00000000 $d

UNDEFINED SYMBOLS
HAL_NVIC_SetPriorityGrouping
HAL_SYSTICK_Config
HAL_NVIC_SetPriority
SystemCoreClock
